<?xml version="1.0" encoding="UTF-8"?>
<coverage generated="1671018904649" clover="3.2.0">
  <project timestamp="1671018904650" name="All files">
    <metrics statements="5282" coveredstatements="3458" conditionals="2625" coveredconditionals="1471" methods="1664" coveredmethods="863" elements="9571" coveredelements="5792" complexity="0" loc="5282" ncloc="5282" packages="167" files="391" classes="391"/>
    <package name="duelme-app">
      <metrics statements="8" coveredstatements="5" conditionals="2" coveredconditionals="0" methods="2" coveredmethods="0"/>
      <file name="App.js" path="/Users/mac/Documents/Projects/duelme-app/App.js">
        <metrics statements="8" coveredstatements="5" conditionals="2" coveredconditionals="0" methods="2" coveredmethods="0"/>
        <line num="34" count="1" type="stmt"/>
        <line num="42" count="1" type="stmt"/>
        <line num="44" count="1" type="stmt"/>
        <line num="46" count="1" type="stmt"/>
        <line num="47" count="1" type="stmt"/>
        <line num="50" count="0" type="stmt"/>
        <line num="51" count="0" type="stmt"/>
        <line num="56" count="0" type="stmt"/>
      </file>
    </package>
    <package name="duelme-app.src">
      <metrics statements="75" coveredstatements="3" conditionals="45" coveredconditionals="0" methods="15" coveredmethods="0"/>
      <file name="mainNavigator.js" path="/Users/mac/Documents/Projects/duelme-app/src/mainNavigator.js">
        <metrics statements="75" coveredstatements="3" conditionals="45" coveredconditionals="0" methods="15" coveredmethods="0"/>
        <line num="56" count="1" type="stmt"/>
        <line num="58" count="1" type="stmt"/>
        <line num="69" count="1" type="stmt"/>
        <line num="70" count="0" type="stmt"/>
        <line num="71" count="0" type="stmt"/>
        <line num="72" count="0" type="stmt"/>
        <line num="73" count="0" type="stmt"/>
        <line num="74" count="0" type="stmt"/>
        <line num="75" count="0" type="stmt"/>
        <line num="76" count="0" type="stmt"/>
        <line num="77" count="0" type="stmt"/>
        <line num="78" count="0" type="stmt"/>
        <line num="79" count="0" type="stmt"/>
        <line num="81" count="0" type="stmt"/>
        <line num="82" count="0" type="cond" truecount="0" falsecount="4"/>
        <line num="83" count="0" type="stmt"/>
        <line num="84" count="0" type="stmt"/>
        <line num="85" count="0" type="stmt"/>
        <line num="86" count="0" type="stmt"/>
        <line num="87" count="0" type="stmt"/>
        <line num="88" count="0" type="stmt"/>
        <line num="89" count="0" type="stmt"/>
        <line num="92" count="0" type="stmt"/>
        <line num="93" count="0" type="cond" truecount="0" falsecount="2"/>
        <line num="94" count="0" type="stmt"/>
        <line num="96" count="0" type="stmt"/>
        <line num="97" count="0" type="cond" truecount="0" falsecount="2"/>
        <line num="98" count="0" type="stmt"/>
        <line num="99" count="0" type="cond" truecount="0" falsecount="2"/>
        <line num="100" count="0" type="stmt"/>
        <line num="101" count="0" type="cond" truecount="0" falsecount="2"/>
        <line num="102" count="0" type="stmt"/>
        <line num="108" count="0" type="stmt"/>
        <line num="109" count="0" type="cond" truecount="0" falsecount="2"/>
        <line num="110" count="0" type="stmt"/>
        <line num="114" count="0" type="stmt"/>
        <line num="115" count="0" type="stmt"/>
        <line num="116" count="0" type="stmt"/>
        <line num="117" count="0" type="cond" truecount="0" falsecount="2"/>
        <line num="118" count="0" type="stmt"/>
        <line num="123" count="0" type="stmt"/>
        <line num="124" count="0" type="cond" truecount="0" falsecount="2"/>
        <line num="125" count="0" type="stmt"/>
        <line num="126" count="0" type="cond" truecount="0" falsecount="4"/>
        <line num="127" count="0" type="stmt"/>
        <line num="132" count="0" type="stmt"/>
        <line num="133" count="0" type="stmt"/>
        <line num="134" count="0" type="stmt"/>
        <line num="135" count="0" type="stmt"/>
        <line num="136" count="0" type="cond" truecount="0" falsecount="2"/>
        <line num="137" count="0" type="stmt"/>
        <line num="141" count="0" type="stmt"/>
        <line num="142" count="0" type="cond" truecount="0" falsecount="2"/>
        <line num="143" count="0" type="stmt"/>
        <line num="147" count="0" type="stmt"/>
        <line num="148" count="0" type="cond" truecount="0" falsecount="2"/>
        <line num="149" count="0" type="stmt"/>
        <line num="153" count="0" type="stmt"/>
        <line num="154" count="0" type="cond" truecount="0" falsecount="5"/>
        <line num="155" count="0" type="stmt"/>
        <line num="156" count="0" type="stmt"/>
        <line num="160" count="0" type="stmt"/>
        <line num="161" count="0" type="stmt"/>
        <line num="162" count="0" type="stmt"/>
        <line num="163" count="0" type="cond" truecount="0" falsecount="2"/>
        <line num="164" count="0" type="stmt"/>
        <line num="171" count="0" type="cond" truecount="0" falsecount="2"/>
        <line num="181" count="0" type="stmt"/>
        <line num="182" count="0" type="stmt"/>
        <line num="183" count="0" type="stmt"/>
        <line num="184" count="0" type="cond" truecount="0" falsecount="2"/>
        <line num="187" count="0" type="stmt"/>
        <line num="188" count="0" type="stmt"/>
        <line num="189" count="0" type="stmt"/>
        <line num="192" count="0" type="stmt"/>
      </file>
    </package>
    <package name="duelme-app.src.app">
      <metrics statements="59" coveredstatements="14" conditionals="47" coveredconditionals="2" methods="14" coveredmethods="5"/>
      <file name="NotificationsHandler.js" path="/Users/mac/Documents/Projects/duelme-app/src/app/NotificationsHandler.js">
        <metrics statements="29" coveredstatements="1" conditionals="30" coveredconditionals="0" methods="8" coveredmethods="0"/>
        <line num="5" count="1" type="stmt"/>
        <line num="9" count="0" type="stmt"/>
        <line num="10" count="0" type="stmt"/>
        <line num="11" count="0" type="stmt"/>
        <line num="12" count="0" type="stmt"/>
        <line num="14" count="0" type="stmt"/>
        <line num="15" count="0" type="stmt"/>
        <line num="17" count="0" type="stmt"/>
        <line num="20" count="0" type="stmt"/>
        <line num="22" count="0" type="stmt"/>
        <line num="23" count="0" type="stmt"/>
        <line num="25" count="0" type="stmt"/>
        <line num="28" count="0" type="stmt"/>
        <line num="31" count="0" type="cond" truecount="0" falsecount="4"/>
        <line num="32" count="0" type="cond" truecount="0" falsecount="2"/>
        <line num="33" count="0" type="stmt"/>
        <line num="34" count="0" type="cond" truecount="0" falsecount="2"/>
        <line num="39" count="0" type="stmt"/>
        <line num="40" count="0" type="cond" truecount="0" falsecount="2"/>
        <line num="44" count="0" type="stmt"/>
        <line num="48" count="0" type="cond" truecount="0" falsecount="2"/>
        <line num="55" count="0" type="stmt"/>
        <line num="56" count="0" type="cond" truecount="0" falsecount="2"/>
        <line num="57" count="0" type="stmt"/>
        <line num="58" count="0" type="cond" truecount="0" falsecount="2"/>
        <line num="59" count="0" type="stmt"/>
        <line num="64" count="0" type="cond" truecount="0" falsecount="2"/>
        <line num="68" count="0" type="stmt"/>
        <line num="72" count="0" type="stmt"/>
      </file>
      <file name="axiosConfig.js" path="/Users/mac/Documents/Projects/duelme-app/src/app/axiosConfig.js">
        <metrics statements="19" coveredstatements="2" conditionals="15" coveredconditionals="0" methods="2" coveredmethods="1"/>
        <line num="5" count="472" type="stmt"/>
        <line num="8" count="0" type="stmt"/>
        <line num="10" count="0" type="cond" truecount="0" falsecount="4"/>
        <line num="11" count="0" type="stmt"/>
        <line num="12" count="0" type="stmt"/>
        <line num="13" count="0" type="stmt"/>
        <line num="16" count="0" type="cond" truecount="0" falsecount="2"/>
        <line num="17" count="0" type="stmt"/>
        <line num="20" count="0" type="cond" truecount="0" falsecount="2"/>
        <line num="21" count="0" type="stmt"/>
        <line num="24" count="0" type="cond" truecount="0" falsecount="5"/>
        <line num="26" count="0" type="stmt"/>
        <line num="27" count="0" type="stmt"/>
        <line num="28" count="0" type="stmt"/>
        <line num="29" count="0" type="stmt"/>
        <line num="31" count="0" type="cond" truecount="0" falsecount="2"/>
        <line num="32" count="0" type="stmt"/>
        <line num="34" count="0" type="stmt"/>
        <line num="39" count="472" type="stmt"/>
      </file>
      <file name="rootReducer.js" path="/Users/mac/Documents/Projects/duelme-app/src/app/rootReducer.js">
        <metrics statements="8" coveredstatements="8" conditionals="2" coveredconditionals="2" methods="2" coveredmethods="2"/>
        <line num="35" count="70" type="stmt"/>
        <line num="36" count="472" type="stmt"/>
        <line num="69" count="472" type="stmt"/>
        <line num="70" count="1012" type="cond" truecount="2" falsecount="0"/>
        <line num="71" count="1" type="stmt"/>
        <line num="72" count="1" type="stmt"/>
        <line num="74" count="1012" type="stmt"/>
        <line num="75" count="1005" type="stmt"/>
      </file>
      <file name="store.js" path="/Users/mac/Documents/Projects/duelme-app/src/app/store.js">
        <metrics statements="3" coveredstatements="3" conditionals="0" coveredconditionals="0" methods="2" coveredmethods="2"/>
        <line num="6" count="70" type="stmt"/>
        <line num="7" count="472" type="stmt"/>
        <line num="11" count="472" type="stmt"/>
      </file>
    </package>
    <package name="duelme-app.src.app.middlewares.socket">
      <metrics statements="54" coveredstatements="16" conditionals="15" coveredconditionals="3" methods="17" coveredmethods="4"/>
      <file name="actions.js" path="/Users/mac/Documents/Projects/duelme-app/src/app/middlewares/socket/actions.js">
        <metrics statements="9" coveredstatements="4" conditionals="0" coveredconditionals="0" methods="5" coveredmethods="0"/>
        <line num="1" count="70" type="stmt"/>
        <line num="2" count="0" type="stmt"/>
        <line num="3" count="0" type="stmt"/>
        <line num="4" count="0" type="stmt"/>
        <line num="5" count="0" type="stmt"/>
        <line num="6" count="0" type="stmt"/>
        <line num="10" count="70" type="stmt"/>
        <line num="18" count="70" type="stmt"/>
        <line num="26" count="70" type="stmt"/>
      </file>
      <file name="middleware.js" path="/Users/mac/Documents/Projects/duelme-app/src/app/middlewares/socket/middleware.js">
        <metrics statements="45" coveredstatements="12" conditionals="15" coveredconditionals="3" methods="12" coveredmethods="4"/>
        <line num="13" count="70" type="stmt"/>
        <line num="14" count="472" type="stmt"/>
        <line num="16" count="472" type="stmt"/>
        <line num="17" count="0" type="stmt"/>
        <line num="20" count="472" type="stmt"/>
        <line num="21" count="0" type="stmt"/>
        <line num="22" count="0" type="stmt"/>
        <line num="23" count="0" type="stmt"/>
        <line num="26" count="472" type="stmt"/>
        <line num="27" count="0" type="stmt"/>
        <line num="28" count="0" type="stmt"/>
        <line num="31" count="472" type="stmt"/>
        <line num="32" count="0" type="stmt"/>
        <line num="33" count="0" type="stmt"/>
        <line num="37" count="472" type="stmt"/>
        <line num="38" count="541" type="cond" truecount="2" falsecount="5"/>
        <line num="40" count="0" type="stmt"/>
        <line num="41" count="0" type="cond" truecount="0" falsecount="2"/>
        <line num="42" count="0" type="stmt"/>
        <line num="44" count="0" type="stmt"/>
        <line num="58" count="0" type="stmt"/>
        <line num="59" count="0" type="stmt"/>
        <line num="60" count="0" type="stmt"/>
        <line num="61" count="0" type="stmt"/>
        <line num="62" count="0" type="stmt"/>
        <line num="65" count="0" type="stmt"/>
        <line num="66" count="0" type="cond" truecount="0" falsecount="2"/>
        <line num="67" count="0" type="stmt"/>
        <line num="68" count="0" type="stmt"/>
        <line num="70" count="0" type="stmt"/>
        <line num="71" count="0" type="stmt"/>
        <line num="77" count="0" type="stmt"/>
        <line num="80" count="0" type="stmt"/>
        <line num="81" count="0" type="cond" truecount="0" falsecount="2"/>
        <line num="82" count="0" type="stmt"/>
        <line num="84" count="0" type="stmt"/>
        <line num="87" count="1" type="cond" truecount="1" falsecount="1"/>
        <line num="88" count="0" type="stmt"/>
        <line num="90" count="1" type="stmt"/>
        <line num="91" count="1" type="stmt"/>
        <line num="94" count="0" type="stmt"/>
        <line num="95" count="0" type="stmt"/>
        <line num="99" count="0" type="stmt"/>
        <line num="102" count="0" type="stmt"/>
        <line num="105" count="540" type="stmt"/>
      </file>
    </package>
    <package name="duelme-app.src.app.reducers">
      <metrics statements="31" coveredstatements="8" conditionals="6" coveredconditionals="0" methods="16" coveredmethods="1"/>
      <file name="asyncNavigatorReducer.js" path="/Users/mac/Documents/Projects/duelme-app/src/app/reducers/asyncNavigatorReducer.js">
        <metrics statements="9" coveredstatements="5" conditionals="0" coveredconditionals="0" methods="4" coveredmethods="0"/>
        <line num="3" count="70" type="stmt"/>
        <line num="8" count="70" type="stmt"/>
        <line num="13" count="0" type="stmt"/>
        <line num="14" count="0" type="stmt"/>
        <line num="17" count="0" type="stmt"/>
        <line num="18" count="0" type="stmt"/>
        <line num="23" count="70" type="stmt"/>
        <line num="27" count="70" type="stmt"/>
        <line num="28" count="70" type="stmt"/>
      </file>
      <file name="socketMiddlewareReducer.js" path="/Users/mac/Documents/Projects/duelme-app/src/app/reducers/socketMiddlewareReducer.js">
        <metrics statements="22" coveredstatements="3" conditionals="6" coveredconditionals="0" methods="12" coveredmethods="1"/>
        <line num="14" count="70" type="stmt"/>
        <line num="16" count="70" type="stmt"/>
        <line num="20" count="70" type="stmt"/>
        <line num="22" count="0" type="cond" truecount="0" falsecount="2"/>
        <line num="24" count="0" type="stmt"/>
        <line num="29" count="0" type="stmt"/>
        <line num="35" count="0" type="cond" truecount="0" falsecount="2"/>
        <line num="37" count="0" type="stmt"/>
        <line num="42" count="0" type="stmt"/>
        <line num="48" count="0" type="stmt"/>
        <line num="55" count="0" type="stmt"/>
        <line num="67" count="0" type="stmt"/>
        <line num="68" count="0" type="stmt"/>
        <line num="71" count="0" type="stmt"/>
        <line num="72" count="0" type="stmt"/>
        <line num="78" count="0" type="stmt"/>
        <line num="79" count="0" type="stmt"/>
        <line num="94" count="0" type="stmt"/>
        <line num="95" count="0" type="cond" truecount="0" falsecount="2"/>
        <line num="96" count="0" type="stmt"/>
        <line num="102" count="0" type="stmt"/>
        <line num="103" count="0" type="stmt"/>
      </file>
    </package>
    <package name="duelme-app.src.assets">
      <metrics statements="2" coveredstatements="2" conditionals="0" coveredconditionals="0" methods="0" coveredmethods="0"/>
      <file name="checked-forgot-password.webp" path="/Users/mac/Documents/Projects/duelme-app/src/assets/checked-forgot-password.webp">
        <metrics statements="1" coveredstatements="1" conditionals="0" coveredconditionals="0" methods="0" coveredmethods="0"/>
        <line num="1" count="1" type="stmt"/>
      </file>
      <file name="forgot-password.webp" path="/Users/mac/Documents/Projects/duelme-app/src/assets/forgot-password.webp">
        <metrics statements="1" coveredstatements="1" conditionals="0" coveredconditionals="0" methods="0" coveredmethods="0"/>
        <line num="1" count="1" type="stmt"/>
      </file>
    </package>
    <package name="duelme-app.src.assets.Backgrounds">
      <metrics statements="8" coveredstatements="8" conditionals="0" coveredconditionals="0" methods="0" coveredmethods="0"/>
      <file name="background2.webp" path="/Users/mac/Documents/Projects/duelme-app/src/assets/Backgrounds/background2.webp">
        <metrics statements="1" coveredstatements="1" conditionals="0" coveredconditionals="0" methods="0" coveredmethods="0"/>
        <line num="1" count="1" type="stmt"/>
      </file>
      <file name="background3.webp" path="/Users/mac/Documents/Projects/duelme-app/src/assets/Backgrounds/background3.webp">
        <metrics statements="1" coveredstatements="1" conditionals="0" coveredconditionals="0" methods="0" coveredmethods="0"/>
        <line num="1" count="1" type="stmt"/>
      </file>
      <file name="background5.webp" path="/Users/mac/Documents/Projects/duelme-app/src/assets/Backgrounds/background5.webp">
        <metrics statements="1" coveredstatements="1" conditionals="0" coveredconditionals="0" methods="0" coveredmethods="0"/>
        <line num="1" count="1" type="stmt"/>
      </file>
      <file name="borderRect.webp" path="/Users/mac/Documents/Projects/duelme-app/src/assets/Backgrounds/borderRect.webp">
        <metrics statements="1" coveredstatements="1" conditionals="0" coveredconditionals="0" methods="0" coveredmethods="0"/>
        <line num="1" count="3" type="stmt"/>
      </file>
      <file name="cloud.webp" path="/Users/mac/Documents/Projects/duelme-app/src/assets/Backgrounds/cloud.webp">
        <metrics statements="1" coveredstatements="1" conditionals="0" coveredconditionals="0" methods="0" coveredmethods="0"/>
        <line num="1" count="1" type="stmt"/>
      </file>
      <file name="main.webp" path="/Users/mac/Documents/Projects/duelme-app/src/assets/Backgrounds/main.webp">
        <metrics statements="1" coveredstatements="1" conditionals="0" coveredconditionals="0" methods="0" coveredmethods="0"/>
        <line num="1" count="3" type="stmt"/>
      </file>
      <file name="platform.webp" path="/Users/mac/Documents/Projects/duelme-app/src/assets/Backgrounds/platform.webp">
        <metrics statements="1" coveredstatements="1" conditionals="0" coveredconditionals="0" methods="0" coveredmethods="0"/>
        <line num="1" count="4" type="stmt"/>
      </file>
      <file name="settings.webp" path="/Users/mac/Documents/Projects/duelme-app/src/assets/Backgrounds/settings.webp">
        <metrics statements="1" coveredstatements="1" conditionals="0" coveredconditionals="0" methods="0" coveredmethods="0"/>
        <line num="1" count="6" type="stmt"/>
      </file>
    </package>
    <package name="duelme-app.src.assets.Cards">
      <metrics statements="12" coveredstatements="12" conditionals="0" coveredconditionals="0" methods="0" coveredmethods="0"/>
      <file name="CSGO.webp" path="/Users/mac/Documents/Projects/duelme-app/src/assets/Cards/CSGO.webp">
        <metrics statements="1" coveredstatements="1" conditionals="0" coveredconditionals="0" methods="0" coveredmethods="0"/>
        <line num="1" count="2" type="stmt"/>
      </file>
      <file name="FIFA.webp" path="/Users/mac/Documents/Projects/duelme-app/src/assets/Cards/FIFA.webp">
        <metrics statements="1" coveredstatements="1" conditionals="0" coveredconditionals="0" methods="0" coveredmethods="0"/>
        <line num="1" count="2" type="stmt"/>
      </file>
      <file name="FIFA_23.webp" path="/Users/mac/Documents/Projects/duelme-app/src/assets/Cards/FIFA_23.webp">
        <metrics statements="1" coveredstatements="1" conditionals="0" coveredconditionals="0" methods="0" coveredmethods="0"/>
        <line num="1" count="2" type="stmt"/>
      </file>
      <file name="FORTNITE.webp" path="/Users/mac/Documents/Projects/duelme-app/src/assets/Cards/FORTNITE.webp">
        <metrics statements="1" coveredstatements="1" conditionals="0" coveredconditionals="0" methods="0" coveredmethods="0"/>
        <line num="1" count="2" type="stmt"/>
      </file>
      <file name="HEARTHSTONE.webp" path="/Users/mac/Documents/Projects/duelme-app/src/assets/Cards/HEARTHSTONE.webp">
        <metrics statements="1" coveredstatements="1" conditionals="0" coveredconditionals="0" methods="0" coveredmethods="0"/>
        <line num="1" count="2" type="stmt"/>
      </file>
      <file name="LOL.webp" path="/Users/mac/Documents/Projects/duelme-app/src/assets/Cards/LOL.webp">
        <metrics statements="1" coveredstatements="1" conditionals="0" coveredconditionals="0" methods="0" coveredmethods="0"/>
        <line num="1" count="2" type="stmt"/>
      </file>
      <file name="MADDEN.webp" path="/Users/mac/Documents/Projects/duelme-app/src/assets/Cards/MADDEN.webp">
        <metrics statements="1" coveredstatements="1" conditionals="0" coveredconditionals="0" methods="0" coveredmethods="0"/>
        <line num="1" count="2" type="stmt"/>
      </file>
      <file name="MADDEN_23.webp" path="/Users/mac/Documents/Projects/duelme-app/src/assets/Cards/MADDEN_23.webp">
        <metrics statements="1" coveredstatements="1" conditionals="0" coveredconditionals="0" methods="0" coveredmethods="0"/>
        <line num="1" count="2" type="stmt"/>
      </file>
      <file name="NBA.webp" path="/Users/mac/Documents/Projects/duelme-app/src/assets/Cards/NBA.webp">
        <metrics statements="1" coveredstatements="1" conditionals="0" coveredconditionals="0" methods="0" coveredmethods="0"/>
        <line num="1" count="2" type="stmt"/>
      </file>
      <file name="NBA_23.webp" path="/Users/mac/Documents/Projects/duelme-app/src/assets/Cards/NBA_23.webp">
        <metrics statements="1" coveredstatements="1" conditionals="0" coveredconditionals="0" methods="0" coveredmethods="0"/>
        <line num="1" count="2" type="stmt"/>
      </file>
      <file name="VANGUARD.webp" path="/Users/mac/Documents/Projects/duelme-app/src/assets/Cards/VANGUARD.webp">
        <metrics statements="1" coveredstatements="1" conditionals="0" coveredconditionals="0" methods="0" coveredmethods="0"/>
        <line num="1" count="2" type="stmt"/>
      </file>
      <file name="WARZONE.webp" path="/Users/mac/Documents/Projects/duelme-app/src/assets/Cards/WARZONE.webp">
        <metrics statements="1" coveredstatements="1" conditionals="0" coveredconditionals="0" methods="0" coveredmethods="0"/>
        <line num="1" count="2" type="stmt"/>
      </file>
    </package>
    <package name="duelme-app.src.assets.GameCharacters">
      <metrics statements="13" coveredstatements="13" conditionals="0" coveredconditionals="0" methods="0" coveredmethods="0"/>
      <file name="COD_MW_2.webp" path="/Users/mac/Documents/Projects/duelme-app/src/assets/GameCharacters/COD_MW_2.webp">
        <metrics statements="1" coveredstatements="1" conditionals="0" coveredconditionals="0" methods="0" coveredmethods="0"/>
        <line num="1" count="1" type="stmt"/>
      </file>
      <file name="COD_VANGUARD.webp" path="/Users/mac/Documents/Projects/duelme-app/src/assets/GameCharacters/COD_VANGUARD.webp">
        <metrics statements="1" coveredstatements="1" conditionals="0" coveredconditionals="0" methods="0" coveredmethods="0"/>
        <line num="1" count="1" type="stmt"/>
      </file>
      <file name="COD_WARZONE.webp" path="/Users/mac/Documents/Projects/duelme-app/src/assets/GameCharacters/COD_WARZONE.webp">
        <metrics statements="1" coveredstatements="1" conditionals="0" coveredconditionals="0" methods="0" coveredmethods="0"/>
        <line num="1" count="1" type="stmt"/>
      </file>
      <file name="CSGO.webp" path="/Users/mac/Documents/Projects/duelme-app/src/assets/GameCharacters/CSGO.webp">
        <metrics statements="1" coveredstatements="1" conditionals="0" coveredconditionals="0" methods="0" coveredmethods="0"/>
        <line num="1" count="1" type="stmt"/>
      </file>
      <file name="FIFA.webp" path="/Users/mac/Documents/Projects/duelme-app/src/assets/GameCharacters/FIFA.webp">
        <metrics statements="1" coveredstatements="1" conditionals="0" coveredconditionals="0" methods="0" coveredmethods="0"/>
        <line num="1" count="1" type="stmt"/>
      </file>
      <file name="FIFA_23.webp" path="/Users/mac/Documents/Projects/duelme-app/src/assets/GameCharacters/FIFA_23.webp">
        <metrics statements="1" coveredstatements="1" conditionals="0" coveredconditionals="0" methods="0" coveredmethods="0"/>
        <line num="1" count="1" type="stmt"/>
      </file>
      <file name="FORTNITE.webp" path="/Users/mac/Documents/Projects/duelme-app/src/assets/GameCharacters/FORTNITE.webp">
        <metrics statements="1" coveredstatements="1" conditionals="0" coveredconditionals="0" methods="0" coveredmethods="0"/>
        <line num="1" count="1" type="stmt"/>
      </file>
      <file name="HEARTHSTONE.webp" path="/Users/mac/Documents/Projects/duelme-app/src/assets/GameCharacters/HEARTHSTONE.webp">
        <metrics statements="1" coveredstatements="1" conditionals="0" coveredconditionals="0" methods="0" coveredmethods="0"/>
        <line num="1" count="1" type="stmt"/>
      </file>
      <file name="LOL.webp" path="/Users/mac/Documents/Projects/duelme-app/src/assets/GameCharacters/LOL.webp">
        <metrics statements="1" coveredstatements="1" conditionals="0" coveredconditionals="0" methods="0" coveredmethods="0"/>
        <line num="1" count="1" type="stmt"/>
      </file>
      <file name="MADDEN.webp" path="/Users/mac/Documents/Projects/duelme-app/src/assets/GameCharacters/MADDEN.webp">
        <metrics statements="1" coveredstatements="1" conditionals="0" coveredconditionals="0" methods="0" coveredmethods="0"/>
        <line num="1" count="1" type="stmt"/>
      </file>
      <file name="MADDEN_23.webp" path="/Users/mac/Documents/Projects/duelme-app/src/assets/GameCharacters/MADDEN_23.webp">
        <metrics statements="1" coveredstatements="1" conditionals="0" coveredconditionals="0" methods="0" coveredmethods="0"/>
        <line num="1" count="1" type="stmt"/>
      </file>
      <file name="NBA.webp" path="/Users/mac/Documents/Projects/duelme-app/src/assets/GameCharacters/NBA.webp">
        <metrics statements="1" coveredstatements="1" conditionals="0" coveredconditionals="0" methods="0" coveredmethods="0"/>
        <line num="1" count="1" type="stmt"/>
      </file>
      <file name="NBA_23.webp" path="/Users/mac/Documents/Projects/duelme-app/src/assets/GameCharacters/NBA_23.webp">
        <metrics statements="1" coveredstatements="1" conditionals="0" coveredconditionals="0" methods="0" coveredmethods="0"/>
        <line num="1" count="1" type="stmt"/>
      </file>
    </package>
    <package name="duelme-app.src.assets.Logos">
      <metrics statements="2" coveredstatements="2" conditionals="0" coveredconditionals="0" methods="0" coveredmethods="0"/>
      <file name="animation.gif" path="/Users/mac/Documents/Projects/duelme-app/src/assets/Logos/animation.gif">
        <metrics statements="1" coveredstatements="1" conditionals="0" coveredconditionals="0" methods="0" coveredmethods="0"/>
        <line num="1" count="7" type="stmt"/>
      </file>
      <file name="logo.webp" path="/Users/mac/Documents/Projects/duelme-app/src/assets/Logos/logo.webp">
        <metrics statements="1" coveredstatements="1" conditionals="0" coveredconditionals="0" methods="0" coveredmethods="0"/>
        <line num="1" count="3" type="stmt"/>
      </file>
    </package>
    <package name="duelme-app.src.assets.cover">
      <metrics statements="1" coveredstatements="1" conditionals="0" coveredconditionals="0" methods="0" coveredmethods="0"/>
      <file name="user-cover-image.webp" path="/Users/mac/Documents/Projects/duelme-app/src/assets/cover/user-cover-image.webp">
        <metrics statements="1" coveredstatements="1" conditionals="0" coveredconditionals="0" methods="0" coveredmethods="0"/>
        <line num="1" count="1" type="stmt"/>
      </file>
    </package>
    <package name="duelme-app.src.assets.empty.backgrounds">
      <metrics statements="4" coveredstatements="4" conditionals="0" coveredconditionals="0" methods="0" coveredmethods="0"/>
      <file name="green.webp" path="/Users/mac/Documents/Projects/duelme-app/src/assets/empty/backgrounds/green.webp">
        <metrics statements="1" coveredstatements="1" conditionals="0" coveredconditionals="0" methods="0" coveredmethods="0"/>
        <line num="1" count="4" type="stmt"/>
      </file>
      <file name="purple.webp" path="/Users/mac/Documents/Projects/duelme-app/src/assets/empty/backgrounds/purple.webp">
        <metrics statements="1" coveredstatements="1" conditionals="0" coveredconditionals="0" methods="0" coveredmethods="0"/>
        <line num="1" count="1" type="stmt"/>
      </file>
      <file name="red.webp" path="/Users/mac/Documents/Projects/duelme-app/src/assets/empty/backgrounds/red.webp">
        <metrics statements="1" coveredstatements="1" conditionals="0" coveredconditionals="0" methods="0" coveredmethods="0"/>
        <line num="1" count="1" type="stmt"/>
      </file>
      <file name="yellow.webp" path="/Users/mac/Documents/Projects/duelme-app/src/assets/empty/backgrounds/yellow.webp">
        <metrics statements="1" coveredstatements="1" conditionals="0" coveredconditionals="0" methods="0" coveredmethods="0"/>
        <line num="1" count="1" type="stmt"/>
      </file>
    </package>
    <package name="duelme-app.src.assets.empty.icons">
      <metrics statements="3" coveredstatements="3" conditionals="0" coveredconditionals="0" methods="0" coveredmethods="0"/>
      <file name="matchHistory.webp" path="/Users/mac/Documents/Projects/duelme-app/src/assets/empty/icons/matchHistory.webp">
        <metrics statements="1" coveredstatements="1" conditionals="0" coveredconditionals="0" methods="0" coveredmethods="0"/>
        <line num="1" count="1" type="stmt"/>
      </file>
      <file name="requests.webp" path="/Users/mac/Documents/Projects/duelme-app/src/assets/empty/icons/requests.webp">
        <metrics statements="1" coveredstatements="1" conditionals="0" coveredconditionals="0" methods="0" coveredmethods="0"/>
        <line num="1" count="2" type="stmt"/>
      </file>
      <file name="tournament.webp" path="/Users/mac/Documents/Projects/duelme-app/src/assets/empty/icons/tournament.webp">
        <metrics statements="1" coveredstatements="1" conditionals="0" coveredconditionals="0" methods="0" coveredmethods="0"/>
        <line num="1" count="1" type="stmt"/>
      </file>
    </package>
    <package name="duelme-app.src.assets.empty.players">
      <metrics statements="5" coveredstatements="5" conditionals="0" coveredconditionals="0" methods="0" coveredmethods="0"/>
      <file name="1.webp" path="/Users/mac/Documents/Projects/duelme-app/src/assets/empty/players/1.webp">
        <metrics statements="1" coveredstatements="1" conditionals="0" coveredconditionals="0" methods="0" coveredmethods="0"/>
        <line num="1" count="4" type="stmt"/>
      </file>
      <file name="2.webp" path="/Users/mac/Documents/Projects/duelme-app/src/assets/empty/players/2.webp">
        <metrics statements="1" coveredstatements="1" conditionals="0" coveredconditionals="0" methods="0" coveredmethods="0"/>
        <line num="1" count="4" type="stmt"/>
      </file>
      <file name="3.webp" path="/Users/mac/Documents/Projects/duelme-app/src/assets/empty/players/3.webp">
        <metrics statements="1" coveredstatements="1" conditionals="0" coveredconditionals="0" methods="0" coveredmethods="0"/>
        <line num="1" count="4" type="stmt"/>
      </file>
      <file name="4.webp" path="/Users/mac/Documents/Projects/duelme-app/src/assets/empty/players/4.webp">
        <metrics statements="1" coveredstatements="1" conditionals="0" coveredconditionals="0" methods="0" coveredmethods="0"/>
        <line num="1" count="4" type="stmt"/>
      </file>
      <file name="5.webp" path="/Users/mac/Documents/Projects/duelme-app/src/assets/empty/players/5.webp">
        <metrics statements="1" coveredstatements="1" conditionals="0" coveredconditionals="0" methods="0" coveredmethods="0"/>
        <line num="1" count="4" type="stmt"/>
      </file>
    </package>
    <package name="duelme-app.src.assets.games.cards">
      <metrics statements="13" coveredstatements="13" conditionals="0" coveredconditionals="0" methods="0" coveredmethods="0"/>
      <file name="COD_VANGUARD.webp" path="/Users/mac/Documents/Projects/duelme-app/src/assets/games/cards/COD_VANGUARD.webp">
        <metrics statements="1" coveredstatements="1" conditionals="0" coveredconditionals="0" methods="0" coveredmethods="0"/>
        <line num="1" count="2" type="stmt"/>
      </file>
      <file name="COD_WARFARE_2.webp" path="/Users/mac/Documents/Projects/duelme-app/src/assets/games/cards/COD_WARFARE_2.webp">
        <metrics statements="1" coveredstatements="1" conditionals="0" coveredconditionals="0" methods="0" coveredmethods="0"/>
        <line num="1" count="2" type="stmt"/>
      </file>
      <file name="COD_WARZONE.webp" path="/Users/mac/Documents/Projects/duelme-app/src/assets/games/cards/COD_WARZONE.webp">
        <metrics statements="1" coveredstatements="1" conditionals="0" coveredconditionals="0" methods="0" coveredmethods="0"/>
        <line num="1" count="2" type="stmt"/>
      </file>
      <file name="CSGO.webp" path="/Users/mac/Documents/Projects/duelme-app/src/assets/games/cards/CSGO.webp">
        <metrics statements="1" coveredstatements="1" conditionals="0" coveredconditionals="0" methods="0" coveredmethods="0"/>
        <line num="1" count="2" type="stmt"/>
      </file>
      <file name="FIFA_22.webp" path="/Users/mac/Documents/Projects/duelme-app/src/assets/games/cards/FIFA_22.webp">
        <metrics statements="1" coveredstatements="1" conditionals="0" coveredconditionals="0" methods="0" coveredmethods="0"/>
        <line num="1" count="2" type="stmt"/>
      </file>
      <file name="FIFA_23.webp" path="/Users/mac/Documents/Projects/duelme-app/src/assets/games/cards/FIFA_23.webp">
        <metrics statements="1" coveredstatements="1" conditionals="0" coveredconditionals="0" methods="0" coveredmethods="0"/>
        <line num="1" count="2" type="stmt"/>
      </file>
      <file name="FORTNITE.webp" path="/Users/mac/Documents/Projects/duelme-app/src/assets/games/cards/FORTNITE.webp">
        <metrics statements="1" coveredstatements="1" conditionals="0" coveredconditionals="0" methods="0" coveredmethods="0"/>
        <line num="1" count="2" type="stmt"/>
      </file>
      <file name="HEARTHSTONE.webp" path="/Users/mac/Documents/Projects/duelme-app/src/assets/games/cards/HEARTHSTONE.webp">
        <metrics statements="1" coveredstatements="1" conditionals="0" coveredconditionals="0" methods="0" coveredmethods="0"/>
        <line num="1" count="2" type="stmt"/>
      </file>
      <file name="LOL.webp" path="/Users/mac/Documents/Projects/duelme-app/src/assets/games/cards/LOL.webp">
        <metrics statements="1" coveredstatements="1" conditionals="0" coveredconditionals="0" methods="0" coveredmethods="0"/>
        <line num="1" count="2" type="stmt"/>
      </file>
      <file name="MADDEN_22.webp" path="/Users/mac/Documents/Projects/duelme-app/src/assets/games/cards/MADDEN_22.webp">
        <metrics statements="1" coveredstatements="1" conditionals="0" coveredconditionals="0" methods="0" coveredmethods="0"/>
        <line num="1" count="2" type="stmt"/>
      </file>
      <file name="MADDEN_23.webp" path="/Users/mac/Documents/Projects/duelme-app/src/assets/games/cards/MADDEN_23.webp">
        <metrics statements="1" coveredstatements="1" conditionals="0" coveredconditionals="0" methods="0" coveredmethods="0"/>
        <line num="1" count="2" type="stmt"/>
      </file>
      <file name="NBA_2K22.webp" path="/Users/mac/Documents/Projects/duelme-app/src/assets/games/cards/NBA_2K22.webp">
        <metrics statements="1" coveredstatements="1" conditionals="0" coveredconditionals="0" methods="0" coveredmethods="0"/>
        <line num="1" count="2" type="stmt"/>
      </file>
      <file name="NBA_2K23.webp" path="/Users/mac/Documents/Projects/duelme-app/src/assets/games/cards/NBA_2K23.webp">
        <metrics statements="1" coveredstatements="1" conditionals="0" coveredconditionals="0" methods="0" coveredmethods="0"/>
        <line num="1" count="2" type="stmt"/>
      </file>
    </package>
    <package name="duelme-app.src.assets.games.cover">
      <metrics statements="13" coveredstatements="13" conditionals="0" coveredconditionals="0" methods="0" coveredmethods="0"/>
      <file name="cod-mw-2-logo.webp" path="/Users/mac/Documents/Projects/duelme-app/src/assets/games/cover/cod-mw-2-logo.webp">
        <metrics statements="1" coveredstatements="1" conditionals="0" coveredconditionals="0" methods="0" coveredmethods="0"/>
        <line num="1" count="70" type="stmt"/>
      </file>
      <file name="cod-vanguard-banner-logo.webp" path="/Users/mac/Documents/Projects/duelme-app/src/assets/games/cover/cod-vanguard-banner-logo.webp">
        <metrics statements="1" coveredstatements="1" conditionals="0" coveredconditionals="0" methods="0" coveredmethods="0"/>
        <line num="1" count="70" type="stmt"/>
      </file>
      <file name="cod-warzone-banner-logo.webp" path="/Users/mac/Documents/Projects/duelme-app/src/assets/games/cover/cod-warzone-banner-logo.webp">
        <metrics statements="1" coveredstatements="1" conditionals="0" coveredconditionals="0" methods="0" coveredmethods="0"/>
        <line num="1" count="70" type="stmt"/>
      </file>
      <file name="csgo-banner-logo.webp" path="/Users/mac/Documents/Projects/duelme-app/src/assets/games/cover/csgo-banner-logo.webp">
        <metrics statements="1" coveredstatements="1" conditionals="0" coveredconditionals="0" methods="0" coveredmethods="0"/>
        <line num="1" count="70" type="stmt"/>
      </file>
      <file name="fifa-23-banner-logo.webp" path="/Users/mac/Documents/Projects/duelme-app/src/assets/games/cover/fifa-23-banner-logo.webp">
        <metrics statements="1" coveredstatements="1" conditionals="0" coveredconditionals="0" methods="0" coveredmethods="0"/>
        <line num="1" count="70" type="stmt"/>
      </file>
      <file name="fifa-banner-logo.webp" path="/Users/mac/Documents/Projects/duelme-app/src/assets/games/cover/fifa-banner-logo.webp">
        <metrics statements="1" coveredstatements="1" conditionals="0" coveredconditionals="0" methods="0" coveredmethods="0"/>
        <line num="1" count="70" type="stmt"/>
      </file>
      <file name="fortnite-banner-logo.webp" path="/Users/mac/Documents/Projects/duelme-app/src/assets/games/cover/fortnite-banner-logo.webp">
        <metrics statements="1" coveredstatements="1" conditionals="0" coveredconditionals="0" methods="0" coveredmethods="0"/>
        <line num="1" count="70" type="stmt"/>
      </file>
      <file name="hearthstone-banner-logo.webp" path="/Users/mac/Documents/Projects/duelme-app/src/assets/games/cover/hearthstone-banner-logo.webp">
        <metrics statements="1" coveredstatements="1" conditionals="0" coveredconditionals="0" methods="0" coveredmethods="0"/>
        <line num="1" count="70" type="stmt"/>
      </file>
      <file name="lol-banner-logo.webp" path="/Users/mac/Documents/Projects/duelme-app/src/assets/games/cover/lol-banner-logo.webp">
        <metrics statements="1" coveredstatements="1" conditionals="0" coveredconditionals="0" methods="0" coveredmethods="0"/>
        <line num="1" count="70" type="stmt"/>
      </file>
      <file name="madden-23-banner-logo.webp" path="/Users/mac/Documents/Projects/duelme-app/src/assets/games/cover/madden-23-banner-logo.webp">
        <metrics statements="1" coveredstatements="1" conditionals="0" coveredconditionals="0" methods="0" coveredmethods="0"/>
        <line num="1" count="70" type="stmt"/>
      </file>
      <file name="madden-banner-logo.webp" path="/Users/mac/Documents/Projects/duelme-app/src/assets/games/cover/madden-banner-logo.webp">
        <metrics statements="1" coveredstatements="1" conditionals="0" coveredconditionals="0" methods="0" coveredmethods="0"/>
        <line num="1" count="70" type="stmt"/>
      </file>
      <file name="nba-23-banner-logo.webp" path="/Users/mac/Documents/Projects/duelme-app/src/assets/games/cover/nba-23-banner-logo.webp">
        <metrics statements="1" coveredstatements="1" conditionals="0" coveredconditionals="0" methods="0" coveredmethods="0"/>
        <line num="1" count="70" type="stmt"/>
      </file>
      <file name="nba-banner-logo.webp" path="/Users/mac/Documents/Projects/duelme-app/src/assets/games/cover/nba-banner-logo.webp">
        <metrics statements="1" coveredstatements="1" conditionals="0" coveredconditionals="0" methods="0" coveredmethods="0"/>
        <line num="1" count="70" type="stmt"/>
      </file>
    </package>
    <package name="duelme-app.src.assets.games.logos">
      <metrics statements="13" coveredstatements="13" conditionals="0" coveredconditionals="0" methods="0" coveredmethods="0"/>
      <file name="cod-mw-2.webp" path="/Users/mac/Documents/Projects/duelme-app/src/assets/games/logos/cod-mw-2.webp">
        <metrics statements="1" coveredstatements="1" conditionals="0" coveredconditionals="0" methods="0" coveredmethods="0"/>
        <line num="1" count="70" type="stmt"/>
      </file>
      <file name="codvanguard-logo.webp" path="/Users/mac/Documents/Projects/duelme-app/src/assets/games/logos/codvanguard-logo.webp">
        <metrics statements="1" coveredstatements="1" conditionals="0" coveredconditionals="0" methods="0" coveredmethods="0"/>
        <line num="1" count="70" type="stmt"/>
      </file>
      <file name="codwarzone-logo.webp" path="/Users/mac/Documents/Projects/duelme-app/src/assets/games/logos/codwarzone-logo.webp">
        <metrics statements="1" coveredstatements="1" conditionals="0" coveredconditionals="0" methods="0" coveredmethods="0"/>
        <line num="1" count="70" type="stmt"/>
      </file>
      <file name="csgo-logo.webp" path="/Users/mac/Documents/Projects/duelme-app/src/assets/games/logos/csgo-logo.webp">
        <metrics statements="1" coveredstatements="1" conditionals="0" coveredconditionals="0" methods="0" coveredmethods="0"/>
        <line num="1" count="70" type="stmt"/>
      </file>
      <file name="fifa-23-logo.webp" path="/Users/mac/Documents/Projects/duelme-app/src/assets/games/logos/fifa-23-logo.webp">
        <metrics statements="1" coveredstatements="1" conditionals="0" coveredconditionals="0" methods="0" coveredmethods="0"/>
        <line num="1" count="70" type="stmt"/>
      </file>
      <file name="fifa-logo.webp" path="/Users/mac/Documents/Projects/duelme-app/src/assets/games/logos/fifa-logo.webp">
        <metrics statements="1" coveredstatements="1" conditionals="0" coveredconditionals="0" methods="0" coveredmethods="0"/>
        <line num="1" count="70" type="stmt"/>
      </file>
      <file name="fortnite-logo.webp" path="/Users/mac/Documents/Projects/duelme-app/src/assets/games/logos/fortnite-logo.webp">
        <metrics statements="1" coveredstatements="1" conditionals="0" coveredconditionals="0" methods="0" coveredmethods="0"/>
        <line num="1" count="70" type="stmt"/>
      </file>
      <file name="hearthstone-logo.webp" path="/Users/mac/Documents/Projects/duelme-app/src/assets/games/logos/hearthstone-logo.webp">
        <metrics statements="1" coveredstatements="1" conditionals="0" coveredconditionals="0" methods="0" coveredmethods="0"/>
        <line num="1" count="70" type="stmt"/>
      </file>
      <file name="league-of-legends-logo.webp" path="/Users/mac/Documents/Projects/duelme-app/src/assets/games/logos/league-of-legends-logo.webp">
        <metrics statements="1" coveredstatements="1" conditionals="0" coveredconditionals="0" methods="0" coveredmethods="0"/>
        <line num="1" count="70" type="stmt"/>
      </file>
      <file name="madden-23-logo.webp" path="/Users/mac/Documents/Projects/duelme-app/src/assets/games/logos/madden-23-logo.webp">
        <metrics statements="1" coveredstatements="1" conditionals="0" coveredconditionals="0" methods="0" coveredmethods="0"/>
        <line num="1" count="70" type="stmt"/>
      </file>
      <file name="madden-logo.webp" path="/Users/mac/Documents/Projects/duelme-app/src/assets/games/logos/madden-logo.webp">
        <metrics statements="1" coveredstatements="1" conditionals="0" coveredconditionals="0" methods="0" coveredmethods="0"/>
        <line num="1" count="70" type="stmt"/>
      </file>
      <file name="nba-23-logo.webp" path="/Users/mac/Documents/Projects/duelme-app/src/assets/games/logos/nba-23-logo.webp">
        <metrics statements="1" coveredstatements="1" conditionals="0" coveredconditionals="0" methods="0" coveredmethods="0"/>
        <line num="1" count="70" type="stmt"/>
      </file>
      <file name="nba-logo.webp" path="/Users/mac/Documents/Projects/duelme-app/src/assets/games/logos/nba-logo.webp">
        <metrics statements="1" coveredstatements="1" conditionals="0" coveredconditionals="0" methods="0" coveredmethods="0"/>
        <line num="1" count="70" type="stmt"/>
      </file>
    </package>
    <package name="duelme-app.src.assets.games.smoke">
      <metrics statements="13" coveredstatements="13" conditionals="0" coveredconditionals="0" methods="0" coveredmethods="0"/>
      <file name="COD_VANGUARD_SMOKE_EFFECT.webp" path="/Users/mac/Documents/Projects/duelme-app/src/assets/games/smoke/COD_VANGUARD_SMOKE_EFFECT.webp">
        <metrics statements="1" coveredstatements="1" conditionals="0" coveredconditionals="0" methods="0" coveredmethods="0"/>
        <line num="1" count="70" type="stmt"/>
      </file>
      <file name="COD_WARFARE_2_SMOKE_EFFECT.webp" path="/Users/mac/Documents/Projects/duelme-app/src/assets/games/smoke/COD_WARFARE_2_SMOKE_EFFECT.webp">
        <metrics statements="1" coveredstatements="1" conditionals="0" coveredconditionals="0" methods="0" coveredmethods="0"/>
        <line num="1" count="70" type="stmt"/>
      </file>
      <file name="COD_WARZONE_SMOKE_EFFECT.webp" path="/Users/mac/Documents/Projects/duelme-app/src/assets/games/smoke/COD_WARZONE_SMOKE_EFFECT.webp">
        <metrics statements="1" coveredstatements="1" conditionals="0" coveredconditionals="0" methods="0" coveredmethods="0"/>
        <line num="1" count="70" type="stmt"/>
      </file>
      <file name="CSGO_SMOKE_EFFECT.webp" path="/Users/mac/Documents/Projects/duelme-app/src/assets/games/smoke/CSGO_SMOKE_EFFECT.webp">
        <metrics statements="1" coveredstatements="1" conditionals="0" coveredconditionals="0" methods="0" coveredmethods="0"/>
        <line num="1" count="70" type="stmt"/>
      </file>
      <file name="FIFA_23_SMOKE_EFFECT.webp" path="/Users/mac/Documents/Projects/duelme-app/src/assets/games/smoke/FIFA_23_SMOKE_EFFECT.webp">
        <metrics statements="1" coveredstatements="1" conditionals="0" coveredconditionals="0" methods="0" coveredmethods="0"/>
        <line num="1" count="70" type="stmt"/>
      </file>
      <file name="FIFA_SMOKE_EFFECT.webp" path="/Users/mac/Documents/Projects/duelme-app/src/assets/games/smoke/FIFA_SMOKE_EFFECT.webp">
        <metrics statements="1" coveredstatements="1" conditionals="0" coveredconditionals="0" methods="0" coveredmethods="0"/>
        <line num="1" count="70" type="stmt"/>
      </file>
      <file name="FORTNITE_SMOKE_EFFECT.webp" path="/Users/mac/Documents/Projects/duelme-app/src/assets/games/smoke/FORTNITE_SMOKE_EFFECT.webp">
        <metrics statements="1" coveredstatements="1" conditionals="0" coveredconditionals="0" methods="0" coveredmethods="0"/>
        <line num="1" count="70" type="stmt"/>
      </file>
      <file name="HEARTSTONE_SMOKE_EFFECT.webp" path="/Users/mac/Documents/Projects/duelme-app/src/assets/games/smoke/HEARTSTONE_SMOKE_EFFECT.webp">
        <metrics statements="1" coveredstatements="1" conditionals="0" coveredconditionals="0" methods="0" coveredmethods="0"/>
        <line num="1" count="70" type="stmt"/>
      </file>
      <file name="LOL_SMOKE_EFFECT.webp" path="/Users/mac/Documents/Projects/duelme-app/src/assets/games/smoke/LOL_SMOKE_EFFECT.webp">
        <metrics statements="1" coveredstatements="1" conditionals="0" coveredconditionals="0" methods="0" coveredmethods="0"/>
        <line num="1" count="70" type="stmt"/>
      </file>
      <file name="MADDEN_23_SMOKE_EFFECT.webp" path="/Users/mac/Documents/Projects/duelme-app/src/assets/games/smoke/MADDEN_23_SMOKE_EFFECT.webp">
        <metrics statements="1" coveredstatements="1" conditionals="0" coveredconditionals="0" methods="0" coveredmethods="0"/>
        <line num="1" count="70" type="stmt"/>
      </file>
      <file name="MADDEN_SMOKE_EFFECT.webp" path="/Users/mac/Documents/Projects/duelme-app/src/assets/games/smoke/MADDEN_SMOKE_EFFECT.webp">
        <metrics statements="1" coveredstatements="1" conditionals="0" coveredconditionals="0" methods="0" coveredmethods="0"/>
        <line num="1" count="70" type="stmt"/>
      </file>
      <file name="NBA_23_SMOKE_EFFECT.webp" path="/Users/mac/Documents/Projects/duelme-app/src/assets/games/smoke/NBA_23_SMOKE_EFFECT.webp">
        <metrics statements="1" coveredstatements="1" conditionals="0" coveredconditionals="0" methods="0" coveredmethods="0"/>
        <line num="1" count="70" type="stmt"/>
      </file>
      <file name="NBA_SMOKE_EFFECT.webp" path="/Users/mac/Documents/Projects/duelme-app/src/assets/games/smoke/NBA_SMOKE_EFFECT.webp">
        <metrics statements="1" coveredstatements="1" conditionals="0" coveredconditionals="0" methods="0" coveredmethods="0"/>
        <line num="1" count="70" type="stmt"/>
      </file>
    </package>
    <package name="duelme-app.src.assets.games.smoke-characters">
      <metrics statements="13" coveredstatements="13" conditionals="0" coveredconditionals="0" methods="0" coveredmethods="0"/>
      <file name="COD_VANGUARD_CHARACTER.webp" path="/Users/mac/Documents/Projects/duelme-app/src/assets/games/smoke-characters/COD_VANGUARD_CHARACTER.webp">
        <metrics statements="1" coveredstatements="1" conditionals="0" coveredconditionals="0" methods="0" coveredmethods="0"/>
        <line num="1" count="70" type="stmt"/>
      </file>
      <file name="COD_WARFARE_2_CHARACTER.webp" path="/Users/mac/Documents/Projects/duelme-app/src/assets/games/smoke-characters/COD_WARFARE_2_CHARACTER.webp">
        <metrics statements="1" coveredstatements="1" conditionals="0" coveredconditionals="0" methods="0" coveredmethods="0"/>
        <line num="1" count="70" type="stmt"/>
      </file>
      <file name="COD_WARZONE_CHARCTER.webp" path="/Users/mac/Documents/Projects/duelme-app/src/assets/games/smoke-characters/COD_WARZONE_CHARCTER.webp">
        <metrics statements="1" coveredstatements="1" conditionals="0" coveredconditionals="0" methods="0" coveredmethods="0"/>
        <line num="1" count="70" type="stmt"/>
      </file>
      <file name="CSGO_CHARACTER_2.webp" path="/Users/mac/Documents/Projects/duelme-app/src/assets/games/smoke-characters/CSGO_CHARACTER_2.webp">
        <metrics statements="1" coveredstatements="1" conditionals="0" coveredconditionals="0" methods="0" coveredmethods="0"/>
        <line num="1" count="70" type="stmt"/>
      </file>
      <file name="FIFA_23_CHARACTER.webp" path="/Users/mac/Documents/Projects/duelme-app/src/assets/games/smoke-characters/FIFA_23_CHARACTER.webp">
        <metrics statements="1" coveredstatements="1" conditionals="0" coveredconditionals="0" methods="0" coveredmethods="0"/>
        <line num="1" count="70" type="stmt"/>
      </file>
      <file name="FIFA_CHARACTER.webp" path="/Users/mac/Documents/Projects/duelme-app/src/assets/games/smoke-characters/FIFA_CHARACTER.webp">
        <metrics statements="1" coveredstatements="1" conditionals="0" coveredconditionals="0" methods="0" coveredmethods="0"/>
        <line num="1" count="70" type="stmt"/>
      </file>
      <file name="FORTNITE_CHARACTER_2.webp" path="/Users/mac/Documents/Projects/duelme-app/src/assets/games/smoke-characters/FORTNITE_CHARACTER_2.webp">
        <metrics statements="1" coveredstatements="1" conditionals="0" coveredconditionals="0" methods="0" coveredmethods="0"/>
        <line num="1" count="70" type="stmt"/>
      </file>
      <file name="HEARTSTONE_CHARACTER.webp" path="/Users/mac/Documents/Projects/duelme-app/src/assets/games/smoke-characters/HEARTSTONE_CHARACTER.webp">
        <metrics statements="1" coveredstatements="1" conditionals="0" coveredconditionals="0" methods="0" coveredmethods="0"/>
        <line num="1" count="70" type="stmt"/>
      </file>
      <file name="LOL_CHARACTER.webp" path="/Users/mac/Documents/Projects/duelme-app/src/assets/games/smoke-characters/LOL_CHARACTER.webp">
        <metrics statements="1" coveredstatements="1" conditionals="0" coveredconditionals="0" methods="0" coveredmethods="0"/>
        <line num="1" count="70" type="stmt"/>
      </file>
      <file name="MADDEN_23_CHARACTER.webp" path="/Users/mac/Documents/Projects/duelme-app/src/assets/games/smoke-characters/MADDEN_23_CHARACTER.webp">
        <metrics statements="1" coveredstatements="1" conditionals="0" coveredconditionals="0" methods="0" coveredmethods="0"/>
        <line num="1" count="70" type="stmt"/>
      </file>
      <file name="MADDEN_CHARACTER.webp" path="/Users/mac/Documents/Projects/duelme-app/src/assets/games/smoke-characters/MADDEN_CHARACTER.webp">
        <metrics statements="1" coveredstatements="1" conditionals="0" coveredconditionals="0" methods="0" coveredmethods="0"/>
        <line num="1" count="70" type="stmt"/>
      </file>
      <file name="NBA_23_CHARACTER.webp" path="/Users/mac/Documents/Projects/duelme-app/src/assets/games/smoke-characters/NBA_23_CHARACTER.webp">
        <metrics statements="1" coveredstatements="1" conditionals="0" coveredconditionals="0" methods="0" coveredmethods="0"/>
        <line num="1" count="70" type="stmt"/>
      </file>
      <file name="NBA_CHARACTER.webp" path="/Users/mac/Documents/Projects/duelme-app/src/assets/games/smoke-characters/NBA_CHARACTER.webp">
        <metrics statements="1" coveredstatements="1" conditionals="0" coveredconditionals="0" methods="0" coveredmethods="0"/>
        <line num="1" count="70" type="stmt"/>
      </file>
    </package>
    <package name="duelme-app.src.assets.icons">
      <metrics statements="10" coveredstatements="10" conditionals="0" coveredconditionals="0" methods="0" coveredmethods="0"/>
      <file name="arrow-left.webp" path="/Users/mac/Documents/Projects/duelme-app/src/assets/icons/arrow-left.webp">
        <metrics statements="1" coveredstatements="1" conditionals="0" coveredconditionals="0" methods="0" coveredmethods="0"/>
        <line num="1" count="4" type="stmt"/>
      </file>
      <file name="diagonalLines.webp" path="/Users/mac/Documents/Projects/duelme-app/src/assets/icons/diagonalLines.webp">
        <metrics statements="1" coveredstatements="1" conditionals="0" coveredconditionals="0" methods="0" coveredmethods="0"/>
        <line num="1" count="4" type="stmt"/>
      </file>
      <file name="empty_profile.webp" path="/Users/mac/Documents/Projects/duelme-app/src/assets/icons/empty_profile.webp">
        <metrics statements="1" coveredstatements="1" conditionals="0" coveredconditionals="0" methods="0" coveredmethods="0"/>
        <line num="1" count="2" type="stmt"/>
      </file>
      <file name="exclaim.webp" path="/Users/mac/Documents/Projects/duelme-app/src/assets/icons/exclaim.webp">
        <metrics statements="1" coveredstatements="1" conditionals="0" coveredconditionals="0" methods="0" coveredmethods="0"/>
        <line num="1" count="1" type="stmt"/>
      </file>
      <file name="play-circle.webp" path="/Users/mac/Documents/Projects/duelme-app/src/assets/icons/play-circle.webp">
        <metrics statements="1" coveredstatements="1" conditionals="0" coveredconditionals="0" methods="0" coveredmethods="0"/>
        <line num="1" count="2" type="stmt"/>
      </file>
      <file name="radio.webp" path="/Users/mac/Documents/Projects/duelme-app/src/assets/icons/radio.webp">
        <metrics statements="1" coveredstatements="1" conditionals="0" coveredconditionals="0" methods="0" coveredmethods="0"/>
        <line num="1" count="2" type="stmt"/>
      </file>
      <file name="riotgames.webp" path="/Users/mac/Documents/Projects/duelme-app/src/assets/icons/riotgames.webp">
        <metrics statements="1" coveredstatements="1" conditionals="0" coveredconditionals="0" methods="0" coveredmethods="0"/>
        <line num="1" count="1" type="stmt"/>
      </file>
      <file name="star.webp" path="/Users/mac/Documents/Projects/duelme-app/src/assets/icons/star.webp">
        <metrics statements="1" coveredstatements="1" conditionals="0" coveredconditionals="0" methods="0" coveredmethods="0"/>
        <line num="1" count="2" type="stmt"/>
      </file>
      <file name="trophy-yellow.webp" path="/Users/mac/Documents/Projects/duelme-app/src/assets/icons/trophy-yellow.webp">
        <metrics statements="1" coveredstatements="1" conditionals="0" coveredconditionals="0" methods="0" coveredmethods="0"/>
        <line num="1" count="2" type="stmt"/>
      </file>
      <file name="wallet-disconnected.webp" path="/Users/mac/Documents/Projects/duelme-app/src/assets/icons/wallet-disconnected.webp">
        <metrics statements="1" coveredstatements="1" conditionals="0" coveredconditionals="0" methods="0" coveredmethods="0"/>
        <line num="1" count="5" type="stmt"/>
      </file>
    </package>
    <package name="duelme-app.src.assets.images">
      <metrics statements="1" coveredstatements="1" conditionals="0" coveredconditionals="0" methods="0" coveredmethods="0"/>
      <file name="opponentFound.webp" path="/Users/mac/Documents/Projects/duelme-app/src/assets/images/opponentFound.webp">
        <metrics statements="1" coveredstatements="1" conditionals="0" coveredconditionals="0" methods="0" coveredmethods="0"/>
        <line num="1" count="1" type="stmt"/>
      </file>
    </package>
    <package name="duelme-app.src.assets.networks">
      <metrics statements="9" coveredstatements="9" conditionals="0" coveredconditionals="0" methods="0" coveredmethods="0"/>
      <file name="algo.webp" path="/Users/mac/Documents/Projects/duelme-app/src/assets/networks/algo.webp">
        <metrics statements="1" coveredstatements="1" conditionals="0" coveredconditionals="0" methods="0" coveredmethods="0"/>
        <line num="1" count="70" type="stmt"/>
      </file>
      <file name="avax.webp" path="/Users/mac/Documents/Projects/duelme-app/src/assets/networks/avax.webp">
        <metrics statements="1" coveredstatements="1" conditionals="0" coveredconditionals="0" methods="0" coveredmethods="0"/>
        <line num="1" count="70" type="stmt"/>
      </file>
      <file name="eth.webp" path="/Users/mac/Documents/Projects/duelme-app/src/assets/networks/eth.webp">
        <metrics statements="1" coveredstatements="1" conditionals="0" coveredconditionals="0" methods="0" coveredmethods="0"/>
        <line num="1" count="70" type="stmt"/>
      </file>
      <file name="flow.webp" path="/Users/mac/Documents/Projects/duelme-app/src/assets/networks/flow.webp">
        <metrics statements="1" coveredstatements="1" conditionals="0" coveredconditionals="0" methods="0" coveredmethods="0"/>
        <line num="1" count="70" type="stmt"/>
      </file>
      <file name="hbar.webp" path="/Users/mac/Documents/Projects/duelme-app/src/assets/networks/hbar.webp">
        <metrics statements="1" coveredstatements="1" conditionals="0" coveredconditionals="0" methods="0" coveredmethods="0"/>
        <line num="1" count="70" type="stmt"/>
      </file>
      <file name="matic.webp" path="/Users/mac/Documents/Projects/duelme-app/src/assets/networks/matic.webp">
        <metrics statements="1" coveredstatements="1" conditionals="0" coveredconditionals="0" methods="0" coveredmethods="0"/>
        <line num="1" count="70" type="stmt"/>
      </file>
      <file name="sol.webp" path="/Users/mac/Documents/Projects/duelme-app/src/assets/networks/sol.webp">
        <metrics statements="1" coveredstatements="1" conditionals="0" coveredconditionals="0" methods="0" coveredmethods="0"/>
        <line num="1" count="70" type="stmt"/>
      </file>
      <file name="trx.webp" path="/Users/mac/Documents/Projects/duelme-app/src/assets/networks/trx.webp">
        <metrics statements="1" coveredstatements="1" conditionals="0" coveredconditionals="0" methods="0" coveredmethods="0"/>
        <line num="1" count="70" type="stmt"/>
      </file>
      <file name="xlm.webp" path="/Users/mac/Documents/Projects/duelme-app/src/assets/networks/xlm.webp">
        <metrics statements="1" coveredstatements="1" conditionals="0" coveredconditionals="0" methods="0" coveredmethods="0"/>
        <line num="1" count="70" type="stmt"/>
      </file>
    </package>
    <package name="duelme-app.src.assets.prizes">
      <metrics statements="3" coveredstatements="3" conditionals="0" coveredconditionals="0" methods="0" coveredmethods="0"/>
      <file name="first.webp" path="/Users/mac/Documents/Projects/duelme-app/src/assets/prizes/first.webp">
        <metrics statements="1" coveredstatements="1" conditionals="0" coveredconditionals="0" methods="0" coveredmethods="0"/>
        <line num="1" count="4" type="stmt"/>
      </file>
      <file name="second.webp" path="/Users/mac/Documents/Projects/duelme-app/src/assets/prizes/second.webp">
        <metrics statements="1" coveredstatements="1" conditionals="0" coveredconditionals="0" methods="0" coveredmethods="0"/>
        <line num="1" count="4" type="stmt"/>
      </file>
      <file name="third.webp" path="/Users/mac/Documents/Projects/duelme-app/src/assets/prizes/third.webp">
        <metrics statements="1" coveredstatements="1" conditionals="0" coveredconditionals="0" methods="0" coveredmethods="0"/>
        <line num="1" count="4" type="stmt"/>
      </file>
    </package>
    <package name="duelme-app.src.common">
      <metrics statements="143" coveredstatements="23" conditionals="34" coveredconditionals="6" methods="28" coveredmethods="5"/>
      <file name="hooks.js" path="/Users/mac/Documents/Projects/duelme-app/src/common/hooks.js">
        <metrics statements="143" coveredstatements="23" conditionals="34" coveredconditionals="6" methods="28" coveredmethods="5"/>
        <line num="31" count="70" type="stmt"/>
        <line num="32" count="49" type="stmt"/>
        <line num="33" count="49" type="cond" truecount="2" falsecount="0"/>
        <line num="34" count="49" type="stmt"/>
        <line num="35" count="49" type="cond" truecount="2" falsecount="0"/>
        <line num="37" count="49" type="stmt"/>
        <line num="40" count="70" type="stmt"/>
        <line num="43" count="0" type="stmt"/>
        <line num="44" count="0" type="stmt"/>
        <line num="46" count="0" type="stmt"/>
        <line num="57" count="0" type="stmt"/>
        <line num="59" count="0" type="stmt"/>
        <line num="61" count="0" type="stmt"/>
        <line num="64" count="0" type="stmt"/>
        <line num="67" count="0" type="stmt"/>
        <line num="69" count="0" type="stmt"/>
        <line num="71" count="0" type="cond" truecount="0" falsecount="2"/>
        <line num="72" count="0" type="stmt"/>
        <line num="76" count="0" type="stmt"/>
        <line num="77" count="0" type="stmt"/>
        <line num="78" count="0" type="stmt"/>
        <line num="79" count="0" type="stmt"/>
        <line num="80" count="0" type="stmt"/>
        <line num="81" count="0" type="cond" truecount="0" falsecount="2"/>
        <line num="82" count="0" type="stmt"/>
        <line num="86" count="0" type="stmt"/>
        <line num="87" count="0" type="stmt"/>
        <line num="88" count="0" type="stmt"/>
        <line num="89" count="0" type="stmt"/>
        <line num="90" count="0" type="stmt"/>
        <line num="91" count="0" type="cond" truecount="0" falsecount="2"/>
        <line num="92" count="0" type="stmt"/>
        <line num="98" count="0" type="stmt"/>
        <line num="99" count="0" type="stmt"/>
        <line num="100" count="0" type="stmt"/>
        <line num="101" count="0" type="stmt"/>
        <line num="102" count="0" type="stmt"/>
        <line num="103" count="0" type="cond" truecount="0" falsecount="2"/>
        <line num="104" count="0" type="stmt"/>
        <line num="107" count="0" type="stmt"/>
        <line num="108" count="0" type="stmt"/>
        <line num="109" count="0" type="stmt"/>
        <line num="110" count="0" type="stmt"/>
        <line num="111" count="0" type="stmt"/>
        <line num="114" count="0" type="stmt"/>
        <line num="117" count="70" type="stmt"/>
        <line num="118" count="15" type="stmt"/>
        <line num="119" count="15" type="stmt"/>
        <line num="120" count="15" type="stmt"/>
        <line num="121" count="3" type="stmt"/>
        <line num="122" count="3" type="cond" truecount="2" falsecount="0"/>
        <line num="123" count="2" type="stmt"/>
        <line num="125" count="1" type="stmt"/>
        <line num="127" count="0" type="stmt"/>
        <line num="136" count="70" type="stmt"/>
        <line num="137" count="0" type="stmt"/>
        <line num="138" count="0" type="stmt"/>
        <line num="139" count="0" type="stmt"/>
        <line num="141" count="0" type="stmt"/>
        <line num="142" count="0" type="stmt"/>
        <line num="143" count="0" type="cond" truecount="0" falsecount="2"/>
        <line num="144" count="0" type="stmt"/>
        <line num="146" count="0" type="stmt"/>
        <line num="149" count="0" type="stmt"/>
        <line num="150" count="0" type="stmt"/>
        <line num="158" count="70" type="stmt"/>
        <line num="160" count="70" type="stmt"/>
        <line num="161" count="49" type="stmt"/>
        <line num="162" count="49" type="stmt"/>
        <line num="163" count="49" type="stmt"/>
        <line num="165" count="49" type="stmt"/>
        <line num="166" count="0" type="stmt"/>
        <line num="167" count="0" type="stmt"/>
        <line num="168" count="0" type="stmt"/>
        <line num="170" count="0" type="stmt"/>
        <line num="174" count="0" type="stmt"/>
        <line num="175" count="0" type="stmt"/>
        <line num="178" count="0" type="stmt"/>
        <line num="181" count="0" type="stmt"/>
        <line num="185" count="70" type="stmt"/>
        <line num="186" count="0" type="stmt"/>
        <line num="187" count="0" type="stmt"/>
        <line num="188" count="0" type="stmt"/>
        <line num="189" count="0" type="stmt"/>
        <line num="191" count="0" type="stmt"/>
        <line num="192" count="0" type="stmt"/>
        <line num="193" count="0" type="stmt"/>
        <line num="195" count="0" type="stmt"/>
        <line num="196" count="0" type="stmt"/>
        <line num="197" count="0" type="cond" truecount="0" falsecount="2"/>
        <line num="198" count="0" type="stmt"/>
        <line num="200" count="0" type="stmt"/>
        <line num="203" count="0" type="stmt"/>
        <line num="204" count="0" type="stmt"/>
        <line num="217" count="0" type="stmt"/>
        <line num="218" count="0" type="cond" truecount="0" falsecount="2"/>
        <line num="219" count="0" type="stmt"/>
        <line num="220" count="0" type="stmt"/>
        <line num="221" count="0" type="stmt"/>
        <line num="222" count="0" type="cond" truecount="0" falsecount="2"/>
        <line num="223" count="0" type="stmt"/>
        <line num="225" count="0" type="cond" truecount="0" falsecount="2"/>
        <line num="226" count="0" type="stmt"/>
        <line num="228" count="0" type="stmt"/>
        <line num="232" count="0" type="stmt"/>
        <line num="234" count="0" type="stmt"/>
        <line num="238" count="0" type="stmt"/>
        <line num="241" count="0" type="stmt"/>
        <line num="242" count="0" type="cond" truecount="0" falsecount="2"/>
        <line num="243" count="0" type="stmt"/>
        <line num="244" count="0" type="stmt"/>
        <line num="245" count="0" type="stmt"/>
        <line num="249" count="0" type="stmt"/>
        <line num="250" count="0" type="stmt"/>
        <line num="251" count="0" type="stmt"/>
        <line num="256" count="0" type="stmt"/>
        <line num="257" count="0" type="stmt"/>
        <line num="258" count="0" type="stmt"/>
        <line num="264" count="0" type="stmt"/>
        <line num="265" count="0" type="stmt"/>
        <line num="266" count="0" type="stmt"/>
        <line num="271" count="0" type="stmt"/>
        <line num="272" count="0" type="cond" truecount="0" falsecount="2"/>
        <line num="274" count="0" type="cond" truecount="0" falsecount="2"/>
        <line num="275" count="0" type="stmt"/>
        <line num="276" count="0" type="stmt"/>
        <line num="278" count="0" type="stmt"/>
        <line num="282" count="0" type="stmt"/>
        <line num="286" count="0" type="stmt"/>
        <line num="288" count="0" type="stmt"/>
        <line num="297" count="0" type="stmt"/>
        <line num="299" count="0" type="stmt"/>
        <line num="300" count="0" type="stmt"/>
        <line num="301" count="0" type="cond" truecount="0" falsecount="2"/>
        <line num="302" count="0" type="stmt"/>
        <line num="304" count="0" type="cond" truecount="0" falsecount="2"/>
        <line num="305" count="0" type="stmt"/>
        <line num="307" count="0" type="stmt"/>
        <line num="310" count="0" type="stmt"/>
        <line num="312" count="0" type="stmt"/>
        <line num="314" count="0" type="stmt"/>
        <line num="320" count="0" type="stmt"/>
        <line num="322" count="0" type="stmt"/>
      </file>
    </package>
    <package name="duelme-app.src.common.tests.mockServer">
      <metrics statements="85" coveredstatements="24" conditionals="2" coveredconditionals="0" methods="80" coveredmethods="22"/>
      <file name="handlers.js" path="/Users/mac/Documents/Projects/duelme-app/src/common/tests/mockServer/handlers.js">
        <metrics statements="84" coveredstatements="23" conditionals="2" coveredconditionals="0" methods="80" coveredmethods="22"/>
        <line num="18" count="50" type="stmt"/>
        <line num="20" count="0" type="stmt"/>
        <line num="23" count="8" type="stmt"/>
        <line num="26" count="4" type="stmt"/>
        <line num="29" count="1" type="stmt"/>
        <line num="32" count="1" type="stmt"/>
        <line num="35" count="0" type="stmt"/>
        <line num="38" count="26" type="stmt"/>
        <line num="41" count="8" type="stmt"/>
        <line num="44" count="1" type="stmt"/>
        <line num="47" count="0" type="stmt"/>
        <line num="50" count="1" type="stmt"/>
        <line num="53" count="0" type="stmt"/>
        <line num="56" count="0" type="stmt"/>
        <line num="62" count="0" type="stmt"/>
        <line num="65" count="0" type="stmt"/>
        <line num="68" count="1" type="stmt"/>
        <line num="71" count="0" type="stmt"/>
        <line num="77" count="0" type="stmt"/>
        <line num="83" count="0" type="stmt"/>
        <line num="89" count="0" type="stmt"/>
        <line num="106" count="0" type="stmt"/>
        <line num="107" count="0" type="stmt"/>
        <line num="110" count="0" type="stmt"/>
        <line num="139" count="0" type="stmt"/>
        <line num="151" count="2" type="stmt"/>
        <line num="154" count="2" type="stmt"/>
        <line num="157" count="4" type="stmt"/>
        <line num="160" count="3" type="stmt"/>
        <line num="166" count="0" type="stmt"/>
        <line num="172" count="0" type="stmt"/>
        <line num="175" count="0" type="stmt"/>
        <line num="181" count="0" type="stmt"/>
        <line num="191" count="7" type="stmt"/>
        <line num="194" count="0" type="stmt"/>
        <line num="215" count="0" type="stmt"/>
        <line num="228" count="0" type="stmt"/>
        <line num="231" count="0" type="stmt"/>
        <line num="234" count="13" type="stmt"/>
        <line num="245" count="0" type="stmt"/>
        <line num="248" count="0" type="stmt"/>
        <line num="254" count="0" type="stmt"/>
        <line num="257" count="0" type="stmt"/>
        <line num="260" count="0" type="stmt"/>
        <line num="263" count="0" type="stmt"/>
        <line num="266" count="0" type="stmt"/>
        <line num="269" count="0" type="stmt"/>
        <line num="272" count="5" type="stmt"/>
        <line num="275" count="5" type="stmt"/>
        <line num="278" count="0" type="stmt"/>
        <line num="281" count="0" type="stmt"/>
        <line num="284" count="0" type="cond" truecount="0" falsecount="2"/>
        <line num="285" count="0" type="stmt"/>
        <line num="287" count="0" type="stmt"/>
        <line num="290" count="0" type="stmt"/>
        <line num="293" count="3" type="stmt"/>
        <line num="296" count="0" type="stmt"/>
        <line num="299" count="0" type="stmt"/>
        <line num="302" count="0" type="stmt"/>
        <line num="305" count="0" type="stmt"/>
        <line num="308" count="0" type="stmt"/>
        <line num="311" count="0" type="stmt"/>
        <line num="314" count="11" type="stmt"/>
        <line num="326" count="0" type="stmt"/>
        <line num="329" count="0" type="stmt"/>
        <line num="338" count="0" type="stmt"/>
        <line num="341" count="0" type="stmt"/>
        <line num="344" count="4" type="stmt"/>
        <line num="350" count="0" type="stmt"/>
        <line num="354" count="0" type="stmt"/>
        <line num="357" count="0" type="stmt"/>
        <line num="360" count="0" type="stmt"/>
        <line num="363" count="0" type="stmt"/>
        <line num="366" count="0" type="stmt"/>
        <line num="369" count="0" type="stmt"/>
        <line num="372" count="0" type="stmt"/>
        <line num="375" count="0" type="stmt"/>
        <line num="378" count="0" type="stmt"/>
        <line num="381" count="0" type="stmt"/>
        <line num="384" count="0" type="stmt"/>
        <line num="387" count="0" type="stmt"/>
        <line num="390" count="0" type="stmt"/>
        <line num="396" count="3" type="stmt"/>
        <line num="402" count="4" type="stmt"/>
      </file>
      <file name="server.js" path="/Users/mac/Documents/Projects/duelme-app/src/common/tests/mockServer/server.js">
        <metrics statements="1" coveredstatements="1" conditionals="0" coveredconditionals="0" methods="0" coveredmethods="0"/>
        <line num="5" count="50" type="stmt"/>
      </file>
    </package>
    <package name="duelme-app.src.components">
      <metrics statements="59" coveredstatements="40" conditionals="27" coveredconditionals="14" methods="20" coveredmethods="15"/>
      <file name="AvatarProfile.js" path="/Users/mac/Documents/Projects/duelme-app/src/components/AvatarProfile.js">
        <metrics statements="8" coveredstatements="8" conditionals="10" coveredconditionals="7" methods="5" coveredmethods="5"/>
        <line num="11" count="5" type="stmt"/>
        <line num="23" count="5" type="stmt"/>
        <line num="24" count="8" type="stmt"/>
        <line num="25" count="8" type="stmt"/>
        <line num="26" count="8" type="stmt"/>
        <line num="27" count="8" type="cond" truecount="2" falsecount="0"/>
        <line num="34" count="5" type="stmt"/>
        <line num="35" count="23" type="stmt"/>
      </file>
      <file name="BottomBackArrow.js" path="/Users/mac/Documents/Projects/duelme-app/src/components/BottomBackArrow.js">
        <metrics statements="9" coveredstatements="8" conditionals="0" coveredconditionals="0" methods="4" coveredmethods="3"/>
        <line num="7" count="4" type="stmt"/>
        <line num="9" count="66" type="stmt"/>
        <line num="13" count="4" type="stmt"/>
        <line num="18" count="4" type="stmt"/>
        <line num="24" count="66" type="stmt"/>
        <line num="29" count="4" type="stmt"/>
        <line num="30" count="66" type="stmt"/>
        <line num="32" count="66" type="stmt"/>
        <line num="33" count="0" type="stmt"/>
      </file>
      <file name="Container.js" path="/Users/mac/Documents/Projects/duelme-app/src/components/Container.js">
        <metrics statements="16" coveredstatements="12" conditionals="13" coveredconditionals="7" methods="4" coveredmethods="4"/>
        <line num="11" count="70" type="stmt"/>
        <line num="12" count="203" type="stmt"/>
        <line num="24" count="70" type="stmt"/>
        <line num="33" count="388" type="stmt"/>
        <line num="35" count="388" type="stmt"/>
        <line num="39" count="388" type="cond" truecount="1" falsecount="1"/>
        <line num="40" count="0" type="cond" truecount="0" falsecount="2"/>
        <line num="41" count="0" type="stmt"/>
        <line num="43" count="0" type="cond" truecount="0" falsecount="2"/>
        <line num="44" count="0" type="stmt"/>
        <line num="48" count="388" type="stmt"/>
        <line num="61" count="70" type="stmt"/>
        <line num="62" count="573" type="stmt"/>
        <line num="69" count="70" type="stmt"/>
        <line num="73" count="70" type="stmt"/>
        <line num="74" count="103" type="stmt"/>
      </file>
      <file name="DubbzLogoHeader.js" path="/Users/mac/Documents/Projects/duelme-app/src/components/DubbzLogoHeader.js">
        <metrics statements="6" coveredstatements="6" conditionals="0" coveredconditionals="0" methods="2" coveredmethods="2"/>
        <line num="7" count="4" type="stmt"/>
        <line num="9" count="4" type="stmt"/>
        <line num="17" count="4" type="stmt"/>
        <line num="18" count="146" type="stmt"/>
        <line num="27" count="4" type="stmt"/>
        <line num="28" count="146" type="stmt"/>
      </file>
      <file name="GlowingImage.js" path="/Users/mac/Documents/Projects/duelme-app/src/components/GlowingImage.js">
        <metrics statements="5" coveredstatements="5" conditionals="0" coveredconditionals="0" methods="1" coveredmethods="1"/>
        <line num="4" count="4" type="stmt"/>
        <line num="13" count="4" type="stmt"/>
        <line num="19" count="4" type="stmt"/>
        <line num="24" count="4" type="stmt"/>
        <line num="25" count="180" type="stmt"/>
      </file>
      <file name="P1Notifications.js" path="/Users/mac/Documents/Projects/duelme-app/src/components/P1Notifications.js">
        <metrics statements="15" coveredstatements="1" conditionals="4" coveredconditionals="0" methods="4" coveredmethods="0"/>
        <line num="12" count="1" type="stmt"/>
        <line num="13" count="0" type="stmt"/>
        <line num="14" count="0" type="stmt"/>
        <line num="15" count="0" type="stmt"/>
        <line num="17" count="0" type="stmt"/>
        <line num="18" count="0" type="stmt"/>
        <line num="21" count="0" type="stmt"/>
        <line num="22" count="0" type="cond" truecount="0" falsecount="2"/>
        <line num="23" count="0" type="stmt"/>
        <line num="29" count="0" type="stmt"/>
        <line num="30" count="0" type="stmt"/>
        <line num="31" count="0" type="cond" truecount="0" falsecount="2"/>
        <line num="32" count="0" type="stmt"/>
        <line num="37" count="0" type="stmt"/>
        <line num="43" count="0" type="stmt"/>
      </file>
    </package>
    <package name="duelme-app.src.components.AsyncNavigator">
[...]
      <file name="CrownImage.js" path="/Users/mac/Documents/Projects/duelme-app/src/features/Tournaments/components/CrownImage.js">
        <metrics statements="8" coveredstatements="8" conditionals="12" coveredconditionals="11" methods="1" coveredmethods="1"/>
        <line num="9" count="4" type="stmt"/>
        <line num="13" count="4" type="stmt"/>
        <line num="21" count="4" type="stmt"/>
        <line num="29" count="4" type="stmt"/>
        <line num="34" count="4" type="stmt"/>
        <line num="41" count="4" type="stmt"/>
        <line num="46" count="4" type="stmt"/>
        <line num="47" count="197" type="stmt"/>
      </file>
    </package>
    <package name="duelme-app.src.features.Veriff">
      <metrics statements="29" coveredstatements="6" conditionals="23" coveredconditionals="0" methods="9" coveredmethods="0"/>
      <file name="Veriff.js" path="/Users/mac/Documents/Projects/duelme-app/src/features/Veriff/Veriff.js">
        <metrics statements="2" coveredstatements="1" conditionals="0" coveredconditionals="0" methods="1" coveredmethods="0"/>
        <line num="9" count="1" type="stmt"/>
        <line num="10" count="0" type="stmt"/>
      </file>
      <file name="VerrifComponent.js" path="/Users/mac/Documents/Projects/duelme-app/src/features/Veriff/VerrifComponent.js">
        <metrics statements="27" coveredstatements="5" conditionals="23" coveredconditionals="0" methods="8" coveredmethods="0"/>
        <line num="23" count="1" type="stmt"/>
        <line num="28" count="1" type="stmt"/>
        <line num="29" count="0" type="stmt"/>
        <line num="36" count="1" type="stmt"/>
        <line num="38" count="0" type="stmt"/>
        <line num="41" count="1" type="stmt"/>
        <line num="46" count="1" type="stmt"/>
        <line num="47" count="0" type="stmt"/>
        <line num="48" count="0" type="stmt"/>
        <line num="49" count="0" type="stmt"/>
        <line num="51" count="0" type="stmt"/>
        <line num="52" count="0" type="stmt"/>
        <line num="53" count="0" type="stmt"/>
        <line num="54" count="0" type="stmt"/>
        <line num="55" count="0" type="stmt"/>
        <line num="57" count="0" type="stmt"/>
        <line num="58" count="0" type="cond" truecount="0" falsecount="4"/>
        <line num="59" count="0" type="stmt"/>
        <line num="63" count="0" type="stmt"/>
        <line num="64" count="0" type="cond" truecount="0" falsecount="2"/>
        <line num="65" count="0" type="stmt"/>
        <line num="66" count="0" type="stmt"/>
        <line num="67" count="0" type="stmt"/>
        <line num="71" count="0" type="stmt"/>
        <line num="93" count="0" type="stmt"/>
        <line num="109" count="0" type="stmt"/>
        <line num="140" count="0" type="stmt"/>
      </file>
    </package>
    <package name="duelme-app.src.features.VerificationCodeStep">
      <metrics statements="58" coveredstatements="9" conditionals="39" coveredconditionals="0" methods="23" coveredmethods="0"/>
      <file name="VerificationCodeStep.js" path="/Users/mac/Documents/Projects/duelme-app/src/features/VerificationCodeStep/VerificationCodeStep.js">
        <metrics statements="58" coveredstatements="9" conditionals="39" coveredconditionals="0" methods="23" coveredmethods="0"/>
        <line num="28" count="1" type="stmt"/>
        <line num="32" count="1" type="stmt"/>
        <line num="37" count="1" type="stmt"/>
        <line num="50" count="0" type="cond" truecount="0" falsecount="2"/>
        <line num="55" count="1" type="stmt"/>
        <line num="61" count="1" type="stmt"/>
        <line num="67" count="1" type="stmt"/>
        <line num="71" count="1" type="stmt"/>
        <line num="72" count="0" type="cond" truecount="0" falsecount="2"/>
        <line num="77" count="1" type="stmt"/>
        <line num="78" count="1" type="stmt"/>
        <line num="83" count="0" type="stmt"/>
        <line num="84" count="0" type="stmt"/>
        <line num="85" count="0" type="stmt"/>
        <line num="86" count="0" type="stmt"/>
        <line num="87" count="0" type="stmt"/>
        <line num="88" count="0" type="stmt"/>
        <line num="89" count="0" type="stmt"/>
        <line num="90" count="0" type="stmt"/>
        <line num="91" count="0" type="stmt"/>
        <line num="96" count="0" type="stmt"/>
        <line num="97" count="0" type="cond" truecount="0" falsecount="2"/>
        <line num="98" count="0" type="stmt"/>
        <line num="99" count="0" type="stmt"/>
        <line num="104" count="0" type="stmt"/>
        <line num="105" count="0" type="cond" truecount="0" falsecount="2"/>
        <line num="106" count="0" type="stmt"/>
        <line num="110" count="0" type="stmt"/>
        <line num="119" count="0" type="stmt"/>
        <line num="126" count="0" type="stmt"/>
        <line num="145" count="0" type="stmt"/>
        <line num="146" count="0" type="stmt"/>
        <line num="147" count="0" type="stmt"/>
        <line num="149" count="0" type="stmt"/>
        <line num="151" count="0" type="stmt"/>
        <line num="191" count="0" type="stmt"/>
        <line num="200" count="0" type="stmt"/>
        <line num="201" count="0" type="cond" truecount="0" falsecount="2"/>
        <line num="202" count="0" type="stmt"/>
        <line num="208" count="0" type="stmt"/>
        <line num="211" count="0" type="stmt"/>
        <line num="214" count="0" type="stmt"/>
        <line num="216" count="0" type="stmt"/>
        <line num="222" count="0" type="stmt"/>
        <line num="225" count="0" type="stmt"/>
        <line num="228" count="0" type="stmt"/>
        <line num="260" count="0" type="stmt"/>
        <line num="261" count="0" type="cond" truecount="0" falsecount="2"/>
        <line num="262" count="0" type="stmt"/>
        <line num="268" count="0" type="stmt"/>
        <line num="274" count="0" type="stmt"/>
        <line num="275" count="0" type="stmt"/>
        <line num="278" count="0" type="stmt"/>
        <line num="282" count="0" type="stmt"/>
        <line num="294" count="0" type="stmt"/>
        <line num="301" count="0" type="stmt"/>
        <line num="304" count="0" type="stmt"/>
        <line num="313" count="0" type="stmt"/>
      </file>
    </package>
    <package name="duelme-app.src.features.Wallet">
      <metrics statements="3" coveredstatements="3" conditionals="0" coveredconditionals="0" methods="1" coveredmethods="1"/>
      <file name="Wallet.js" path="/Users/mac/Documents/Projects/duelme-app/src/features/Wallet/Wallet.js">
        <metrics statements="3" coveredstatements="3" conditionals="0" coveredconditionals="0" methods="1" coveredmethods="1"/>
        <line num="9" count="2" type="stmt"/>
        <line num="15" count="2" type="stmt"/>
        <line num="16" count="1" type="stmt"/>
      </file>
    </package>
    <package name="duelme-app.src.features.WinnerScreen">
      <metrics statements="43" coveredstatements="41" conditionals="46" coveredconditionals="41" methods="9" coveredmethods="9"/>
      <file name="WinnerScreen.js" path="/Users/mac/Documents/Projects/duelme-app/src/features/WinnerScreen/WinnerScreen.js">
        <metrics statements="43" coveredstatements="41" conditionals="46" coveredconditionals="41" methods="9" coveredmethods="9"/>
        <line num="27" count="2" type="stmt"/>
        <line num="35" count="2" type="stmt"/>
        <line num="42" count="2" type="stmt"/>
        <line num="46" count="2" type="stmt"/>
        <line num="58" count="2" type="stmt"/>
        <line num="59" count="36" type="stmt"/>
        <line num="60" count="36" type="stmt"/>
        <line num="62" count="36" type="stmt"/>
        <line num="63" count="36" type="stmt"/>
        <line num="64" count="36" type="cond" truecount="1" falsecount="1"/>
        <line num="67" count="36" type="stmt"/>
        <line num="68" count="36" type="cond" truecount="2" falsecount="0"/>
        <line num="71" count="36" type="cond" truecount="2" falsecount="0"/>
        <line num="74" count="36" type="stmt"/>
        <line num="75" count="36" type="cond" truecount="1" falsecount="1"/>
        <line num="76" count="36" type="stmt"/>
        <line num="77" count="36" type="stmt"/>
        <line num="78" count="36" type="stmt"/>
        <line num="79" count="36" type="stmt"/>
        <line num="80" count="36" type="stmt"/>
        <line num="83" count="36" type="cond" truecount="2" falsecount="0"/>
        <line num="84" count="15" type="stmt"/>
        <line num="87" count="36" type="stmt"/>
        <line num="88" count="12" type="cond" truecount="3" falsecount="1"/>
        <line num="89" count="0" type="stmt"/>
        <line num="97" count="36" type="stmt"/>
        <line num="99" count="36" type="stmt"/>
        <line num="101" count="36" type="cond" truecount="4" falsecount="0"/>
        <line num="102" count="15" type="cond" truecount="2" falsecount="0"/>
        <line num="103" count="9" type="stmt"/>
        <line num="109" count="36" type="cond" truecount="2" falsecount="0"/>
        <line num="110" count="15" type="stmt"/>
        <line num="111" count="15" type="cond" truecount="1" falsecount="1"/>
        <line num="112" count="0" type="stmt"/>
        <line num="117" count="36" type="stmt"/>
        <line num="118" count="2" type="cond" truecount="2" falsecount="0"/>
        <line num="119" count="1" type="stmt"/>
        <line num="124" count="1" type="stmt"/>
        <line num="128" count="36" type="stmt"/>
        <line num="129" count="1" type="stmt"/>
        <line num="134" count="1" type="stmt"/>
        <line num="137" count="36" type="stmt"/>
        <line num="151" count="1" type="stmt"/>
      </file>
    </package>
    <package name="duelme-app.src.features.WinnerScreen.components">
      <metrics statements="36" coveredstatements="36" conditionals="18" coveredconditionals="17" methods="7" coveredmethods="7"/>
      <file name="OpponentInfo.js" path="/Users/mac/Documents/Projects/duelme-app/src/features/WinnerScreen/components/OpponentInfo.js">
        <metrics statements="11" coveredstatements="11" conditionals="6" coveredconditionals="6" methods="2" coveredmethods="2"/>
        <line num="8" count="3" type="stmt"/>
        <line num="16" count="3" type="stmt"/>
        <line num="19" count="3" type="stmt"/>
        <line num="25" count="3" type="stmt"/>
        <line num="32" count="3" type="stmt"/>
        <line num="40" count="3" type="stmt"/>
        <line num="44" count="3" type="stmt"/>
        <line num="49" count="19" type="cond" truecount="2" falsecount="0"/>
        <line num="51" count="3" type="stmt"/>
        <line num="52" count="30" type="stmt"/>
        <line num="54" count="30" type="stmt"/>
      </file>
      <file name="WinLoseAmount.js" path="/Users/mac/Documents/Projects/duelme-app/src/features/WinnerScreen/components/WinLoseAmount.js">
        <metrics statements="8" coveredstatements="8" conditionals="6" coveredconditionals="6" methods="2" coveredmethods="2"/>
        <line num="8" count="3" type="stmt"/>
        <line num="15" count="3" type="stmt"/>
        <line num="20" count="17" type="cond" truecount="2" falsecount="0"/>
        <line num="22" count="3" type="stmt"/>
        <line num="32" count="3" type="stmt"/>
        <line num="33" count="17" type="stmt"/>
        <line num="34" count="17" type="stmt"/>
        <line num="35" count="17" type="stmt"/>
      </file>
      <file name="WinnerLoseAvatar.js" path="/Users/mac/Documents/Projects/duelme-app/src/features/WinnerScreen/components/WinnerLoseAvatar.js">
        <metrics statements="17" coveredstatements="17" conditionals="6" coveredconditionals="5" methods="3" coveredmethods="3"/>
        <line num="13" count="3" type="stmt"/>
        <line num="17" count="3" type="stmt"/>
        <line num="22" count="3" type="stmt"/>
        <line num="31" count="3" type="stmt"/>
        <line num="37" count="3" type="stmt"/>
        <line num="44" count="3" type="stmt"/>
        <line num="52" count="3" type="stmt"/>
        <line num="57" count="3" type="stmt"/>
        <line num="61" count="28" type="stmt"/>
        <line num="63" count="3" type="stmt"/>
        <line num="70" count="3" type="stmt"/>
        <line num="76" count="3" type="stmt"/>
        <line num="85" count="3" type="stmt"/>
        <line num="92" count="3" type="stmt"/>
        <line num="93" count="28" type="stmt"/>
        <line num="94" count="28" type="stmt"/>
        <line num="96" count="28" type="stmt"/>
      </file>
    </package>
    <package name="duelme-app.src.global-styles">
      <metrics statements="4" coveredstatements="4" conditionals="0" coveredconditionals="0" methods="0" coveredmethods="0"/>
      <file name="theme.js" path="/Users/mac/Documents/Projects/duelme-app/src/global-styles/theme.js">
        <metrics statements="4" coveredstatements="4" conditionals="0" coveredconditionals="0" methods="0" coveredmethods="0"/>
        <line num="3" count="70" type="stmt"/>
        <line num="66" count="70" type="stmt"/>
        <line num="88" count="70" type="stmt"/>
        <line num="99" count="70" type="stmt"/>
      </file>
    </package>
    <package name="duelme-app.src.utils">
      <metrics statements="62" coveredstatements="51" conditionals="51" coveredconditionals="43" methods="14" coveredmethods="9"/>
      <file name="calculationHelpers.js" path="/Users/mac/Documents/Projects/duelme-app/src/utils/calculationHelpers.js">
        <metrics statements="2" coveredstatements="2" conditionals="2" coveredconditionals="2" methods="1" coveredmethods="1"/>
        <line num="3" count="3" type="stmt"/>
        <line num="4" count="38" type="cond" truecount="2" falsecount="0"/>
      </file>
      <file name="icons.js" path="/Users/mac/Documents/Projects/duelme-app/src/utils/icons.js">
        <metrics statements="1" coveredstatements="1" conditionals="0" coveredconditionals="0" methods="0" coveredmethods="0"/>
        <line num="1" count="70" type="stmt"/>
      </file>
      <file name="numbers.js" path="/Users/mac/Documents/Projects/duelme-app/src/utils/numbers.js">
        <metrics statements="9" coveredstatements="9" conditionals="8" coveredconditionals="8" methods="1" coveredmethods="1"/>
        <line num="1" count="7" type="stmt"/>
        <line num="2" count="55" type="stmt"/>
        <line num="3" count="55" type="stmt"/>
        <line num="4" count="55" type="cond" truecount="4" falsecount="0"/>
        <line num="5" count="49" type="cond" truecount="4" falsecount="0"/>
        <line num="7" count="38" type="stmt"/>
        <line num="9" count="4" type="stmt"/>
        <line num="11" count="4" type="stmt"/>
        <line num="13" count="3" type="stmt"/>
      </file>
      <file name="strings.js" path="/Users/mac/Documents/Projects/duelme-app/src/utils/strings.js">
        <metrics statements="3" coveredstatements="3" conditionals="0" coveredconditionals="0" methods="1" coveredmethods="1"/>
        <line num="2" count="1" type="stmt"/>
        <line num="3" count="3" type="stmt"/>
        <line num="4" count="3" type="stmt"/>
      </file>
      <file name="syncEndpointCall.js" path="/Users/mac/Documents/Projects/duelme-app/src/utils/syncEndpointCall.js">
        <metrics statements="21" coveredstatements="21" conditionals="26" coveredconditionals="25" methods="4" coveredmethods="3"/>
        <line num="6" count="70" type="stmt"/>
        <line num="7" count="334" type="stmt"/>
        <line num="8" count="334" type="stmt"/>
        <line num="10" count="334" type="stmt"/>
        <line num="22" count="40" type="cond" truecount="2" falsecount="0"/>
        <line num="23" count="10" type="stmt"/>
        <line num="25" count="40" type="stmt"/>
        <line num="26" count="35" type="cond" truecount="2" falsecount="0"/>
        <line num="28" count="11" type="stmt"/>
        <line num="30" count="35" type="cond" truecount="2" falsecount="0"/>
        <line num="31" count="6" type="cond" truecount="2" falsecount="0"/>
        <line num="32" count="6" type="stmt"/>
        <line num="33" count="6" type="stmt"/>
        <line num="34" count="6" type="cond" truecount="5" falsecount="1"/>
        <line num="35" count="6" type="stmt"/>
        <line num="41" count="29" type="cond" truecount="2" falsecount="0"/>
        <line num="42" count="16" type="stmt"/>
        <line num="46" count="16" type="cond" truecount="2" falsecount="0"/>
        <line num="47" count="3" type="stmt"/>
        <line num="49" count="16" type="stmt"/>
        <line num="51" count="29" type="stmt"/>
      </file>
      <file name="useAddFriendUserDisabled.js" path="/Users/mac/Documents/Projects/duelme-app/src/utils/useAddFriendUserDisabled.js">
        <metrics statements="10" coveredstatements="1" conditionals="4" coveredconditionals="0" methods="3" coveredmethods="0"/>
        <line num="5" count="2" type="stmt"/>
        <line num="6" count="0" type="stmt"/>
        <line num="7" count="0" type="stmt"/>
        <line num="8" count="0" type="cond" truecount="0" falsecount="2"/>
        <line num="9" count="0" type="stmt"/>
        <line num="11" count="0" type="stmt"/>
        <line num="12" count="0" type="stmt"/>
        <line num="13" count="0" type="cond" truecount="0" falsecount="2"/>
        <line num="14" count="0" type="stmt"/>
        <line num="16" count="0" type="stmt"/>
      </file>
      <file name="useChallengeUserDisabled.js" path="/Users/mac/Documents/Projects/duelme-app/src/utils/useChallengeUserDisabled.js">
        <metrics statements="13" coveredstatements="11" conditionals="9" coveredconditionals="7" methods="3" coveredmethods="2"/>
        <line num="15" count="6" type="stmt"/>
        <line num="16" count="23" type="stmt"/>
        <line num="17" count="23" type="stmt"/>
        <line num="18" count="23" type="stmt"/>
        <line num="19" count="23" type="stmt"/>
        <line num="22" count="23" type="cond" truecount="4" falsecount="0"/>
        <line num="23" count="31" type="stmt"/>
        <line num="25" count="23" type="stmt"/>
        <line num="26" count="23" type="stmt"/>
        <line num="27" count="0" type="cond" truecount="0" falsecount="2"/>
        <line num="28" count="0" type="stmt"/>
        <line num="33" count="23" type="cond" truecount="3" falsecount="0"/>
        <line num="38" count="23" type="stmt"/>
      </file>
      <file name="useUsableHeight.js" path="/Users/mac/Documents/Projects/duelme-app/src/utils/useUsableHeight.js">
        <metrics statements="3" coveredstatements="3" conditionals="2" coveredconditionals="1" methods="1" coveredmethods="1"/>
        <line num="7" count="70" type="stmt"/>
        <line num="8" count="18" type="stmt"/>
        <line num="9" count="18" type="stmt"/>
      </file>
    </package>
    <package name="duelme-app.src.utils.tests">
      <metrics statements="10" coveredstatements="10" conditionals="2" coveredconditionals="2" methods="3" coveredmethods="3"/>
      <file name="cognito.js" path="/Users/mac/Documents/Projects/duelme-app/src/utils/tests/cognito.js">
        <metrics statements="3" coveredstatements="3" conditionals="0" coveredconditionals="0" methods="1" coveredmethods="1"/>
        <line num="3" count="1" type="stmt"/>
        <line num="4" count="1" type="stmt"/>
        <line num="16" count="1" type="stmt"/>
      </file>
      <file name="reduxRender.js" path="/Users/mac/Documents/Projects/duelme-app/src/utils/tests/reduxRender.js">
        <metrics statements="7" coveredstatements="7" conditionals="2" coveredconditionals="2" methods="2" coveredmethods="2"/>
        <line num="23" count="69" type="stmt"/>
        <line num="26" count="471" type="stmt"/>
        <line num="33" count="471" type="stmt"/>
        <line num="43" count="471" type="stmt"/>
        <line num="44" count="471" type="stmt"/>
        <line num="46" count="471" type="stmt"/>
        <line num="62" count="471" type="stmt"/>
      </file>
    </package>
  </project>
</coverage>
