TN:
SF:App.js
FN:49,App
FN:50,(anonymous_1)
FNF:2
FNH:0
FNDA:0,App
FNDA:0,(anonymous_1)
DA:34,1
DA:42,1
DA:44,1
DA:46,1
DA:47,1
DA:50,0
DA:51,0
DA:56,0
LF:8
LH:5
BRDA:53,0,0,0
BRDA:53,0,1,0
BRF:2
BRH:0
end_of_record
TN:
SF:src/mainNavigator.js
FN:69,(anonymous_0)
FN:81,(anonymous_1)
FN:108,(anonymous_2)
FN:114,(anonymous_3)
FN:116,(anonymous_4)
FN:123,(anonymous_5)
FN:132,(anonymous_6)
FN:141,(anonymous_7)
FN:147,(anonymous_8)
FN:153,(anonymous_9)
FN:160,(anonymous_10)
FN:170,(anonymous_11)
FN:181,(anonymous_12)
FN:183,(anonymous_13)
FN:187,(anonymous_14)
FNF:15
FNH:0
FNDA:0,(anonymous_0)
FNDA:0,(anonymous_1)
FNDA:0,(anonymous_2)
FNDA:0,(anonymous_3)
FNDA:0,(anonymous_4)
FNDA:0,(anonymous_5)
FNDA:0,(anonymous_6)
FNDA:0,(anonymous_7)
FNDA:0,(anonymous_8)
FNDA:0,(anonymous_9)
FNDA:0,(anonymous_10)
FNDA:0,(anonymous_11)
FNDA:0,(anonymous_12)
FNDA:0,(anonymous_13)
FNDA:0,(anonymous_14)
DA:56,1
DA:58,1
DA:69,1
DA:70,0
DA:71,0
DA:72,0
DA:73,0
DA:74,0
DA:75,0
DA:76,0
DA:77,0
DA:78,0
DA:79,0
DA:81,0
DA:82,0
DA:83,0
DA:84,0
DA:85,0
DA:86,0
DA:87,0
DA:88,0
DA:89,0
DA:92,0
DA:93,0
DA:94,0
DA:96,0
DA:97,0
DA:98,0
DA:99,0
DA:100,0
DA:101,0
DA:102,0
DA:108,0
DA:109,0
DA:110,0
DA:114,0
DA:115,0
DA:116,0
DA:117,0
DA:118,0
DA:123,0
DA:124,0
DA:125,0
DA:126,0
DA:127,0
DA:132,0
DA:133,0
DA:134,0
DA:135,0
DA:136,0
DA:137,0
DA:141,0
DA:142,0
DA:143,0
DA:147,0
DA:148,0
DA:149,0
DA:153,0
DA:154,0
DA:155,0
DA:156,0
DA:160,0
DA:161,0
DA:162,0
DA:163,0
DA:164,0
DA:171,0
DA:181,0
DA:182,0
DA:183,0
DA:184,0
DA:187,0
DA:188,0
DA:189,0
DA:192,0
LF:75
LH:3
BRDA:82,0,0,0
BRDA:82,0,1,0
BRDA:82,1,0,0
BRDA:82,1,1,0
BRDA:93,2,0,0
BRDA:93,2,1,0
BRDA:97,3,0,0
BRDA:97,3,1,0
BRDA:99,4,0,0
BRDA:99,4,1,0
BRDA:101,5,0,0
BRDA:101,5,1,0
BRDA:109,6,0,0
BRDA:109,6,1,0
BRDA:117,7,0,0
BRDA:117,7,1,0
BRDA:124,8,0,0
BRDA:124,8,1,0
BRDA:126,9,0,0
BRDA:126,9,1,0
BRDA:126,10,0,0
BRDA:126,10,1,0
BRDA:136,11,0,0
BRDA:136,11,1,0
BRDA:142,12,0,0
BRDA:142,12,1,0
BRDA:148,13,0,0
BRDA:148,13,1,0
BRDA:154,14,0,0
BRDA:154,14,1,0
BRDA:154,15,0,0
BRDA:154,15,1,0
BRDA:154,15,2,0
BRDA:163,16,0,0
BRDA:163,16,1,0
BRDA:171,17,0,0
BRDA:171,17,1,0
BRDA:184,18,0,0
BRDA:184,18,1,0
BRDA:193,19,0,0
BRDA:193,19,1,0
BRDA:194,20,0,0
BRDA:194,20,1,0
BRDA:194,21,0,0
BRDA:194,21,1,0
BRF:45
BRH:0
end_of_record
TN:
SF:src/app/NotificationsHandler.js
FN:8,(anonymous_0)
FN:14,(anonymous_1)
FN:19,(anonymous_2)
FN:22,(anonymous_3)
FN:27,(anonymous_4)
FN:30,(anonymous_5)
FN:63,(anonymous_6)
FN:72,(anonymous_7)
FNF:8
FNH:0
FNDA:0,(anonymous_0)
FNDA:0,(anonymous_1)
FNDA:0,(anonymous_2)
FNDA:0,(anonymous_3)
FNDA:0,(anonymous_4)
FNDA:0,(anonymous_5)
FNDA:0,(anonymous_6)
FNDA:0,(anonymous_7)
DA:5,1
DA:9,0
DA:10,0
DA:11,0
DA:12,0
DA:14,0
DA:15,0
DA:17,0
DA:20,0
DA:22,0
DA:23,0
DA:25,0
DA:28,0
DA:31,0
DA:32,0
DA:33,0
DA:34,0
DA:39,0
DA:40,0
DA:44,0
DA:48,0
DA:55,0
DA:56,0
DA:57,0
DA:58,0
DA:59,0
DA:64,0
DA:68,0
DA:72,0
LF:29
LH:1
BRDA:31,0,0,0
BRDA:31,0,1,0
BRDA:31,1,0,0
BRDA:31,1,1,0
BRDA:32,2,0,0
BRDA:32,2,1,0
BRDA:34,3,0,0
BRDA:34,3,1,0
BRDA:35,4,0,0
BRDA:35,4,1,0
BRDA:35,4,2,0
BRDA:40,5,0,0
BRDA:40,5,1,0
BRDA:41,6,0,0
BRDA:41,6,1,0
BRDA:48,7,0,0
BRDA:48,7,1,0
BRDA:49,8,0,0
BRDA:49,8,1,0
BRDA:49,8,2,0
BRDA:49,8,3,0
BRDA:49,8,4,0
BRDA:56,9,0,0
BRDA:56,9,1,0
BRDA:58,10,0,0
BRDA:58,10,1,0
BRDA:64,11,0,0
BRDA:64,11,1,0
BRDA:65,12,0,0
BRDA:65,12,1,0
BRF:30
BRH:0
end_of_record
TN:
SF:src/app/axiosConfig.js
FN:4,(anonymous_0)
FN:5,(anonymous_1)
FNF:2
FNH:1
FNDA:472,(anonymous_0)
FNDA:0,(anonymous_1)
DA:5,472
DA:8,0
DA:10,0
DA:11,0
DA:12,0
DA:13,0
DA:16,0
DA:17,0
DA:20,0
DA:21,0
DA:24,0
DA:26,0
DA:27,0
DA:28,0
DA:29,0
DA:31,0
DA:32,0
DA:34,0
DA:39,472
LF:19
LH:2
BRDA:10,0,0,0
BRDA:10,0,1,0
BRDA:10,1,0,0
BRDA:10,1,1,0
BRDA:16,2,0,0
BRDA:16,2,1,0
BRDA:20,3,0,0
BRDA:20,3,1,0
BRDA:24,4,0,0
BRDA:24,4,1,0
BRDA:24,5,0,0
BRDA:24,5,1,0
BRDA:24,5,2,0
BRDA:31,6,0,0
BRDA:31,6,1,0
BRF:15
BRH:0
end_of_record
TN:
SF:src/app/rootReducer.js
FN:35,(anonymous_0)
FN:69,(anonymous_1)
FNF:2
FNH:2
FNDA:472,(anonymous_0)
FNDA:1012,(anonymous_1)
DA:35,70
DA:36,472
DA:69,472
DA:70,1012
DA:71,1
DA:72,1
DA:74,1012
DA:75,1005
LF:8
LH:8
BRDA:70,0,0,1
BRDA:70,0,1,1011
BRF:2
BRH:2
end_of_record
TN:
SF:src/app/store.js
FN:6,(anonymous_0)
FN:10,(anonymous_1)
FNF:2
FNH:2
FNDA:472,(anonymous_0)
FNDA:472,(anonymous_1)
DA:6,70
DA:7,472
DA:11,472
LF:3
LH:3
BRF:0
BRH:0
end_of_record
TN:
SF:src/app/middlewares/socket/actions.js
FN:1,(anonymous_0)
FN:2,(anonymous_1)
FN:10,(anonymous_2)
FN:18,(anonymous_3)
FN:26,(anonymous_4)
FNF:5
FNH:0
FNDA:0,(anonymous_0)
FNDA:0,(anonymous_1)
FNDA:0,(anonymous_2)
FNDA:0,(anonymous_3)
FNDA:0,(anonymous_4)
DA:1,70
DA:2,0
DA:3,0
DA:4,0
DA:5,0
DA:6,0
DA:10,70
DA:18,70
DA:26,70
LF:9
LH:4
BRF:0
BRH:0
end_of_record
TN:
SF:src/app/middlewares/socket/middleware.js
FN:13,(anonymous_0)
FN:16,(anonymous_1)
FN:16,(anonymous_2)
FN:20,(anonymous_3)
FN:20,(anonymous_4)
FN:26,(anonymous_5)
FN:26,(anonymous_6)
FN:31,(anonymous_7)
FN:31,(anonymous_8)
FN:37,(anonymous_9)
FN:37,(anonymous_10)
FN:37,(anonymous_11)
FNF:12
FNH:4
FNDA:472,(anonymous_0)
FNDA:0,(anonymous_1)
FNDA:0,(anonymous_2)
FNDA:0,(anonymous_3)
FNDA:0,(anonymous_4)
FNDA:0,(anonymous_5)
FNDA:0,(anonymous_6)
FNDA:0,(anonymous_7)
FNDA:0,(anonymous_8)
FNDA:472,(anonymous_9)
FNDA:472,(anonymous_10)
FNDA:541,(anonymous_11)
DA:13,70
DA:14,472
DA:16,472
DA:17,0
DA:20,472
DA:21,0
DA:22,0
DA:23,0
DA:26,472
DA:27,0
DA:28,0
DA:31,472
DA:32,0
DA:33,0
DA:37,472
DA:38,541
DA:40,0
DA:41,0
DA:42,0
DA:44,0
DA:58,0
DA:59,0
DA:60,0
DA:61,0
DA:62,0
DA:65,0
DA:66,0
DA:67,0
DA:68,0
DA:70,0
DA:71,0
DA:77,0
DA:80,0
DA:81,0
DA:82,0
DA:84,0
DA:87,1
DA:88,0
DA:90,1
DA:91,1
DA:94,0
DA:95,0
DA:99,0
DA:102,0
DA:105,540
LF:45
LH:12
BRDA:38,0,0,0
BRDA:38,0,1,0
BRDA:38,0,2,0
BRDA:38,0,3,1
BRDA:38,0,4,0
BRDA:38,0,5,0
BRDA:38,0,6,540
BRDA:41,1,0,0
BRDA:41,1,1,0
BRDA:66,2,0,0
BRDA:66,2,1,0
BRDA:81,3,0,0
BRDA:81,3,1,0
BRDA:87,4,0,0
BRDA:87,4,1,1
BRF:15
BRH:3
end_of_record
TN:
SF:src/app/reducers/asyncNavigatorReducer.js
FN:12,(anonymous_0)
FN:16,(anonymous_1)
FN:27,(anonymous_2)
FN:28,(anonymous_3)
FNF:4
FNH:0
FNDA:0,(anonymous_0)
FNDA:0,(anonymous_1)
FNDA:0,(anonymous_2)
FNDA:0,(anonymous_3)
DA:3,70
DA:8,70
DA:13,0
DA:14,0
DA:17,0
DA:18,0
DA:23,70
DA:27,70
DA:28,70
LF:9
LH:5
BRF:0
BRH:0
end_of_record
TN:
SF:src/app/reducers/socketMiddlewareReducer.js
FN:19,(anonymous_0)
FN:21,(anonymous_1)
FN:28,(anonymous_2)
FN:34,(anonymous_3)
FN:41,(anonymous_4)
FN:47,(anonymous_5)
FN:54,(anonymous_6)
FN:66,(anonymous_7)
FN:70,(anonymous_8)
FN:77,(anonymous_9)
FN:93,(anonymous_10)
FN:101,(anonymous_11)
FNF:12
FNH:1
FNDA:70,(anonymous_0)
FNDA:0,(anonymous_1)
FNDA:0,(anonymous_2)
FNDA:0,(anonymous_3)
FNDA:0,(anonymous_4)
FNDA:0,(anonymous_5)
FNDA:0,(anonymous_6)
FNDA:0,(anonymous_7)
FNDA:0,(anonymous_8)
FNDA:0,(anonymous_9)
FNDA:0,(anonymous_10)
FNDA:0,(anonymous_11)
DA:14,70
DA:16,70
DA:20,70
DA:22,0
DA:24,0
DA:29,0
DA:35,0
DA:37,0
DA:42,0
DA:48,0
DA:55,0
DA:67,0
DA:68,0
DA:71,0
DA:72,0
DA:78,0
DA:79,0
DA:94,0
DA:95,0
DA:96,0
DA:102,0
DA:103,0
LF:22
LH:3
BRDA:22,0,0,0
BRDA:22,0,1,0
BRDA:35,1,0,0
BRDA:35,1,1,0
BRDA:95,2,0,0
BRDA:95,2,1,0
BRF:6
BRH:0
end_of_record
TN:
SF:src/assets/checked-forgot-password.webp
FNF:0
FNH:0
DA:1,1
LF:1
LH:1
BRF:0
BRH:0
end_of_record
TN:
SF:src/assets/forgot-password.webp
FNF:0
FNH:0
DA:1,1
LF:1
LH:1
BRF:0
BRH:0
end_of_record
TN:
SF:src/assets/Backgrounds/background2.webp
FNF:0
FNH:0
DA:1,1
LF:1
LH:1
BRF:0
BRH:0
end_of_record
TN:
SF:src/assets/Backgrounds/background3.webp
FNF:0
FNH:0
DA:1,1
LF:1
LH:1
BRF:0
BRH:0
end_of_record
TN:
SF:src/assets/Backgrounds/background5.webp
FNF:0
FNH:0
DA:1,1
LF:1
LH:1
BRF:0
BRH:0
end_of_record
TN:
SF:src/assets/Backgrounds/borderRect.webp
FNF:0
FNH:0
DA:1,3
LF:1
LH:1
BRF:0
BRH:0
end_of_record
TN:
SF:src/assets/Backgrounds/cloud.webp
FNF:0
FNH:0
DA:1,1
LF:1
LH:1
BRF:0
BRH:0
end_of_record
TN:
SF:src/assets/Backgrounds/main.webp
FNF:0
FNH:0
DA:1,3
LF:1
LH:1
BRF:0
BRH:0
end_of_record
TN:
SF:src/assets/Backgrounds/platform.webp
FNF:0
FNH:0
DA:1,4
LF:1
LH:1
BRF:0
BRH:0
end_of_record
TN:
SF:src/assets/Backgrounds/settings.webp
FNF:0
FNH:0
DA:1,6
LF:1
LH:1
BRF:0
BRH:0
end_of_record
TN:
SF:src/assets/Cards/CSGO.webp
FNF:0
FNH:0
DA:1,2
LF:1
LH:1
BRF:0
BRH:0
end_of_record
TN:
SF:src/assets/Cards/FIFA.webp
FNF:0
FNH:0
DA:1,2
LF:1
LH:1
BRF:0
BRH:0
end_of_record
TN:
SF:src/assets/Cards/FIFA_23.webp
FNF:0
FNH:0
DA:1,2
LF:1
LH:1
BRF:0
BRH:0
end_of_record
TN:
SF:src/assets/Cards/FORTNITE.webp
FNF:0
FNH:0
DA:1,2
LF:1
LH:1
BRF:0
BRH:0
end_of_record
TN:
SF:src/assets/Cards/HEARTHSTONE.webp
FNF:0
FNH:0
DA:1,2
LF:1
LH:1
BRF:0
BRH:0
end_of_record
TN:
SF:src/assets/Cards/LOL.webp
FNF:0
FNH:0
DA:1,2
LF:1
LH:1
BRF:0
BRH:0
end_of_record
TN:
SF:src/assets/Cards/MADDEN.webp
FNF:0
FNH:0
DA:1,2
LF:1
LH:1
BRF:0
BRH:0
end_of_record
TN:
SF:src/assets/Cards/MADDEN_23.webp
FNF:0
FNH:0
DA:1,2
LF:1
LH:1
BRF:0
BRH:0
end_of_record
TN:
SF:src/assets/Cards/NBA.webp
FNF:0
FNH:0
DA:1,2
LF:1
LH:1
BRF:0
BRH:0
end_of_record
TN:
SF:src/assets/Cards/NBA_23.webp
FNF:0
FNH:0
DA:1,2
LF:1
LH:1
BRF:0
BRH:0
end_of_record
TN:
SF:src/assets/Cards/VANGUARD.webp
FNF:0
FNH:0
DA:1,2
LF:1
LH:1
BRF:0
BRH:0
end_of_record
TN:
SF:src/assets/Cards/WARZONE.webp
FNF:0
FNH:0
DA:1,2
LF:1
LH:1
BRF:0
BRH:0
end_of_record
TN:
SF:src/assets/GameCharacters/COD_MW_2.webp
FNF:0
FNH:0
DA:1,1
LF:1
LH:1
BRF:0
BRH:0
end_of_record
TN:
SF:src/assets/GameCharacters/COD_VANGUARD.webp
FNF:0
FNH:0
DA:1,1
LF:1
LH:1
BRF:0
BRH:0
end_of_record
TN:
SF:src/assets/GameCharacters/COD_WARZONE.webp
FNF:0
FNH:0
DA:1,1
LF:1
LH:1
BRF:0
BRH:0
end_of_record
TN:
SF:src/assets/GameCharacters/CSGO.webp
FNF:0
FNH:0
DA:1,1
LF:1
LH:1
BRF:0
BRH:0
end_of_record
TN:
SF:src/assets/GameCharacters/FIFA.webp
FNF:0
FNH:0
DA:1,1
LF:1
LH:1
BRF:0
BRH:0
end_of_record
TN:
SF:src/assets/GameCharacters/FIFA_23.webp
FNF:0
FNH:0
DA:1,1
LF:1
LH:1
BRF:0
BRH:0
end_of_record
TN:
SF:src/assets/GameCharacters/FORTNITE.webp
FNF:0
FNH:0
DA:1,1
LF:1
LH:1
BRF:0
BRH:0
end_of_record
TN:
SF:src/assets/GameCharacters/HEARTHSTONE.webp
FNF:0
FNH:0
DA:1,1
LF:1
LH:1
BRF:0
BRH:0
end_of_record
TN:
SF:src/assets/GameCharacters/LOL.webp
FNF:0
FNH:0
DA:1,1
LF:1
LH:1
BRF:0
BRH:0
end_of_record
TN:
SF:src/assets/GameCharacters/MADDEN.webp
FNF:0
FNH:0
DA:1,1
LF:1
LH:1
BRF:0
BRH:0
end_of_record
TN:
SF:src/assets/GameCharacters/MADDEN_23.webp
FNF:0
FNH:0
DA:1,1
LF:1
LH:1
BRF:0
BRH:0
end_of_record
TN:
SF:src/assets/GameCharacters/NBA.webp
FNF:0
FNH:0
DA:1,1
LF:1
LH:1
BRF:0
BRH:0
end_of_record
TN:
SF:src/assets/GameCharacters/NBA_23.webp
FNF:0
FNH:0
DA:1,1
LF:1
LH:1
BRF:0
BRH:0
end_of_record
TN:
SF:src/assets/Logos/animation.gif
FNF:0
FNH:0
DA:1,7
LF:1
LH:1
BRF:0
BRH:0
end_of_record
TN:
SF:src/assets/Logos/logo.webp
FNF:0
FNH:0
DA:1,3
LF:1
LH:1
BRF:0
BRH:0
end_of_record
TN:
SF:src/assets/cover/user-cover-image.webp
FNF:0
FNH:0
DA:1,1
LF:1
LH:1
BRF:0
BRH:0
end_of_record
TN:
SF:src/assets/empty/backgrounds/green.webp
FNF:0
FNH:0
DA:1,4
LF:1
LH:1
BRF:0
BRH:0
end_of_record
TN:
SF:src/assets/empty/backgrounds/purple.webp
FNF:0
FNH:0
DA:1,1
LF:1
LH:1
BRF:0
BRH:0
end_of_record
TN:
SF:src/assets/empty/backgrounds/red.webp
FNF:0
FNH:0
DA:1,1
LF:1
LH:1
BRF:0
BRH:0
end_of_record
TN:
SF:src/assets/empty/backgrounds/yellow.webp
FNF:0
FNH:0
DA:1,1
LF:1
LH:1
BRF:0
BRH:0
end_of_record
TN:
SF:src/assets/empty/icons/matchHistory.webp
FNF:0
FNH:0
DA:1,1
LF:1
LH:1
BRF:0
BRH:0
end_of_record
TN:
SF:src/assets/empty/icons/requests.webp
FNF:0
FNH:0
DA:1,2
LF:1
LH:1
BRF:0
BRH:0
end_of_record
TN:
SF:src/assets/empty/icons/tournament.webp
FNF:0
FNH:0
DA:1,1
LF:1
LH:1
BRF:0
BRH:0
end_of_record
TN:
SF:src/assets/empty/players/1.webp
FNF:0
FNH:0
DA:1,4
LF:1
LH:1
BRF:0
BRH:0
end_of_record
TN:
SF:src/assets/empty/players/2.webp
FNF:0
FNH:0
DA:1,4
LF:1
LH:1
BRF:0
BRH:0
end_of_record
TN:
SF:src/assets/empty/players/3.webp
FNF:0
FNH:0
DA:1,4
LF:1
LH:1
BRF:0
BRH:0
end_of_record
TN:
SF:src/assets/empty/players/4.webp
FNF:0
FNH:0
DA:1,4
LF:1
LH:1
BRF:0
BRH:0
end_of_record
TN:
SF:src/assets/empty/players/5.webp
FNF:0
FNH:0
DA:1,4
LF:1
LH:1
BRF:0
BRH:0
end_of_record
TN:
SF:src/assets/games/cards/COD_VANGUARD.webp
FNF:0
FNH:0
DA:1,2
LF:1
LH:1
BRF:0
BRH:0
end_of_record
TN:
SF:src/assets/games/cards/COD_WARFARE_2.webp
FNF:0
FNH:0
DA:1,2
LF:1
LH:1
BRF:0
BRH:0
end_of_record
TN:
SF:src/assets/games/cards/COD_WARZONE.webp
FNF:0
FNH:0
DA:1,2
LF:1
LH:1
BRF:0
BRH:0
end_of_record
TN:
SF:src/assets/games/cards/CSGO.webp
FNF:0
FNH:0
DA:1,2
LF:1
LH:1
BRF:0
BRH:0
end_of_record
TN:
SF:src/assets/games/cards/FIFA_22.webp
FNF:0
FNH:0
DA:1,2
LF:1
LH:1
BRF:0
BRH:0
end_of_record
TN:
SF:src/assets/games/cards/FIFA_23.webp
FNF:0
FNH:0
DA:1,2
LF:1
LH:1
BRF:0
BRH:0
end_of_record
TN:
SF:src/assets/games/cards/FORTNITE.webp
FNF:0
FNH:0
DA:1,2
LF:1
LH:1
BRF:0
BRH:0
end_of_record
TN:
SF:src/assets/games/cards/HEARTHSTONE.webp
FNF:0
FNH:0
DA:1,2
LF:1
LH:1
BRF:0
BRH:0
end_of_record
TN:
SF:src/assets/games/cards/LOL.webp
FNF:0
FNH:0
DA:1,2
LF:1
LH:1
BRF:0
BRH:0
end_of_record
TN:
SF:src/assets/games/cards/MADDEN_22.webp
FNF:0
FNH:0
DA:1,2
LF:1
LH:1
BRF:0
BRH:0
end_of_record
TN:
SF:src/assets/games/cards/MADDEN_23.webp
FNF:0
FNH:0
DA:1,2
LF:1
LH:1
BRF:0
BRH:0
end_of_record
TN:
SF:src/assets/games/cards/NBA_2K22.webp
FNF:0
FNH:0
DA:1,2
LF:1
LH:1
BRF:0
BRH:0
end_of_record
TN:
SF:src/assets/games/cards/NBA_2K23.webp
FNF:0
FNH:0
DA:1,2
LF:1
LH:1
BRF:0
BRH:0
end_of_record
TN:
SF:src/assets/games/cover/cod-mw-2-logo.webp
FNF:0
FNH:0
DA:1,70
LF:1
LH:1
BRF:0
BRH:0
end_of_record
TN:
SF:src/assets/games/cover/cod-vanguard-banner-logo.webp
FNF:0
FNH:0
DA:1,70
LF:1
LH:1
BRF:0
BRH:0
end_of_record
TN:
SF:src/assets/games/cover/cod-warzone-banner-logo.webp
FNF:0
FNH:0
DA:1,70
LF:1
LH:1
BRF:0
BRH:0
end_of_record
TN:
SF:src/assets/games/cover/csgo-banner-logo.webp
FNF:0
FNH:0
DA:1,70
LF:1
LH:1
BRF:0
BRH:0
end_of_record
TN:
SF:src/assets/games/cover/fifa-23-banner-logo.webp
FNF:0
FNH:0
DA:1,70
LF:1
LH:1
BRF:0
BRH:0
end_of_record
TN:
SF:src/assets/games/cover/fifa-banner-logo.webp
FNF:0
FNH:0
DA:1,70
LF:1
LH:1
BRF:0
BRH:0
end_of_record
TN:
SF:src/assets/games/cover/fortnite-banner-logo.webp
FNF:0
FNH:0
DA:1,70
LF:1
LH:1
BRF:0
BRH:0
end_of_record
TN:
SF:src/assets/games/cover/hearthstone-banner-logo.webp
FNF:0
FNH:0
DA:1,70
LF:1
LH:1
BRF:0
BRH:0
end_of_record
TN:
SF:src/assets/games/cover/lol-banner-logo.webp
FNF:0
FNH:0
DA:1,70
LF:1
LH:1
BRF:0
BRH:0
end_of_record
TN:
SF:src/assets/games/cover/madden-23-banner-logo.webp
FNF:0
FNH:0
DA:1,70
LF:1
LH:1
BRF:0
BRH:0
end_of_record
TN:
SF:src/assets/games/cover/madden-banner-logo.webp
FNF:0
FNH:0
DA:1,70
LF:1
LH:1
BRF:0
BRH:0
end_of_record
TN:
SF:src/assets/games/cover/nba-23-banner-logo.webp
FNF:0
FNH:0
DA:1,70
LF:1
LH:1
BRF:0
BRH:0
end_of_record
TN:
SF:src/assets/games/cover/nba-banner-logo.webp
FNF:0
FNH:0
DA:1,70
LF:1
LH:1
BRF:0
BRH:0
end_of_record
TN:
SF:src/assets/games/logos/cod-mw-2.webp
FNF:0
FNH:0
DA:1,70
LF:1
LH:1
BRF:0
BRH:0
end_of_record
TN:
SF:src/assets/games/logos/codvanguard-logo.webp
FNF:0
FNH:0
DA:1,70
LF:1
LH:1
BRF:0
BRH:0
end_of_record
TN:
SF:src/assets/games/logos/codwarzone-logo.webp
FNF:0
FNH:0
DA:1,70
LF:1
LH:1
BRF:0
BRH:0
end_of_record
TN:
SF:src/assets/games/logos/csgo-logo.webp
FNF:0
FNH:0
DA:1,70
LF:1
LH:1
BRF:0
BRH:0
end_of_record
TN:
SF:src/assets/games/logos/fifa-23-logo.webp
FNF:0
FNH:0
DA:1,70
LF:1
LH:1
BRF:0
BRH:0
end_of_record
TN:
SF:src/assets/games/logos/fifa-logo.webp
FNF:0
FNH:0
DA:1,70
LF:1
LH:1
BRF:0
BRH:0
end_of_record
TN:
SF:src/assets/games/logos/fortnite-logo.webp
FNF:0
FNH:0
DA:1,70
LF:1
LH:1
BRF:0
BRH:0
end_of_record
TN:
SF:src/assets/games/logos/hearthstone-logo.webp
FNF:0
FNH:0
DA:1,70
LF:1
LH:1
BRF:0
BRH:0
end_of_record
TN:
SF:src/assets/games/logos/league-of-legends-logo.webp
FNF:0
FNH:0
DA:1,70
LF:1
LH:1
BRF:0
BRH:0
end_of_record
TN:
SF:src/assets/games/logos/madden-23-logo.webp
FNF:0
FNH:0
DA:1,70
LF:1
LH:1
BRF:0
BRH:0
end_of_record
TN:
SF:src/assets/games/logos/madden-logo.webp
FNF:0
FNH:0
DA:1,70
LF:1
LH:1
BRF:0
BRH:0
end_of_record
TN:
SF:src/assets/games/logos/nba-23-logo.webp
FNF:0
FNH:0
DA:1,70
LF:1
LH:1
BRF:0
BRH:0
end_of_record
TN:
SF:src/assets/games/logos/nba-logo.webp
FNF:0
FNH:0
DA:1,70
LF:1
LH:1
BRF:0
BRH:0
end_of_record
TN:
SF:src/assets/games/smoke/COD_VANGUARD_SMOKE_EFFECT.webp
FNF:0
FNH:0
DA:1,70
LF:1
LH:1
BRF:0
BRH:0
end_of_record
TN:
SF:src/assets/games/smoke/COD_WARFARE_2_SMOKE_EFFECT.webp
FNF:0
FNH:0
DA:1,70
LF:1
LH:1
BRF:0
BRH:0
end_of_record
TN:
SF:src/assets/games/smoke/COD_WARZONE_SMOKE_EFFECT.webp
FNF:0
FNH:0
DA:1,70
LF:1
LH:1
BRF:0
BRH:0
end_of_record
TN:
SF:src/assets/games/smoke/CSGO_SMOKE_EFFECT.webp
FNF:0
FNH:0
DA:1,70
LF:1
LH:1
BRF:0
BRH:0
end_of_record
TN:
SF:src/assets/games/smoke/FIFA_23_SMOKE_EFFECT.webp
FNF:0
FNH:0
DA:1,70
LF:1
LH:1
BRF:0
BRH:0
end_of_record
TN:
SF:src/assets/games/smoke/FIFA_SMOKE_EFFECT.webp
FNF:0
FNH:0
DA:1,70
LF:1
LH:1
BRF:0
BRH:0
end_of_record
TN:
SF:src/assets/games/smoke/FORTNITE_SMOKE_EFFECT.webp
FNF:0
FNH:0
DA:1,70
LF:1
LH:1
BRF:0
BRH:0
end_of_record
TN:
SF:src/assets/games/smoke/HEARTSTONE_SMOKE_EFFECT.webp
FNF:0
FNH:0
DA:1,70
LF:1
LH:1
BRF:0
BRH:0
end_of_record
TN:
SF:src/assets/games/smoke/LOL_SMOKE_EFFECT.webp
FNF:0
FNH:0
DA:1,70
LF:1
LH:1
BRF:0
BRH:0
end_of_record
TN:
SF:src/assets/games/smoke/MADDEN_23_SMOKE_EFFECT.webp
FNF:0
FNH:0
DA:1,70
LF:1
LH:1
BRF:0
BRH:0
end_of_record
TN:
SF:src/assets/games/smoke/MADDEN_SMOKE_EFFECT.webp
FNF:0
FNH:0
DA:1,70
LF:1
LH:1
BRF:0
BRH:0
end_of_record
TN:
SF:src/assets/games/smoke/NBA_23_SMOKE_EFFECT.webp
FNF:0
FNH:0
DA:1,70
LF:1
LH:1
BRF:0
BRH:0
end_of_record
TN:
SF:src/assets/games/smoke/NBA_SMOKE_EFFECT.webp
FNF:0
FNH:0
DA:1,70
LF:1
LH:1
BRF:0
BRH:0
end_of_record
TN:
SF:src/assets/games/smoke-characters/COD_VANGUARD_CHARACTER.webp
FNF:0
FNH:0
DA:1,70
LF:1
LH:1
BRF:0
BRH:0
end_of_record
TN:
SF:src/assets/games/smoke-characters/COD_WARFARE_2_CHARACTER.webp
FNF:0
FNH:0
DA:1,70
LF:1
LH:1
BRF:0
BRH:0
end_of_record
TN:
SF:src/assets/games/smoke-characters/COD_WARZONE_CHARCTER.webp
FNF:0
FNH:0
DA:1,70
LF:1
LH:1
BRF:0
BRH:0
end_of_record
TN:
SF:src/assets/games/smoke-characters/CSGO_CHARACTER_2.webp
FNF:0
FNH:0
DA:1,70
LF:1
LH:1
BRF:0
BRH:0
end_of_record
TN:
SF:src/assets/games/smoke-characters/FIFA_23_CHARACTER.webp
FNF:0
FNH:0
DA:1,70
LF:1
LH:1
BRF:0
BRH:0
end_of_record
TN:
SF:src/assets/games/smoke-characters/FIFA_CHARACTER.webp
FNF:0
FNH:0
DA:1,70
LF:1
LH:1
BRF:0
BRH:0
end_of_record
TN:
SF:src/assets/games/smoke-characters/FORTNITE_CHARACTER_2.webp
FNF:0
FNH:0
DA:1,70
LF:1
LH:1
BRF:0
BRH:0
end_of_record
TN:
SF:src/assets/games/smoke-characters/HEARTSTONE_CHARACTER.webp
FNF:0
FNH:0
DA:1,70
LF:1
LH:1
BRF:0
BRH:0
end_of_record
TN:
SF:src/assets/games/smoke-characters/LOL_CHARACTER.webp
FNF:0
FNH:0
DA:1,70
LF:1
LH:1
BRF:0
BRH:0
end_of_record
TN:
SF:src/assets/games/smoke-characters/MADDEN_23_CHARACTER.webp
FNF:0
FNH:0
DA:1,70
LF:1
LH:1
BRF:0
BRH:0
end_of_record
TN:
SF:src/assets/games/smoke-characters/MADDEN_CHARACTER.webp
FNF:0
FNH:0
DA:1,70
LF:1
LH:1
BRF:0
BRH:0
end_of_record
TN:
SF:src/assets/games/smoke-characters/NBA_23_CHARACTER.webp
FNF:0
FNH:0
DA:1,70
LF:1
LH:1
BRF:0
BRH:0
end_of_record
TN:
SF:src/assets/games/smoke-characters/NBA_CHARACTER.webp
FNF:0
FNH:0
DA:1,70
LF:1
LH:1
BRF:0
BRH:0
end_of_record
TN:
SF:src/assets/icons/arrow-left.webp
FNF:0
FNH:0
DA:1,4
LF:1
LH:1
BRF:0
BRH:0
end_of_record
TN:
SF:src/assets/icons/diagonalLines.webp
FNF:0
FNH:0
DA:1,4
LF:1
LH:1
BRF:0
BRH:0
end_of_record
TN:
SF:src/assets/icons/empty_profile.webp
FNF:0
FNH:0
DA:1,2
LF:1
LH:1
BRF:0
BRH:0
end_of_record
TN:
SF:src/assets/icons/exclaim.webp
FNF:0
FNH:0
DA:1,1
LF:1
LH:1
BRF:0
BRH:0
end_of_record
TN:
SF:src/assets/icons/play-circle.webp
FNF:0
FNH:0
DA:1,2
LF:1
LH:1
BRF:0
BRH:0
end_of_record
TN:
SF:src/assets/icons/radio.webp
FNF:0
FNH:0
DA:1,2
LF:1
LH:1
BRF:0
BRH:0
end_of_record
TN:
SF:src/assets/icons/riotgames.webp
FNF:0
FNH:0
DA:1,1
LF:1
LH:1
BRF:0
BRH:0
end_of_record
TN:
SF:src/assets/icons/star.webp
FNF:0
FNH:0
DA:1,2
LF:1
LH:1
BRF:0
BRH:0
end_of_record
TN:
SF:src/assets/icons/trophy-yellow.webp
FNF:0
FNH:0
DA:1,2
LF:1
LH:1
BRF:0
BRH:0
end_of_record
TN:
SF:src/assets/icons/wallet-disconnected.webp
FNF:0
FNH:0
DA:1,5
LF:1
LH:1
BRF:0
BRH:0
end_of_record
TN:
SF:src/assets/images/opponentFound.webp
FNF:0
FNH:0
DA:1,1
LF:1
LH:1
BRF:0
BRH:0
end_of_record
TN:
SF:src/assets/networks/algo.webp
FNF:0
FNH:0
DA:1,70
LF:1
LH:1
BRF:0
BRH:0
end_of_record
TN:
SF:src/assets/networks/avax.webp
FNF:0
FNH:0
DA:1,70
LF:1
LH:1
BRF:0
BRH:0
end_of_record
TN:
SF:src/assets/networks/eth.webp
FNF:0
FNH:0
DA:1,70
LF:1
LH:1
BRF:0
BRH:0
end_of_record
TN:
SF:src/assets/networks/flow.webp
FNF:0
FNH:0
DA:1,70
LF:1
LH:1
BRF:0
BRH:0
end_of_record
TN:
SF:src/assets/networks/hbar.webp
FNF:0
FNH:0
DA:1,70
LF:1
LH:1
BRF:0
BRH:0
end_of_record
TN:
SF:src/assets/networks/matic.webp
FNF:0
FNH:0
DA:1,70
LF:1
LH:1
BRF:0
BRH:0
end_of_record
TN:
SF:src/assets/networks/sol.webp
FNF:0
FNH:0
DA:1,70
LF:1
LH:1
BRF:0
BRH:0
end_of_record
TN:
SF:src/assets/networks/trx.webp
FNF:0
FNH:0
DA:1,70
LF:1
LH:1
BRF:0
BRH:0
end_of_record
TN:
SF:src/assets/networks/xlm.webp
FNF:0
FNH:0
DA:1,70
LF:1
LH:1
BRF:0
BRH:0
end_of_record
TN:
SF:src/assets/prizes/first.webp
FNF:0
FNH:0
DA:1,4
LF:1
LH:1
BRF:0
BRH:0
end_of_record
TN:
SF:src/assets/prizes/second.webp
FNF:0
FNH:0
DA:1,4
LF:1
LH:1
BRF:0
BRH:0
end_of_record
TN:
SF:src/assets/prizes/third.webp
FNF:0
FNH:0
DA:1,4
LF:1
LH:1
BRF:0
BRH:0
end_of_record
TN:
SF:src/common/hooks.js
FN:31,(anonymous_0)
FN:40,(anonymous_1)
FN:43,(anonymous_2)
FN:44,(anonymous_3)
FN:59,(anonymous_4)
FN:117,(anonymous_5)
FN:120,(anonymous_6)
FN:121,(anonymous_7)
FN:127,(anonymous_8)
FN:136,(anonymous_9)
FN:141,(anonymous_10)
FN:142,(anonymous_11)
FN:149,(anonymous_12)
FN:150,(anonymous_13)
FN:160,(anonymous_14)
FN:165,(anonymous_15)
FN:185,(anonymous_16)
FN:195,(anonymous_17)
FN:203,(anonymous_18)
FN:217,(anonymous_19)
FN:220,(anonymous_20)
FN:221,(anonymous_21)
FN:241,(anonymous_22)
FN:244,(anonymous_23)
FN:248,(anonymous_24)
FN:255,(anonymous_25)
FN:271,(anonymous_26)
FN:300,(anonymous_27)
FNF:28
FNH:5
FNDA:49,(anonymous_0)
FNDA:0,(anonymous_1)
FNDA:0,(anonymous_2)
FNDA:0,(anonymous_3)
FNDA:0,(anonymous_4)
FNDA:15,(anonymous_5)
FNDA:3,(anonymous_6)
FNDA:3,(anonymous_7)
FNDA:0,(anonymous_8)
FNDA:0,(anonymous_9)
FNDA:0,(anonymous_10)
FNDA:0,(anonymous_11)
FNDA:0,(anonymous_12)
FNDA:0,(anonymous_13)
FNDA:49,(anonymous_14)
FNDA:0,(anonymous_15)
FNDA:0,(anonymous_16)
FNDA:0,(anonymous_17)
FNDA:0,(anonymous_18)
FNDA:0,(anonymous_19)
FNDA:0,(anonymous_20)
FNDA:0,(anonymous_21)
FNDA:0,(anonymous_22)
FNDA:0,(anonymous_23)
FNDA:0,(anonymous_24)
FNDA:0,(anonymous_25)
FNDA:0,(anonymous_26)
FNDA:0,(anonymous_27)
DA:31,70
DA:32,49
DA:33,49
DA:34,49
DA:35,49
DA:37,49
DA:40,70
DA:43,0
DA:44,0
DA:46,0
DA:57,0
DA:59,0
DA:61,0
DA:64,0
DA:67,0
DA:69,0
DA:71,0
DA:72,0
DA:76,0
DA:77,0
DA:78,0
DA:79,0
DA:80,0
DA:81,0
DA:82,0
DA:86,0
DA:87,0
DA:88,0
DA:89,0
DA:90,0
DA:91,0
DA:92,0
DA:98,0
DA:99,0
DA:100,0
DA:101,0
DA:102,0
DA:103,0
DA:104,0
DA:107,0
DA:108,0
DA:109,0
DA:110,0
DA:111,0
DA:114,0
DA:117,70
DA:118,15
DA:119,15
DA:120,15
DA:121,3
DA:122,3
DA:123,2
DA:125,1
DA:127,0
DA:136,70
DA:137,0
DA:138,0
DA:139,0
DA:141,0
DA:142,0
DA:143,0
DA:144,0
DA:146,0
DA:149,0
DA:150,0
DA:158,70
DA:160,70
DA:161,49
DA:162,49
DA:163,49
DA:165,49
DA:166,0
DA:167,0
DA:168,0
DA:170,0
DA:174,0
DA:175,0
DA:178,0
DA:181,0
DA:185,70
DA:186,0
DA:187,0
DA:188,0
DA:189,0
DA:191,0
DA:192,0
DA:193,0
DA:195,0
DA:196,0
DA:197,0
DA:198,0
DA:200,0
DA:203,0
DA:204,0
DA:217,0
DA:218,0
DA:219,0
DA:220,0
DA:221,0
DA:222,0
DA:223,0
DA:225,0
DA:226,0
DA:228,0
DA:232,0
DA:234,0
DA:238,0
DA:241,0
DA:242,0
DA:243,0
DA:244,0
DA:245,0
DA:249,0
DA:250,0
DA:251,0
DA:256,0
DA:257,0
DA:258,0
DA:264,0
DA:265,0
DA:266,0
DA:271,0
DA:272,0
DA:274,0
DA:275,0
DA:276,0
DA:278,0
DA:282,0
DA:286,0
DA:288,0
DA:297,0
DA:299,0
DA:300,0
DA:301,0
DA:302,0
DA:304,0
DA:305,0
DA:307,0
DA:310,0
DA:312,0
DA:314,0
DA:320,0
DA:322,0
LF:143
LH:23
BRDA:33,0,0,49
BRDA:33,0,1,12
BRDA:35,1,0,49
BRDA:35,1,1,49
BRDA:71,2,0,0
BRDA:71,2,1,0
BRDA:81,3,0,0
BRDA:81,3,1,0
BRDA:91,4,0,0
BRDA:91,4,1,0
BRDA:103,5,0,0
BRDA:103,5,1,0
BRDA:122,6,0,2
BRDA:122,6,1,1
BRDA:143,7,0,0
BRDA:143,7,1,0
BRDA:197,8,0,0
BRDA:197,8,1,0
BRDA:218,9,0,0
BRDA:218,9,1,0
BRDA:222,10,0,0
BRDA:222,10,1,0
BRDA:225,11,0,0
BRDA:225,11,1,0
BRDA:242,12,0,0
BRDA:242,12,1,0
BRDA:272,13,0,0
BRDA:272,13,1,0
BRDA:274,14,0,0
BRDA:274,14,1,0
BRDA:301,15,0,0
BRDA:301,15,1,0
BRDA:304,16,0,0
BRDA:304,16,1,0
BRF:34
BRH:6
end_of_record
TN:
SF:src/common/tests/mockServer/handlers.js
FN:19,(anonymous_0)
FN:22,(anonymous_1)
FN:25,(anonymous_2)
FN:28,(anonymous_3)
FN:31,(anonymous_4)
FN:34,(anonymous_5)
FN:37,(anonymous_6)
FN:40,(anonymous_7)
FN:43,(anonymous_8)
FN:46,(anonymous_9)
FN:49,(anonymous_10)
FN:52,(anonymous_11)
FN:55,(anonymous_12)
FN:61,(anonymous_13)
FN:64,(anonymous_14)
FN:67,(anonymous_15)
FN:70,(anonymous_16)
FN:76,(anonymous_17)
FN:82,(anonymous_18)
FN:88,(anonymous_19)
FN:105,(anonymous_20)
FN:109,(anonymous_21)
FN:138,(anonymous_22)
FN:150,(anonymous_23)
FN:153,(anonymous_24)
FN:156,(anonymous_25)
FN:159,(anonymous_26)
FN:165,(anonymous_27)
FN:171,(anonymous_28)
FN:174,(anonymous_29)
FN:180,(anonymous_30)
FN:190,(anonymous_31)
FN:193,(anonymous_32)
FN:214,(anonymous_33)
FN:227,(anonymous_34)
FN:230,(anonymous_35)
FN:233,(anonymous_36)
FN:244,(anonymous_37)
FN:247,(anonymous_38)
FN:253,(anonymous_39)
FN:256,(anonymous_40)
FN:259,(anonymous_41)
FN:262,(anonymous_42)
FN:265,(anonymous_43)
FN:268,(anonymous_44)
FN:271,(anonymous_45)
FN:274,(anonymous_46)
FN:277,(anonymous_47)
FN:280,(anonymous_48)
FN:283,(anonymous_49)
FN:289,(anonymous_50)
FN:292,(anonymous_51)
FN:295,(anonymous_52)
FN:298,(anonymous_53)
FN:301,(anonymous_54)
FN:304,(anonymous_55)
FN:307,(anonymous_56)
FN:310,(anonymous_57)
FN:313,(anonymous_58)
FN:325,(anonymous_59)
FN:328,(anonymous_60)
FN:337,(anonymous_61)
FN:340,(anonymous_62)
FN:343,(anonymous_63)
FN:349,(anonymous_64)
FN:353,(anonymous_65)
FN:356,(anonymous_66)
FN:359,(anonymous_67)
FN:362,(anonymous_68)
FN:365,(anonymous_69)
FN:368,(anonymous_70)
FN:371,(anonymous_71)
FN:374,(anonymous_72)
FN:377,(anonymous_73)
FN:380,(anonymous_74)
FN:383,(anonymous_75)
FN:386,(anonymous_76)
FN:389,(anonymous_77)
FN:395,(anonymous_78)
FN:401,(anonymous_79)
FNF:80
FNH:22
FNDA:0,(anonymous_0)
FNDA:8,(anonymous_1)
FNDA:4,(anonymous_2)
FNDA:1,(anonymous_3)
FNDA:1,(anonymous_4)
FNDA:0,(anonymous_5)
FNDA:26,(anonymous_6)
FNDA:8,(anonymous_7)
FNDA:1,(anonymous_8)
FNDA:0,(anonymous_9)
FNDA:1,(anonymous_10)
FNDA:0,(anonymous_11)
FNDA:0,(anonymous_12)
FNDA:0,(anonymous_13)
FNDA:0,(anonymous_14)
FNDA:1,(anonymous_15)
FNDA:0,(anonymous_16)
FNDA:0,(anonymous_17)
FNDA:0,(anonymous_18)
FNDA:0,(anonymous_19)
FNDA:0,(anonymous_20)
FNDA:0,(anonymous_21)
FNDA:0,(anonymous_22)
FNDA:2,(anonymous_23)
FNDA:2,(anonymous_24)
FNDA:4,(anonymous_25)
FNDA:3,(anonymous_26)
FNDA:0,(anonymous_27)
FNDA:0,(anonymous_28)
FNDA:0,(anonymous_29)
FNDA:0,(anonymous_30)
FNDA:7,(anonymous_31)
FNDA:0,(anonymous_32)
FNDA:0,(anonymous_33)
FNDA:0,(anonymous_34)
FNDA:0,(anonymous_35)
FNDA:13,(anonymous_36)
FNDA:0,(anonymous_37)
FNDA:0,(anonymous_38)
FNDA:0,(anonymous_39)
FNDA:0,(anonymous_40)
FNDA:0,(anonymous_41)
FNDA:0,(anonymous_42)
FNDA:0,(anonymous_43)
FNDA:0,(anonymous_44)
FNDA:5,(anonymous_45)
FNDA:5,(anonymous_46)
FNDA:0,(anonymous_47)
FNDA:0,(anonymous_48)
FNDA:0,(anonymous_49)
FNDA:0,(anonymous_50)
FNDA:3,(anonymous_51)
FNDA:0,(anonymous_52)
FNDA:0,(anonymous_53)
FNDA:0,(anonymous_54)
FNDA:0,(anonymous_55)
FNDA:0,(anonymous_56)
FNDA:0,(anonymous_57)
FNDA:11,(anonymous_58)
FNDA:0,(anonymous_59)
FNDA:0,(anonymous_60)
FNDA:0,(anonymous_61)
FNDA:0,(anonymous_62)
FNDA:4,(anonymous_63)
FNDA:0,(anonymous_64)
FNDA:0,(anonymous_65)
FNDA:0,(anonymous_66)
FNDA:0,(anonymous_67)
FNDA:0,(anonymous_68)
FNDA:0,(anonymous_69)
FNDA:0,(anonymous_70)
FNDA:0,(anonymous_71)
FNDA:0,(anonymous_72)
FNDA:0,(anonymous_73)
FNDA:0,(anonymous_74)
FNDA:0,(anonymous_75)
FNDA:0,(anonymous_76)
FNDA:0,(anonymous_77)
FNDA:3,(anonymous_78)
FNDA:4,(anonymous_79)
DA:18,50
DA:20,0
DA:23,8
DA:26,4
DA:29,1
DA:32,1
DA:35,0
DA:38,26
DA:41,8
DA:44,1
DA:47,0
DA:50,1
DA:53,0
DA:56,0
DA:62,0
DA:65,0
DA:68,1
DA:71,0
DA:77,0
DA:83,0
DA:89,0
DA:106,0
DA:107,0
DA:110,0
DA:139,0
DA:151,2
DA:154,2
DA:157,4
DA:160,3
DA:166,0
DA:172,0
DA:175,0
DA:181,0
DA:191,7
DA:194,0
DA:215,0
DA:228,0
DA:231,0
DA:234,13
DA:245,0
DA:248,0
DA:254,0
DA:257,0
DA:260,0
DA:263,0
DA:266,0
DA:269,0
DA:272,5
DA:275,5
DA:278,0
DA:281,0
DA:284,0
DA:285,0
DA:287,0
DA:290,0
DA:293,3
DA:296,0
DA:299,0
DA:302,0
DA:305,0
DA:308,0
DA:311,0
DA:314,11
DA:326,0
DA:329,0
DA:338,0
DA:341,0
DA:344,4
DA:350,0
DA:354,0
DA:357,0
DA:360,0
DA:363,0
DA:366,0
DA:369,0
DA:372,0
DA:375,0
DA:378,0
DA:381,0
DA:384,0
DA:387,0
DA:390,0
DA:396,3
DA:402,4
LF:84
LH:23
BRDA:284,0,0,0
BRDA:284,0,1,0
BRF:2
BRH:0
end_of_record
TN:
SF:src/common/tests/mockServer/server.js
FNF:0
FNH:0
DA:5,50
LF:1
LH:1
BRF:0
BRH:0
end_of_record
TN:
SF:src/components/AvatarProfile.js
FN:24,(anonymous_0)
FN:25,(anonymous_1)
FN:26,(anonymous_2)
FN:27,(anonymous_3)
FN:34,(anonymous_4)
FNF:5
FNH:5
FNDA:8,(anonymous_0)
FNDA:8,(anonymous_1)
FNDA:8,(anonymous_2)
FNDA:8,(anonymous_3)
FNDA:23,(anonymous_4)
DA:11,5
DA:23,5
DA:24,8
DA:25,8
DA:26,8
DA:27,8
DA:34,5
DA:35,23
LF:8
LH:8
BRDA:27,0,0,4
BRDA:27,0,1,4
BRDA:38,1,0,23
BRDA:38,1,1,0
BRDA:40,2,0,23
BRDA:40,2,1,8
BRDA:40,3,0,8
BRDA:40,3,1,0
BRDA:41,4,0,23
BRDA:41,4,1,0
BRF:10
BRH:7
end_of_record
TN:
SF:src/components/BottomBackArrow.js
FN:9,(anonymous_0)
FN:24,(anonymous_1)
FN:29,(anonymous_2)
FN:33,(anonymous_3)
FNF:4
FNH:3
FNDA:66,(anonymous_0)
FNDA:66,(anonymous_1)
FNDA:66,(anonymous_2)
FNDA:0,(anonymous_3)
DA:7,4
DA:9,66
DA:13,4
DA:18,4
DA:24,66
DA:29,4
DA:30,66
DA:32,66
DA:33,0
LF:9
LH:8
BRF:0
BRH:0
end_of_record
TN:
SF:src/components/Container.js
FN:11,(anonymous_0)
FN:24,(anonymous_1)
FN:61,(anonymous_2)
FN:73,(anonymous_3)
FNF:4
FNH:4
FNDA:203,(anonymous_0)
FNDA:388,(anonymous_1)
FNDA:573,(anonymous_2)
FNDA:103,(anonymous_3)
DA:11,70
DA:12,203
DA:24,70
DA:33,388
DA:35,388
DA:39,388
DA:40,0
DA:41,0
DA:43,0
DA:44,0
DA:48,388
DA:61,70
DA:62,573
DA:69,70
DA:73,70
DA:74,103
LF:16
LH:12
BRDA:31,0,0,0
BRDA:39,1,0,0
BRDA:39,1,1,388
BRDA:40,2,0,0
BRDA:40,2,1,0
BRDA:43,3,0,0
BRDA:43,3,1,0
BRDA:55,4,0,378
BRDA:55,4,1,10
BRDA:55,5,0,257
BRDA:55,5,1,131
BRDA:63,6,0,410
BRDA:63,6,1,163
BRF:13
BRH:7
end_of_record
TN:
SF:src/components/DubbzLogoHeader.js
FN:18,(anonymous_0)
FN:27,(anonymous_1)
FNF:2
FNH:2
FNDA:146,(anonymous_0)
FNDA:146,(anonymous_1)
DA:7,4
DA:9,4
DA:17,4
DA:18,146
DA:27,4
DA:28,146
LF:6
LH:6
BRF:0
BRH:0
end_of_record
TN:
SF:src/components/GlowingImage.js
FN:24,(anonymous_0)
FNF:1
FNH:1
FNDA:180,(anonymous_0)
DA:4,4
DA:13,4
DA:19,4
DA:24,4
DA:25,180
LF:5
LH:5
BRF:0
BRH:0
end_of_record
TN:
SF:src/components/P1Notifications.js
FN:12,(anonymous_0)
FN:17,(anonymous_1)
FN:21,(anonymous_2)
FN:36,(anonymous_3)
FNF:4
FNH:0
FNDA:0,(anonymous_0)
FNDA:0,(anonymous_1)
FNDA:0,(anonymous_2)
FNDA:0,(anonymous_3)
DA:12,1
DA:13,0
DA:14,0
DA:15,0
DA:17,0
DA:18,0
DA:21,0
DA:22,0
DA:23,0
DA:29,0
DA:30,0
DA:31,0
DA:32,0
DA:37,0
DA:43,0
LF:15
LH:1
BRDA:22,0,0,0
BRDA:22,0,1,0
BRDA:31,1,0,0
BRDA:31,1,1,0
BRF:4
BRH:0
end_of_record
TN:
SF:src/components/AsyncNavigator/AsyncNavigator.js
FN:11,(anonymous_0)
FN:17,(anonymous_1)
FNF:2
FNH:0
FNDA:0,(anonymous_0)
FNDA:0,(anonymous_1)
DA:11,1
DA:12,0
DA:13,0
DA:14,0
DA:15,0
DA:17,0
DA:18,0
DA:19,0
DA:20,0
DA:24,0
LF:10
LH:1
BRDA:18,0,0,0
BRDA:18,0,1,0
BRF:2
BRH:0
end_of_record
TN:
SF:src/components/BabylonEngineContext/BabylonEngineContext.js
FN:12,(anonymous_0)
FNF:1
FNH:0
FNDA:0,(anonymous_0)
DA:6,5
DA:10,5
DA:12,5
DA:13,0
DA:15,0
LF:5
LH:3
BRDA:13,0,0,0
BRDA:13,0,1,0
BRF:2
BRH:0
end_of_record
TN:
SF:src/components/BlurViewContainer/BlurViewContainer.js
FN:7,(anonymous_0)
FN:11,(anonymous_1)
FN:23,(anonymous_2)
FNF:3
FNH:3
FNDA:113,(anonymous_0)
FNDA:113,(anonymous_1)
FNDA:113,(anonymous_2)
DA:6,70
DA:7,113
DA:10,70
DA:11,113
DA:15,70
DA:21,70
DA:23,70
DA:24,113
LF:8
LH:8
BRDA:23,0,0,94
BRDA:23,1,0,94
BRDA:23,2,0,105
BRDA:23,3,0,72
BRF:4
BRH:4
end_of_record
TN:
SF:src/components/Box/Box.js
FN:9,(anonymous_0)
FN:28,(anonymous_1)
FN:33,(anonymous_2)
FN:44,(anonymous_3)
FNF:4
FNH:4
FNDA:61,(anonymous_0)
FNDA:61,(anonymous_1)
FNDA:61,(anonymous_2)
FNDA:61,(anonymous_3)
DA:8,70
DA:9,61
DA:15,70
DA:22,70
DA:27,70
DA:28,61
DA:33,70
DA:34,61
DA:45,61
LF:9
LH:9
BRDA:33,0,0,0
BRDA:42,1,0,61
BRDA:42,1,1,61
BRDA:46,2,0,0
BRDA:46,2,1,61
BRDA:50,3,0,0
BRDA:50,3,1,61
BRDA:50,4,0,61
BRDA:50,4,1,0
BRF:9
BRH:5
end_of_record
TN:
SF:src/components/Captcha/Captcha.js
FN:18,(anonymous_0)
FN:25,(anonymous_1)
FN:28,(anonymous_2)
FN:33,(anonymous_3)
FN:37,(anonymous_4)
FN:51,(anonymous_5)
FN:65,(anonymous_6)
FN:73,(anonymous_7)
FN:74,(anonymous_8)
FN:77,(anonymous_9)
FN:78,(anonymous_10)
FNF:11
FNH:3
FNDA:0,(anonymous_0)
FNDA:220,(anonymous_1)
FNDA:220,(anonymous_2)
FNDA:0,(anonymous_3)
FNDA:0,(anonymous_4)
FNDA:9,(anonymous_5)
FNDA:0,(anonymous_6)
FNDA:0,(anonymous_7)
FNDA:0,(anonymous_8)
FNDA:0,(anonymous_9)
FNDA:0,(anonymous_10)
DA:13,2
DA:17,2
DA:18,0
DA:21,2
DA:25,220
DA:28,2
DA:29,220
DA:30,220
DA:31,220
DA:32,220
DA:33,220
DA:34,0
DA:37,220
DA:38,0
DA:41,220
DA:52,9
DA:54,9
DA:56,0
DA:65,0
DA:73,0
DA:75,0
DA:77,0
DA:79,0
LF:23
LH:14
BRDA:28,0,0,0
BRDA:49,1,0,37
BRDA:49,1,1,183
BRDA:50,2,0,37
BRDA:50,2,1,183
BRDA:52,3,0,9
BRDA:52,3,1,0
BRDA:60,4,0,220
BRDA:60,4,1,0
BRF:9
BRH:6
end_of_record
TN:
SF:src/components/Carousel/Carousel.js
FN:7,(anonymous_0)
FN:15,(anonymous_1)
FN:24,(anonymous_2)
FN:35,(anonymous_3)
FNF:4
FNH:3
FNDA:4,(anonymous_0)
FNDA:8,(anonymous_1)
FNDA:8,(anonymous_2)
FNDA:0,(anonymous_3)
DA:7,2
DA:8,4
DA:12,4
DA:15,8
DA:20,4
DA:25,8
DA:36,0
LF:7
LH:6
BRDA:28,0,0,0
BRDA:28,0,1,8
BRDA:36,1,0,0
BRDA:36,1,1,0
BRF:4
BRH:1
end_of_record
TN:
SF:src/components/ConnectToTwitch/ConnectToTwitch.js
FN:21,(anonymous_0)
FN:30,(anonymous_1)
FN:35,(anonymous_2)
FN:42,(anonymous_3)
FN:51,(anonymous_4)
FN:58,(anonymous_5)
FN:59,(anonymous_6)
FN:66,(anonymous_7)
FN:87,(anonymous_8)
FN:90,(anonymous_9)
FN:107,(anonymous_10)
FN:130,(anonymous_11)
FNF:12
FNH:4
FNDA:0,(anonymous_0)
FNDA:0,(anonymous_1)
FNDA:3,(anonymous_2)
FNDA:3,(anonymous_3)
FNDA:0,(anonymous_4)
FNDA:0,(anonymous_5)
FNDA:0,(anonymous_6)
FNDA:3,(anonymous_7)
FNDA:0,(anonymous_8)
FNDA:0,(anonymous_9)
FNDA:0,(anonymous_10)
FNDA:1,(anonymous_11)
DA:20,70
DA:21,0
DA:25,70
DA:29,70
DA:30,0
DA:34,70
DA:35,3
DA:42,70
DA:43,3
DA:44,3
DA:45,3
DA:46,3
DA:47,3
DA:48,3
DA:49,3
DA:51,3
DA:52,0
DA:53,0
DA:58,0
DA:60,0
DA:61,0
DA:66,3
DA:67,3
DA:68,0
DA:72,3
DA:88,0
DA:91,0
DA:92,0
DA:108,0
DA:131,1
DA:132,1
DA:138,0
LF:32
LH:19
BRDA:35,0,0,3
BRDA:35,0,1,0
BRDA:67,1,0,0
BRDA:67,1,1,3
BRDA:67,2,0,3
BRDA:67,2,1,1
BRDA:67,2,2,0
BRDA:74,3,0,0
BRDA:74,3,1,3
BRDA:74,4,0,3
BRDA:74,4,1,1
BRDA:91,5,0,0
BRDA:91,5,1,0
BRDA:122,6,0,1
BRDA:122,6,1,2
BRDA:122,7,0,3
BRDA:122,7,1,3
BRDA:124,8,0,1
BRDA:124,8,1,2
BRDA:124,9,0,3
BRDA:124,9,1,3
BRDA:128,10,0,1
BRDA:128,10,1,2
BRDA:128,11,0,3
BRDA:128,11,1,3
BRDA:131,12,0,1
BRDA:131,12,1,0
BRDA:131,13,0,1
BRDA:131,13,1,1
BRDA:141,14,0,1
BRDA:141,14,1,2
BRDA:141,15,0,3
BRDA:141,15,1,3
BRDA:143,16,0,3
BRDA:143,16,1,0
BRDA:144,17,0,1
BRDA:144,17,1,2
BRDA:144,18,0,3
BRDA:144,18,1,3
BRF:39
BRH:31
end_of_record
TN:
SF:src/components/ConnectWallet/ConnectWallet.js
FN:14,(anonymous_0)
FN:28,(anonymous_1)
FN:39,(anonymous_2)
FN:47,(anonymous_3)
FN:53,(anonymous_4)
FN:56,(anonymous_5)
FNF:6
FNH:3
FNDA:101,(anonymous_0)
FNDA:0,(anonymous_1)
FNDA:101,(anonymous_2)
FNDA:101,(anonymous_3)
FNDA:0,(anonymous_4)
FNDA:0,(anonymous_5)
DA:9,70
DA:14,101
DA:20,70
DA:25,70
DA:28,0
DA:31,70
DA:40,101
DA:47,70
DA:48,101
DA:49,101
DA:50,101
DA:52,101
DA:54,0
DA:57,0
DA:60,101
LF:15
LH:12
BRDA:14,0,0,0
BRDA:14,0,1,101
BRDA:40,1,0,101
BRDA:40,1,1,0
BRDA:52,2,0,0
BRDA:52,2,1,101
BRDA:66,3,0,0
BRDA:66,3,1,101
BRDA:72,4,0,101
BRDA:72,4,1,0
BRF:10
BRH:5
end_of_record
TN:
SF:src/components/CopyField/CopyField.js
FN:28,(anonymous_0)
FN:32,(anonymous_1)
FN:41,(anonymous_2)
FN:53,(anonymous_3)
FN:58,(anonymous_4)
FN:61,(anonymous_5)
FNF:6
FNH:5
FNDA:56,(anonymous_0)
FNDA:1,(anonymous_1)
FNDA:1,(anonymous_2)
FNDA:56,(anonymous_3)
FNDA:1,(anonymous_4)
FNDA:0,(anonymous_5)
DA:9,70
DA:18,70
DA:26,70
DA:28,56
DA:31,70
DA:32,1
DA:35,70
DA:41,1
DA:44,70
DA:53,70
DA:54,56
DA:56,56
DA:58,56
DA:59,1
DA:60,1
DA:61,1
DA:62,0
DA:66,56
LF:18
LH:17
BRDA:71,0,0,56
BRDA:71,0,1,1
BRF:2
BRH:2
end_of_record
TN:
SF:src/components/CountDown/CountDown.js
FN:14,(anonymous_0)
FN:17,(anonymous_1)
FN:33,(anonymous_2)
FN:34,(anonymous_3)
FN:82,(anonymous_4)
FNF:5
FNH:5
FNDA:408,(anonymous_0)
FNDA:204,(anonymous_1)
FNDA:131,(anonymous_2)
FNDA:131,(anonymous_3)
FNDA:131,(anonymous_4)
DA:6,70
DA:12,70
DA:14,408
DA:17,70
DA:30,204
DA:31,204
DA:33,204
DA:34,131
DA:35,131
DA:37,131
DA:40,0
DA:41,0
DA:42,0
DA:45,0
DA:46,0
DA:48,0
DA:52,0
DA:53,0
DA:54,0
DA:55,0
DA:56,0
DA:59,0
DA:60,0
DA:61,0
DA:62,0
DA:65,0
DA:66,0
DA:67,0
DA:69,0
DA:72,0
DA:73,0
DA:74,0
DA:75,0
DA:79,131
DA:81,131
DA:82,131
DA:83,131
DA:87,204
DA:89,204
DA:90,1
DA:93,204
LF:41
LH:18
BRDA:23,0,0,204
BRDA:24,1,0,0
BRDA:25,2,0,122
BRDA:26,3,0,204
BRDA:28,4,0,184
BRDA:35,5,0,131
BRDA:35,5,1,0
BRDA:42,6,0,0
BRDA:42,6,1,0
BRDA:42,7,0,0
BRDA:42,7,1,0
BRDA:42,7,2,0
BRDA:45,8,0,0
BRDA:45,8,1,0
BRDA:53,9,0,0
BRDA:53,9,1,0
BRDA:59,10,0,0
BRDA:59,10,1,0
BRDA:66,11,0,0
BRDA:66,11,1,0
BRDA:74,12,0,0
BRDA:74,12,1,0
BRDA:89,13,0,1
BRDA:89,13,1,203
BRDA:95,14,0,0
BRDA:95,14,1,204
BRF:26
BRH:8
end_of_record
TN:
SF:src/components/CountryFlag/CountryFlag.js
FN:4,(anonymous_0)
FNF:1
FNH:1
FNDA:292,(anonymous_0)
DA:4,70
DA:5,292
DA:6,166
DA:8,126
LF:4
LH:4
BRDA:4,0,0,0
BRDA:5,1,0,166
BRDA:5,1,1,126
BRF:3
BRH:2
end_of_record
TN:
SF:src/components/DrawerHeader/DrawerHeader.js
FN:77,(anonymous_0)
FN:106,(anonymous_1)
FN:118,(anonymous_2)
FN:123,(anonymous_3)
FN:148,(anonymous_4)
FN:163,(anonymous_5)
FN:190,(anonymous_6)
FNF:7
FNH:3
FNDA:115,(anonymous_0)
FNDA:0,(anonymous_1)
FNDA:115,(anonymous_2)
FNDA:228,(anonymous_3)
FNDA:0,(anonymous_4)
FNDA:0,(anonymous_5)
FNDA:0,(anonymous_6)
DA:27,70
DA:35,70
DA:41,70
DA:45,70
DA:54,70
DA:60,70
DA:70,70
DA:78,115
DA:84,70
DA:86,70
DA:96,70
DA:105,70
DA:106,0
DA:111,70
DA:118,70
DA:119,115
DA:120,115
DA:121,115
DA:122,115
DA:123,228
DA:124,115
DA:126,115
DA:149,0
DA:164,0
DA:191,0
DA:192,0
LF:26
LH:21
BRDA:78,0,0,115
BRDA:78,0,1,101
BRDA:118,1,0,101
BRDA:131,2,0,12
BRDA:131,2,1,103
BRDA:137,3,0,12
BRDA:137,3,1,103
BRDA:144,4,0,115
BRDA:144,4,1,0
BRDA:181,5,0,14
BRDA:181,5,1,101
BRF:11
BRH:10
end_of_record
TN:
SF:src/components/DrawerHeader/components/BurguerMenu.js
FN:20,(anonymous_0)
FN:23,(anonymous_1)
FN:27,(anonymous_2)
FNF:3
FNH:2
FNDA:303,(anonymous_0)
FNDA:101,(anonymous_1)
FNDA:0,(anonymous_2)
DA:6,70
DA:11,70
DA:16,70
DA:20,303
DA:23,70
DA:24,101
DA:26,101
DA:27,0
LF:8
LH:7
BRF:0
BRH:0
end_of_record
TN:
SF:src/components/DrawerHeader/components/CloseIcon.js
FN:8,(anonymous_0)
FNF:1
FNH:1
FNDA:14,(anonymous_0)
DA:6,70
DA:8,70
DA:9,14
LF:3
LH:3
BRF:0
BRH:0
end_of_record
TN:
SF:src/components/DrawerHeader/components/NotificationIcon.js
FN:14,(anonymous_0)
FN:20,(anonymous_1)
FNF:2
FNH:1
FNDA:0,(anonymous_0)
FNDA:101,(anonymous_1)
DA:8,70
DA:10,70
DA:14,0
DA:20,70
DA:21,101
LF:5
LH:4
BRDA:23,0,0,101
BRDA:23,0,1,0
BRDA:24,1,0,101
BRDA:24,1,1,0
BRF:4
BRH:2
end_of_record
TN:
SF:src/components/DrawerHeader/components/UserInfo.js
FN:17,(anonymous_0)
FN:31,(anonymous_1)
FNF:2
FNH:2
FNDA:230,(anonymous_0)
FNDA:115,(anonymous_1)
DA:7,70
DA:12,70
DA:16,70
DA:17,230
DA:22,70
DA:24,70
DA:31,70
DA:32,115
DA:34,115
LF:9
LH:9
BRDA:19,0,0,0
BRDA:19,0,1,70
BRDA:28,1,0,0
BRDA:28,1,1,70
BRF:4
BRH:2
end_of_record
TN:
SF:src/components/EmptyState/EmptyState.js
FN:6,(anonymous_0)
FN:16,(anonymous_1)
FN:24,(anonymous_2)
FN:32,(anonymous_3)
FN:40,(anonymous_4)
FN:48,(anonymous_5)
FN:67,(anonymous_6)
FN:88,(anonymous_7)
FN:106,(anonymous_8)
FNF:9
FNH:8
FNDA:45,(anonymous_0)
FNDA:5,(anonymous_1)
FNDA:25,(anonymous_2)
FNDA:3,(anonymous_3)
FNDA:0,(anonymous_4)
FNDA:12,(anonymous_5)
FNDA:87,(anonymous_6)
FNDA:39,(anonymous_7)
FNDA:45,(anonymous_8)
DA:5,70
DA:6,45
DA:16,70
DA:17,5
DA:24,70
DA:25,25
DA:32,70
DA:33,3
DA:40,70
DA:41,0
DA:48,70
DA:49,12
DA:56,70
DA:60,70
DA:66,70
DA:67,87
DA:75,70
DA:85,70
DA:88,39
DA:90,70
DA:99,70
DA:106,70
DA:116,45
DA:124,45
DA:126,45
LF:25
LH:24
BRDA:6,0,0,9
BRDA:6,0,1,36
BRDA:88,1,0,24
BRDA:88,1,1,15
BRDA:132,2,0,45
BRDA:132,2,1,45
BRDA:133,3,0,45
BRDA:133,3,1,42
BRDA:134,4,0,45
BRDA:134,4,1,45
BRDA:136,5,0,45
BRDA:136,5,1,27
BRDA:137,6,0,45
BRDA:137,6,1,12
BRF:14
BRH:14
end_of_record
TN:
SF:src/components/FieldTrigger/FieldTrigger.js
FN:11,(anonymous_0)
FN:33,(anonymous_1)
FN:34,(anonymous_2)
FN:47,(anonymous_3)
FN:54,(anonymous_4)
FNF:5
FNH:5
FNDA:202,(anonymous_0)
FNDA:202,(anonymous_1)
FNDA:202,(anonymous_2)
FNDA:202,(anonymous_3)
FNDA:202,(anonymous_4)
DA:7,70
DA:12,202
DA:22,70
DA:30,70
DA:33,202
DA:34,202
DA:38,70
DA:43,70
DA:47,202
DA:50,70
DA:54,70
DA:55,202
LF:12
LH:12
BRDA:12,0,0,202
BRDA:12,0,1,72
BRDA:34,1,0,202
BRDA:34,1,1,72
BRDA:54,2,0,130
BRDA:57,3,0,202
BRDA:57,3,1,202
BRDA:60,4,0,202
BRDA:60,4,1,202
BRDA:63,5,0,202
BRDA:63,5,1,202
BRDA:65,6,0,72
BRDA:65,6,1,130
BRF:13
BRH:13
end_of_record
TN:
SF:src/components/FunctionsForwarder/FunctionsForwarder.js
FN:13,(anonymous_0)
FN:19,(anonymous_1)
FN:29,(anonymous_2)
FN:30,(anonymous_3)
FN:35,(anonymous_4)
FN:37,(anonymous_5)
FN:54,(anonymous_6)
FN:64,(anonymous_7)
FNF:8
FNH:0
FNDA:0,(anonymous_0)
FNDA:0,(anonymous_1)
FNDA:0,(anonymous_2)
FNDA:0,(anonymous_3)
FNDA:0,(anonymous_4)
FNDA:0,(anonymous_5)
FNDA:0,(anonymous_6)
FNDA:0,(anonymous_7)
DA:11,70
DA:13,70
DA:14,0
DA:16,0
DA:17,0
DA:19,0
DA:20,0
DA:21,0
DA:22,0
DA:24,0
DA:28,0
DA:29,0
DA:30,0
DA:33,0
DA:35,0
DA:37,0
DA:38,0
DA:39,0
DA:40,0
DA:42,0
DA:46,0
DA:48,0
DA:55,0
DA:61,0
DA:64,0
DA:72,0
LF:26
LH:2
BRDA:20,0,0,0
BRDA:20,0,1,0
BRDA:35,1,0,0
BRF:3
BRH:0
end_of_record
TN:
SF:src/components/GameCard/GameCard.js
FN:17,(anonymous_0)
FN:19,(anonymous_1)
FN:60,(anonymous_2)
FN:101,(anonymous_3)
FN:116,(anonymous_4)
FN:121,(anonymous_5)
FN:148,(anonymous_6)
FN:157,(anonymous_7)
FNF:8
FNH:6
FNDA:3,(anonymous_0)
FNDA:3,(anonymous_1)
FNDA:3,(anonymous_2)
FNDA:1,(anonymous_3)
FNDA:2,(anonymous_4)
FNDA:3,(anonymous_5)
FNDA:0,(anonymous_6)
FNDA:0,(anonymous_7)
DA:15,2
DA:17,3
DA:19,3
DA:22,2
DA:26,2
DA:34,2
DA:39,2
DA:55,2
DA:61,3
DA:62,3
DA:63,3
DA:65,3
DA:102,1
DA:103,1
DA:116,2
DA:117,2
DA:118,2
DA:119,2
DA:121,2
DA:122,3
DA:123,3
DA:124,3
DA:126,0
DA:129,2
DA:131,2
DA:149,0
DA:157,0
LF:27
LH:24
BRDA:70,0,0,3
BRDA:70,0,1,0
BRDA:123,1,0,3
BRDA:123,1,1,0
BRDA:123,2,0,3
BRDA:123,2,1,3
BRDA:133,3,0,2
BRDA:133,3,1,0
BRF:8
BRH:5
end_of_record
TN:
SF:src/components/GameCharecteristics/components/GameCard.js
FN:98,(anonymous_0)
FN:148,(anonymous_1)
FN:150,(anonymous_2)
FN:151,(anonymous_3)
FN:203,(anonymous_4)
FNF:5
FNH:4
FNDA:6,(anonymous_0)
FNDA:6,(anonymous_1)
FNDA:6,(anonymous_2)
FNDA:6,(anonymous_3)
FNDA:0,(anonymous_4)
DA:26,2
DA:36,2
DA:45,2
DA:51,2
DA:60,2
DA:65,2
DA:74,2
DA:84,2
DA:93,2
DA:99,6
DA:108,2
DA:113,2
DA:123,2
DA:127,2
DA:140,2
DA:148,2
DA:149,6
DA:150,6
DA:151,6
DA:152,6
DA:153,6
DA:154,6
DA:156,6
DA:204,0
DA:205,0
LF:25
LH:23
BRDA:99,0,0,6
BRDA:99,0,1,4
BRF:2
BRH:2
end_of_record
TN:
SF:src/components/GameSelector/GameSelector.js
FN:16,(anonymous_0)
FN:27,(anonymous_1)
FN:46,(anonymous_2)
FN:51,(anonymous_3)
FN:57,(anonymous_4)
FN:68,(anonymous_5)
FN:83,(anonymous_6)
FN:85,(anonymous_7)
FNF:8
FNH:7
FNDA:9,(anonymous_0)
FNDA:9,(anonymous_1)
FNDA:5,(anonymous_2)
FNDA:4,(anonymous_3)
FNDA:19,(anonymous_4)
FNDA:1,(anonymous_5)
FNDA:0,(anonymous_6)
FNDA:28,(anonymous_7)
DA:13,2
DA:16,9
DA:25,2
DA:27,9
DA:31,2
DA:37,2
DA:42,2
DA:46,2
DA:47,5
DA:48,5
DA:49,5
DA:51,5
DA:52,4
DA:53,2
DA:57,5
DA:58,19
DA:59,10
DA:62,9
DA:68,1
DA:77,5
DA:85,28
LF:21
LH:21
BRDA:16,0,0,3
BRDA:16,0,1,6
BRDA:52,1,0,2
BRDA:52,1,1,2
BRDA:52,2,0,4
BRDA:52,2,1,4
BRDA:58,3,0,10
BRDA:58,3,1,9
BRDA:66,4,0,3
BRDA:66,4,1,6
BRDA:84,5,0,5
BRDA:84,5,1,0
BRF:12
BRH:11
end_of_record
TN:
SF:src/components/GameSettings/GameSettings.js
FN:19,(anonymous_0)
FN:26,(anonymous_1)
FN:54,(anonymous_2)
FN:59,(anonymous_3)
FNF:4
FNH:4
FNDA:68,(anonymous_0)
FNDA:68,(anonymous_1)
FNDA:17,(anonymous_2)
FNDA:68,(anonymous_3)
DA:10,6
DA:17,6
DA:19,68
DA:26,68
DA:29,6
DA:35,6
DA:39,6
DA:47,6
DA:54,6
DA:55,17
DA:57,17
DA:60,68
LF:12
LH:12
BRF:0
BRH:0
end_of_record
TN:
SF:src/components/GradientText/GradientText.js
FN:8,(anonymous_0)
FNF:1
FNH:1
FNDA:102,(anonymous_0)
DA:8,12
DA:9,102
DA:10,0
DA:12,0
DA:13,0
DA:16,0
DA:17,0
DA:20,0
DA:33,102
DA:47,12
LF:10
LH:4
BRDA:9,0,0,0
BRDA:9,0,1,102
BRDA:12,1,0,0
BRDA:12,1,1,0
BRDA:16,2,0,0
BRDA:16,2,1,0
BRDA:37,3,0,66
BRDA:37,3,1,36
BRDA:38,4,0,18
BRDA:38,4,1,84
BRF:10
BRH:5
end_of_record
TN:
SF:src/components/ImageVisualizer/ImageVisualizer.js
FN:29,(anonymous_0)
FN:32,(anonymous_1)
FN:37,(anonymous_2)
FNF:3
FNH:3
FNDA:37,(anonymous_0)
FNDA:37,(anonymous_1)
FNDA:2,(anonymous_2)
DA:6,70
DA:11,70
DA:17,70
DA:27,70
DA:29,70
DA:30,37
DA:33,37
DA:37,2
LF:8
LH:8
BRDA:35,0,0,37
BRDA:35,0,1,37
BRF:2
BRH:2
end_of_record
TN:
SF:src/components/Inputs/ConfirmationInput.js
FN:6,(anonymous_0)
FN:7,(anonymous_1)
FN:8,(anonymous_2)
FN:11,(anonymous_3)
FN:15,(anonymous_4)
FN:18,(anonymous_5)
FN:19,(anonymous_6)
FNF:7
FNH:7
FNDA:14,(anonymous_0)
FNDA:14,(anonymous_1)
FNDA:14,(anonymous_2)
FNDA:14,(anonymous_3)
FNDA:14,(anonymous_4)
FNDA:90,(anonymous_5)
FNDA:35,(anonymous_6)
DA:5,70
DA:6,14
DA:7,14
DA:8,14
DA:11,14
DA:14,70
DA:15,14
DA:18,70
DA:19,90
DA:21,35
DA:24,90
LF:11
LH:11
BRDA:6,0,0,0
BRDA:6,0,1,14
BRDA:7,1,0,0
BRDA:7,1,1,14
BRDA:8,2,0,0
BRDA:8,2,1,14
BRDA:27,3,0,90
BRDA:27,3,1,29
BRDA:27,3,2,14
BRF:9
BRH:6
end_of_record
TN:
SF:src/components/Inputs/Radio.js
FN:11,(anonymous_0)
FN:16,(anonymous_1)
FN:26,(anonymous_2)
FN:37,(anonymous_3)
FN:40,(anonymous_4)
FN:42,(anonymous_5)
FNF:6
FNH:6
FNDA:741,(anonymous_0)
FNDA:741,(anonymous_1)
FNDA:741,(anonymous_2)
FNDA:289,(anonymous_3)
FNDA:741,(anonymous_4)
FNDA:20,(anonymous_5)
DA:4,70
DA:11,741
DA:15,70
DA:16,741
DA:21,70
DA:27,741
DA:33,70
DA:37,289
DA:40,70
DA:41,741
DA:42,20
LF:11
LH:11
BRDA:11,0,0,0
BRDA:11,0,1,741
BRDA:16,1,0,0
BRDA:16,1,1,741
BRDA:27,2,0,289
BRDA:27,2,1,452
BRDA:27,3,0,0
BRDA:27,3,1,452
BRDA:40,4,0,741
BRDA:40,5,0,0
BRDA:43,6,0,741
BRDA:43,6,1,741
BRDA:45,7,0,741
BRDA:45,7,1,289
BRF:14
BRH:10
end_of_record
TN:
SF:src/components/Inputs/SelectorInput.js
FN:12,(anonymous_0)
FN:16,(anonymous_1)
FN:39,(anonymous_2)
FN:39,(anonymous_3)
FNF:4
FNH:2
FNDA:101,(anonymous_0)
FNDA:0,(anonymous_1)
FNDA:101,(anonymous_2)
FNDA:0,(anonymous_3)
DA:9,70
DA:12,101
DA:15,70
DA:16,0
DA:25,70
DA:32,70
DA:39,70
DA:40,101
DA:41,101
LF:9
LH:8
BRDA:12,0,0,101
BRDA:12,0,1,0
BRDA:39,1,0,0
BRDA:40,2,0,0
BRDA:40,2,1,101
BRDA:43,3,0,101
BRDA:43,3,1,0
BRF:7
BRH:3
end_of_record
TN:
SF:src/components/Inputs/Switch.js
FN:17,(anonymous_0)
FN:23,(anonymous_1)
FN:25,(anonymous_2)
FNF:3
FNH:2
FNDA:4,(anonymous_0)
FNDA:4,(anonymous_1)
FNDA:0,(anonymous_2)
DA:5,70
DA:16,70
DA:17,4
DA:23,70
DA:24,4
DA:25,0
LF:6
LH:5
BRDA:23,0,0,4
BRDA:26,1,0,4
BRDA:26,1,1,4
BRF:3
BRH:3
end_of_record
TN:
SF:src/components/Inputs/TextInput.js
FN:7,(anonymous_0)
FN:11,(anonymous_1)
FN:13,(anonymous_2)
FN:14,(anonymous_3)
FN:21,(anonymous_4)
FN:22,(anonymous_5)
FN:23,(anonymous_6)
FN:26,(anonymous_7)
FN:32,(anonymous_8)
FN:33,(anonymous_9)
FN:34,(anonymous_10)
FN:38,(anonymous_11)
FN:53,(anonymous_12)
FN:65,(anonymous_13)
FN:70,(anonymous_14)
FN:82,(anonymous_15)
FN:97,(anonymous_16)
FN:102,(anonymous_17)
FN:111,(anonymous_18)
FNF:19
FNH:15
FNDA:2660,(anonymous_0)
FNDA:2660,(anonymous_1)
FNDA:2660,(anonymous_2)
FNDA:2660,(anonymous_3)
FNDA:1431,(anonymous_4)
FNDA:1431,(anonymous_5)
FNDA:1431,(anonymous_6)
FNDA:1431,(anonymous_7)
FNDA:5,(anonymous_8)
FNDA:5,(anonymous_9)
FNDA:5,(anonymous_10)
FNDA:5,(anonymous_11)
FNDA:349,(anonymous_12)
FNDA:2660,(anonymous_13)
FNDA:0,(anonymous_14)
FNDA:336,(anonymous_15)
FNDA:0,(anonymous_16)
FNDA:0,(anonymous_17)
FNDA:0,(anonymous_18)
DA:6,70
DA:8,2660
DA:11,2660
DA:13,2660
DA:14,2660
DA:20,70
DA:21,1431
DA:22,1431
DA:23,1431
DA:26,1431
DA:31,70
DA:32,5
DA:33,5
DA:34,5
DA:38,5
DA:41,70
DA:49,70
DA:53,349
DA:60,70
DA:65,70
DA:80,2660
DA:81,2660
DA:82,2660
DA:84,336
DA:87,2660
DA:98,0
DA:99,0
DA:102,0
DA:111,0
LF:29
LH:25
BRDA:8,0,0,1911
BRDA:8,0,1,749
BRDA:8,1,0,0
BRDA:8,1,1,1911
BRDA:11,2,0,349
BRDA:11,2,1,2311
BRDA:13,3,0,1911
BRDA:13,3,1,749
BRDA:14,4,0,1911
BRDA:14,4,1,749
BRDA:21,5,0,0
BRDA:21,5,1,1431
BRDA:22,6,0,0
BRDA:22,6,1,1431
BRDA:23,7,0,0
BRDA:23,7,1,1431
BRDA:26,8,0,685
BRDA:26,8,1,746
BRDA:32,9,0,0
BRDA:32,9,1,5
BRDA:33,10,0,0
BRDA:33,10,1,5
BRDA:34,11,0,0
BRDA:34,11,1,5
BRDA:53,12,0,90
BRDA:53,12,1,259
BRDA:67,13,0,2335
BRDA:70,14,0,1008
BRDA:71,15,0,1911
BRDA:72,16,0,2660
BRDA:75,17,0,2214
BRDA:77,18,0,1229
BRDA:89,19,0,2660
BRDA:89,19,1,1431
BRDA:89,19,2,1431
BRDA:92,20,0,1431
BRDA:92,20,1,1229
BRDA:92,21,0,1229
BRDA:92,21,1,1226
BRDA:110,22,0,2660
BRDA:110,22,1,325
BRDA:112,23,0,325
BRDA:112,23,1,0
BRDA:115,24,0,2660
BRDA:115,24,1,349
BRDA:116,25,0,2660
BRDA:116,25,1,5
BRF:47
BRH:39
end_of_record
TN:
SF:src/components/JoinDiscord/JoinDiscord.js
FN:24,(anonymous_0)
FN:34,(anonymous_1)
FN:35,(anonymous_2)
FNF:3
FNH:3
FNDA:2,(anonymous_0)
FNDA:1,(anonymous_1)
FNDA:1,(anonymous_2)
DA:12,2
DA:17,2
DA:24,2
DA:25,2
DA:27,2
DA:35,1
DA:36,1
DA:37,1
LF:8
LH:8
BRDA:24,0,0,2
BRDA:36,1,0,1
BRDA:36,1,1,0
BRF:3
BRH:2
end_of_record
TN:
SF:src/components/JoinDiscord/components/Players.js
FN:14,(anonymous_0)
FN:15,(anonymous_1)
FN:36,(anonymous_2)
FNF:3
FNH:3
FNDA:95,(anonymous_0)
FNDA:95,(anonymous_1)
FNDA:19,(anonymous_2)
DA:5,5
DA:13,5
DA:14,95
DA:15,95
DA:18,5
DA:24,5
DA:30,5
DA:36,5
DA:37,19
LF:9
LH:9
BRDA:15,0,0,38
BRDA:15,0,1,57
BRF:2
BRH:2
end_of_record
TN:
SF:src/components/LinearProgressBar/LinearProgressBar.js
FN:22,(anonymous_0)
FN:30,(anonymous_1)
FN:37,(anonymous_2)
FN:40,(anonymous_3)
FNF:4
FNH:4
FNDA:798,(anonymous_0)
FNDA:798,(anonymous_1)
FNDA:399,(anonymous_2)
FNDA:798,(anonymous_3)
DA:4,70
DA:14,70
DA:20,70
DA:22,798
DA:28,70
DA:30,798
DA:37,70
DA:38,399
DA:41,798
LF:9
LH:9
BRDA:22,0,0,399
BRDA:22,0,1,399
BRDA:30,1,0,399
BRDA:30,1,1,399
BRDA:37,2,0,0
BRDA:43,3,0,0
BRDA:43,3,1,798
BRDA:43,4,0,798
BRDA:43,4,1,0
BRF:9
BRH:6
end_of_record
TN:
SF:src/components/LoadingGate/LoadingGate.js
FN:14,(anonymous_0)
FN:17,(anonymous_1)
FNF:2
FNH:2
FNDA:95,(anonymous_0)
FNDA:222,(anonymous_1)
DA:8,70
DA:14,95
DA:17,70
DA:19,222
DA:20,18
DA:23,222
DA:24,95
DA:31,127
LF:8
LH:8
BRDA:17,0,0,188
BRDA:19,1,0,18
BRDA:19,1,1,204
BRDA:23,2,0,95
BRDA:23,2,1,127
BRDA:25,3,0,2
BRDA:25,3,1,93
BRF:7
BRH:7
end_of_record
TN:
SF:src/components/MainDrawer/MainDrawer.js
FN:20,(anonymous_0)
FN:23,(anonymous_1)
FN:33,(anonymous_2)
FN:39,(anonymous_3)
FNF:4
FNH:0
FNDA:0,(anonymous_0)
FNDA:0,(anonymous_1)
FNDA:0,(anonymous_2)
FNDA:0,(anonymous_3)
DA:13,1
DA:15,1
DA:20,1
DA:21,0
DA:22,0
DA:23,0
DA:24,0
DA:25,0
DA:29,0
DA:33,0
DA:39,0
LF:11
LH:3
BRDA:24,0,0,0
BRDA:24,0,1,0
BRF:2
BRH:0
end_of_record
TN:
SF:src/components/MainDrawer/components/Drawer.js
FN:41,(anonymous_0)
FN:44,(anonymous_1)
FN:54,(anonymous_2)
FN:55,(anonymous_3)
FN:58,(anonymous_4)
FN:59,(anonymous_5)
FN:71,(anonymous_6)
FN:93,(anonymous_7)
FN:102,(anonymous_8)
FN:123,(anonymous_9)
FNF:10
FNH:0
FNDA:0,(anonymous_0)
FNDA:0,(anonymous_1)
FNDA:0,(anonymous_2)
FNDA:0,(anonymous_3)
FNDA:0,(anonymous_4)
FNDA:0,(anonymous_5)
FNDA:0,(anonymous_6)
FNDA:0,(anonymous_7)
FNDA:0,(anonymous_8)
FNDA:0,(anonymous_9)
DA:22,1
DA:30,1
DA:35,1
DA:39,1
DA:41,0
DA:44,1
DA:45,0
DA:46,0
DA:47,0
DA:48,0
DA:49,0
DA:50,0
DA:52,0
DA:54,0
DA:55,0
DA:56,0
DA:58,0
DA:59,0
DA:60,0
DA:63,0
DA:67,0
DA:71,0
DA:94,0
DA:95,0
DA:103,0
DA:104,0
DA:124,0
DA:125,0
DA:126,0
DA:128,0
DA:129,0
DA:130,0
DA:131,0
DA:133,0
DA:134,0
DA:135,0
LF:36
LH:5
BRDA:78,0,0,0
BRDA:78,0,1,0
BRDA:84,1,0,0
BRDA:84,1,1,0
BRDA:87,2,0,0
BRDA:87,2,1,0
BRDA:92,3,0,0
BRDA:92,3,1,0
BRDA:101,4,0,0
BRDA:101,4,1,0
BRDA:125,5,0,0
BRDA:125,5,1,0
BRDA:125,6,0,0
BRDA:125,6,1,0
BRDA:130,7,0,0
BRDA:130,7,1,0
BRF:16
BRH:0
end_of_record
TN:
SF:src/components/MainDrawer/components/DrawerItem.js
FN:13,(anonymous_0)
FN:18,(anonymous_1)
FN:26,(anonymous_2)
FN:49,(anonymous_3)
FN:49,(anonymous_4)
FNF:5
FNH:4
FNDA:90,(anonymous_0)
FNDA:90,(anonymous_1)
FNDA:90,(anonymous_2)
FNDA:90,(anonymous_3)
FNDA:0,(anonymous_4)
DA:9,2
DA:14,90
DA:19,90
DA:25,2
DA:26,90
DA:33,2
DA:44,2
DA:49,2
DA:50,90
LF:9
LH:9
BRDA:14,0,0,90
BRDA:14,0,1,0
BRDA:19,1,0,90
BRDA:19,1,1,0
BRDA:26,2,0,0
BRDA:26,2,1,90
BRDA:49,3,0,0
BRDA:49,4,0,0
BRDA:49,5,0,90
BRDA:49,6,0,90
BRDA:49,7,0,90
BRDA:54,8,0,90
BRDA:54,8,1,90
BRDA:56,9,0,0
BRDA:56,9,1,90
BRDA:60,10,0,90
BRDA:60,10,1,90
BRDA:60,10,2,90
BRDA:60,10,3,90
BRF:19
BRH:13
end_of_record
TN:
SF:src/components/MainDrawer/components/Navigator.js
FN:32,(anonymous_0)
FN:39,(anonymous_1)
FN:47,(anonymous_2)
FNF:3
FNH:0
FNDA:0,(anonymous_0)
FNDA:0,(anonymous_1)
FNDA:0,(anonymous_2)
DA:26,1
DA:28,1
DA:32,1
DA:33,0
DA:34,0
DA:35,0
DA:36,0
DA:37,0
DA:39,0
DA:40,0
DA:41,0
DA:43,0
DA:47,0
DA:48,0
DA:50,0
LF:15
LH:3
BRDA:40,0,0,0
BRDA:40,0,1,0
BRF:2
BRH:0
end_of_record
TN:
SF:src/components/MatchHistory/MatchHistory.js
FN:40,(anonymous_0)
FN:43,(anonymous_1)
FN:45,(anonymous_2)
FN:58,(anonymous_3)
FN:119,(anonymous_4)
FN:130,(anonymous_5)
FN:135,(anonymous_6)
FN:144,(anonymous_7)
FNF:8
FNH:5
FNDA:1,(anonymous_0)
FNDA:1,(anonymous_1)
FNDA:1,(anonymous_2)
FNDA:0,(anonymous_3)
FNDA:1,(anonymous_4)
FNDA:0,(anonymous_5)
FNDA:1,(anonymous_6)
FNDA:0,(anonymous_7)
DA:36,70
DA:40,70
DA:41,1
DA:42,1
DA:43,1
DA:44,1
DA:45,1
DA:46,1
DA:49,1
DA:50,1
DA:52,0
DA:54,1
DA:56,1
DA:59,0
DA:60,0
DA:119,70
DA:120,1
DA:121,1
DA:122,1
DA:123,1
DA:124,1
DA:131,0
DA:132,0
DA:136,1
DA:144,0
LF:25
LH:19
BRDA:44,0,0,0
BRDA:44,0,1,1
BRDA:46,1,0,0
BRDA:46,1,1,1
BRDA:49,2,0,1
BRDA:49,2,1,0
BRDA:52,3,0,0
BRDA:52,3,1,0
BRDA:102,4,0,0
BRDA:102,4,1,1
BRDA:102,5,0,1
BRDA:102,5,1,0
BRDA:131,6,0,0
BRDA:131,6,1,0
BRDA:143,7,0,1
BRDA:143,7,1,0
BRF:16
BRH:6
end_of_record
TN:
SF:src/components/MatchHistory/MatchHistory.styles.js
FN:7,(anonymous_0)
FN:11,(anonymous_1)
FN:30,(anonymous_2)
FN:34,(anonymous_3)
FN:43,(anonymous_4)
FN:44,(anonymous_5)
FN:48,(anonymous_6)
FN:90,(anonymous_7)
FN:92,(anonymous_8)
FN:93,(anonymous_9)
FN:94,(anonymous_10)
FN:99,(anonymous_11)
FNF:12
FNH:12
FNDA:1,(anonymous_0)
FNDA:1,(anonymous_1)
FNDA:2,(anonymous_2)
FNDA:2,(anonymous_3)
FNDA:6,(anonymous_4)
FNDA:6,(anonymous_5)
FNDA:2,(anonymous_6)
FNDA:5,(anonymous_7)
FNDA:5,(anonymous_8)
FNDA:5,(anonymous_9)
FNDA:5,(anonymous_10)
FNDA:1,(anonymous_11)
DA:4,70
DA:7,1
DA:10,70
DA:11,1
DA:14,70
DA:22,70
DA:29,70
DA:30,2
DA:35,2
DA:41,70
DA:43,6
DA:44,6
DA:47,70
DA:48,2
DA:52,70
DA:58,70
DA:62,70
DA:67,70
DA:73,70
DA:80,70
DA:84,70
DA:89,70
DA:90,5
DA:92,5
DA:93,5
DA:94,5
DA:97,70
DA:99,1
LF:28
LH:28
BRDA:11,0,0,0
BRDA:11,0,1,1
BRDA:35,1,0,2
BRDA:35,1,1,1
BRDA:43,2,0,3
BRDA:43,2,1,3
BRDA:44,3,0,3
BRDA:44,3,1,3
BRDA:90,4,0,2
BRDA:90,4,1,3
BRDA:92,5,0,5
BRDA:92,5,1,3
BRDA:93,6,0,5
BRDA:93,6,1,5
BRDA:94,7,0,5
BRDA:94,7,1,2
BRF:16
BRH:15
end_of_record
TN:
SF:src/components/MatchHistory/MatchHistoryCard.js
FN:46,(anonymous_0)
FN:48,(anonymous_1)
FN:49,(anonymous_2)
FN:56,(anonymous_3)
FN:75,(anonymous_4)
FN:82,(anonymous_5)
FN:90,(anonymous_6)
FN:98,(anonymous_7)
FN:117,(anonymous_8)
FN:123,(anonymous_9)
FN:130,(anonymous_10)
FN:138,(anonymous_11)
FN:164,(anonymous_12)
FN:166,(anonymous_13)
FN:168,(anonymous_14)
FN:215,(anonymous_15)
FN:248,(anonymous_16)
FN:257,(anonymous_17)
FN:263,(anonymous_18)
FN:268,(anonymous_19)
FN:272,(anonymous_20)
FN:297,(anonymous_21)
FN:306,(anonymous_22)
FN:318,(anonymous_23)
FNF:24
FNH:7
FNDA:0,(anonymous_0)
FNDA:0,(anonymous_1)
FNDA:0,(anonymous_2)
FNDA:0,(anonymous_3)
FNDA:0,(anonymous_4)
FNDA:0,(anonymous_5)
FNDA:0,(anonymous_6)
FNDA:0,(anonymous_7)
FNDA:0,(anonymous_8)
FNDA:0,(anonymous_9)
FNDA:0,(anonymous_10)
FNDA:0,(anonymous_11)
FNDA:0,(anonymous_12)
FNDA:0,(anonymous_13)
FNDA:0,(anonymous_14)
FNDA:0,(anonymous_15)
FNDA:7,(anonymous_16)
FNDA:3,(anonymous_17)
FNDA:7,(anonymous_18)
FNDA:4,(anonymous_19)
FNDA:3,(anonymous_20)
FNDA:14,(anonymous_21)
FNDA:0,(anonymous_22)
FNDA:1,(anonymous_23)
DA:39,2
DA:44,2
DA:46,0
DA:48,0
DA:49,0
DA:52,2
DA:56,0
DA:64,2
DA:72,2
DA:75,0
DA:79,2
DA:82,0
DA:87,2
DA:90,0
DA:95,2
DA:98,0
DA:102,2
DA:109,2
DA:114,2
DA:117,0
DA:120,2
DA:123,0
DA:126,2
DA:130,0
DA:134,2
DA:138,0
DA:141,2
DA:149,2
DA:164,2
DA:165,0
DA:166,0
DA:167,0
DA:168,0
DA:169,0
DA:170,0
DA:172,0
DA:173,0
DA:175,0
DA:177,0
DA:178,0
DA:180,0
DA:215,0
DA:245,2
DA:248,7
DA:255,2
DA:257,3
DA:263,2
DA:264,7
DA:265,7
DA:266,7
DA:267,7
DA:268,7
DA:269,4
DA:272,7
DA:273,3
DA:274,3
DA:277,7
DA:279,7
DA:298,14
DA:306,0
DA:319,1
LF:61
LH:35
BRDA:167,0,0,0
BRDA:167,0,1,0
BRDA:170,1,0,0
BRDA:170,1,1,0
BRDA:172,2,0,0
BRDA:172,2,1,0
BRDA:172,3,0,0
BRDA:172,3,1,0
BRDA:175,4,0,0
BRDA:175,4,1,0
BRDA:178,5,0,0
BRDA:178,5,1,0
BRDA:178,6,0,0
BRDA:178,6,1,0
BRDA:185,7,0,0
BRDA:185,7,1,0
BRDA:188,8,0,0
BRDA:188,8,1,0
BRDA:202,9,0,0
BRDA:202,9,1,0
BRDA:214,10,0,0
BRDA:214,10,1,0
BRDA:219,11,0,0
BRDA:219,11,1,0
BRDA:282,12,0,0
BRDA:282,12,1,7
BRDA:308,13,0,0
BRDA:308,13,1,7
BRDA:314,14,0,7
BRDA:314,14,1,3
BRDA:330,15,0,7
BRDA:330,15,1,4
BRF:32
BRH:6
end_of_record
TN:
SF:src/components/MatchHistory/MatchHistoryEmptyState.js
FN:15,(anonymous_0)
FN:15,(anonymous_1)
FN:30,(anonymous_2)
FNF:3
FNH:1
FNDA:4,(anonymous_0)
FNDA:0,(anonymous_1)
FNDA:0,(anonymous_2)
DA:10,70
DA:15,70
DA:16,4
DA:18,4
DA:20,4
DA:31,0
DA:32,0
LF:7
LH:5
BRDA:15,0,0,4
BRF:1
BRH:1
end_of_record
TN:
SF:src/components/MatchRules/MatchRules.js
FN:9,(anonymous_0)
FN:14,(anonymous_1)
FN:22,(anonymous_2)
FN:29,(anonymous_3)
FNF:4
FNH:3
FNDA:1,(anonymous_0)
FNDA:1,(anonymous_1)
FNDA:0,(anonymous_2)
FNDA:1,(anonymous_3)
DA:8,70
DA:9,1
DA:13,70
DA:14,1
DA:19,70
DA:22,0
DA:29,70
DA:30,1
DA:31,1
LF:9
LH:8
BRDA:9,0,0,0
BRDA:9,0,1,1
BRDA:14,1,0,1
BRDA:14,1,1,0
BRDA:29,2,0,0
BRDA:29,3,0,0
BRDA:29,4,0,0
BRDA:34,5,0,1
BRDA:34,5,1,0
BRF:9
BRH:3
end_of_record
TN:
SF:src/components/ModalContainer/ModalContainer.js
FN:62,(anonymous_0)
FNF:1
FNH:1
FNDA:491,(anonymous_0)
DA:29,70
DA:54,70
DA:62,70
DA:63,491
DA:65,491
DA:66,472
DA:69,19
DA:71,19
LF:8
LH:8
BRDA:65,0,0,472
BRDA:65,0,1,19
BRDA:65,1,0,491
BRDA:65,1,1,19
BRF:4
BRH:4
end_of_record
TN:
SF:src/components/ModalContainer/modals/Banned/Banned.js
FN:42,(anonymous_0)
FN:61,(anonymous_1)
FN:77,(anonymous_2)
FNF:3
FNH:0
FNDA:0,(anonymous_0)
FNDA:0,(anonymous_1)
FNDA:0,(anonymous_2)
DA:16,70
DA:20,70
DA:26,70
DA:32,70
DA:36,70
DA:42,70
DA:43,0
DA:44,0
DA:46,0
DA:62,0
DA:78,0
LF:11
LH:6
BRDA:53,0,0,0
BRDA:53,0,1,0
BRDA:56,1,0,0
BRDA:56,1,1,0
BRF:4
BRH:0
end_of_record
TN:
SF:src/components/ModalContainer/modals/CallReferee/CallReferee.js
FN:18,(anonymous_0)
FN:46,(anonymous_1)
FN:50,(anonymous_2)
FN:53,(anonymous_3)
FN:53,(anonymous_4)
FN:59,(anonymous_5)
FN:68,(anonymous_6)
FN:69,(anonymous_7)
FN:94,(anonymous_8)
FN:95,(anonymous_9)
FN:120,(anonymous_10)
FNF:11
FNH:4
FNDA:4,(anonymous_0)
FNDA:20,(anonymous_1)
FNDA:4,(anonymous_2)
FNDA:4,(anonymous_3)
FNDA:0,(anonymous_4)
FNDA:0,(anonymous_5)
FNDA:0,(anonymous_6)
FNDA:0,(anonymous_7)
FNDA:0,(anonymous_8)
FNDA:0,(anonymous_9)
FNDA:0,(anonymous_10)
DA:17,70
DA:18,4
DA:24,70
DA:28,70
DA:34,70
DA:39,70
DA:44,70
DA:46,20
DA:49,70
DA:50,4
DA:53,70
DA:54,4
DA:55,4
DA:56,4
DA:57,4
DA:59,4
DA:60,0
DA:61,0
DA:68,0
DA:70,0
DA:71,0
DA:74,0
DA:77,4
DA:95,0
DA:96,0
DA:97,0
DA:120,0
LF:27
LH:17
BRDA:53,0,0,4
BRDA:96,1,0,0
BRDA:96,1,1,0
BRF:3
BRH:1
end_of_record
TN:
SF:src/components/ModalContainer/modals/ChooseWallet/ChooseWallet.js
FN:21,(anonymous_0)
FN:42,(anonymous_1)
FN:68,(anonymous_2)
FN:69,(anonymous_3)
FN:92,(anonymous_4)
FN:105,(anonymous_5)
FN:117,(anonymous_6)
FN:131,(anonymous_7)
FNF:8
FNH:0
FNDA:0,(anonymous_0)
FNDA:0,(anonymous_1)
FNDA:0,(anonymous_2)
FNDA:0,(anonymous_3)
FNDA:0,(anonymous_4)
FNDA:0,(anonymous_5)
FNDA:0,(anonymous_6)
FNDA:0,(anonymous_7)
DA:14,70
DA:19,70
DA:21,0
DA:24,70
DA:31,70
DA:41,70
DA:42,0
DA:48,70
DA:55,70
DA:67,70
DA:68,0
DA:69,0
DA:72,70
DA:77,70
DA:85,70
DA:92,70
DA:93,0
DA:95,0
DA:96,0
DA:98,0
DA:106,0
DA:107,0
DA:118,0
DA:119,0
DA:132,0
DA:133,0
LF:26
LH:12
BRDA:21,0,0,0
BRDA:21,0,1,0
BRDA:68,1,0,0
BRDA:69,2,0,0
BRF:4
BRH:0
end_of_record
TN:
SF:src/components/ModalContainer/modals/Common/Base.js
FN:10,(anonymous_0)
FN:16,(anonymous_1)
FNF:2
FNH:1
FNDA:2,(anonymous_0)
FNDA:0,(anonymous_1)
DA:10,70
DA:11,2
DA:13,2
DA:16,0
LF:4
LH:3
BRF:0
BRH:0
end_of_record
TN:
SF:src/components/ModalContainer/modals/Common/Header.js
FN:7,(anonymous_0)
FNF:1
FNH:1
FNDA:398,(anonymous_0)
DA:7,70
DA:8,398
LF:2
LH:2
BRDA:10,0,0,398
BRDA:10,0,1,94
BRDA:18,1,0,398
BRDA:18,1,1,398
BRDA:18,1,2,0
BRF:5
BRH:4
end_of_record
TN:
SF:src/components/ModalContainer/modals/Common/InfoView.js
FN:21,(anonymous_0)
FN:34,(anonymous_1)
FN:44,(anonymous_2)
FN:49,(anonymous_3)
FN:58,(anonymous_4)
FN:74,(anonymous_5)
FN:80,(anonymous_6)
FNF:7
FNH:0
FNDA:0,(anonymous_0)
FNDA:0,(anonymous_1)
FNDA:0,(anonymous_2)
FNDA:0,(anonymous_3)
FNDA:0,(anonymous_4)
FNDA:0,(anonymous_5)
FNDA:0,(anonymous_6)
DA:14,70
DA:19,70
DA:21,0
DA:27,70
DA:33,70
DA:34,0
DA:40,70
DA:44,70
DA:45,0
DA:47,0
DA:49,0
DA:58,70
DA:59,0
DA:60,0
DA:61,0
DA:63,0
DA:64,0
DA:67,0
DA:74,0
DA:81,0
LF:20
LH:7
BRDA:52,0,0,0
BRDA:52,0,1,0
BRDA:63,1,0,0
BRDA:63,1,1,0
BRF:4
BRH:0
end_of_record
TN:
SF:src/components/ModalContainer/modals/Common/SelectBankAccount.js
FN:30,(anonymous_0)
FN:52,(anonymous_1)
FN:83,(anonymous_2)
FN:112,(anonymous_3)
FN:141,(anonymous_4)
FN:144,(anonymous_5)
FN:158,(anonymous_6)
FN:176,(anonymous_7)
FN:192,(anonymous_8)
FN:204,(anonymous_9)
FN:225,(anonymous_10)
FN:250,(anonymous_11)
FN:273,(anonymous_12)
FN:379,(anonymous_13)
FN:390,(anonymous_14)
FN:407,(anonymous_15)
FNF:16
FNH:13
FNDA:17,(anonymous_0)
FNDA:26,(anonymous_1)
FNDA:26,(anonymous_2)
FNDA:13,(anonymous_3)
FNDA:0,(anonymous_4)
FNDA:0,(anonymous_5)
FNDA:0,(anonymous_6)
FNDA:2,(anonymous_7)
FNDA:17,(anonymous_8)
FNDA:9,(anonymous_9)
FNDA:1,(anonymous_10)
FNDA:1,(anonymous_11)
FNDA:37,(anonymous_12)
FNDA:13,(anonymous_13)
FNDA:2,(anonymous_14)
FNDA:1,(anonymous_15)
DA:20,70
DA:27,70
DA:30,17
DA:34,70
DA:42,70
DA:44,70
DA:52,26
DA:56,70
DA:60,70
DA:68,70
DA:78,70
DA:82,70
DA:83,26
DA:92,70
DA:97,70
DA:101,70
DA:107,70
DA:112,70
DA:113,13
DA:114,13
DA:115,13
DA:116,13
DA:118,13
DA:142,0
DA:143,0
DA:145,0
DA:146,0
DA:147,0
DA:156,0
DA:159,0
DA:170,13
DA:177,2
DA:192,70
DA:193,17
DA:195,17
DA:197,17
DA:198,17
DA:200,17
DA:201,17
DA:202,17
DA:204,17
DA:205,9
DA:206,5
DA:207,1
DA:210,4
DA:214,17
DA:225,17
DA:226,1
DA:243,1
DA:246,17
DA:250,1
DA:274,37
DA:275,37
DA:380,13
DA:391,2
DA:408,1
DA:409,1
LF:57
LH:50
BRDA:52,0,0,7
BRDA:52,0,1,19
BRDA:123,1,0,13
BRDA:123,1,1,0
BRDA:142,2,0,0
BRDA:142,2,1,0
BRDA:173,3,0,7
BRDA:173,3,1,6
BRDA:205,4,0,5
BRDA:205,4,1,4
BRDA:206,5,0,1
BRDA:206,5,1,4
BRDA:250,6,0,0
BRDA:250,6,1,1
BRDA:255,7,0,4
BRDA:255,7,1,13
BRDA:257,8,0,4
BRDA:257,8,1,13
BRDA:287,9,0,37
BRDA:287,9,1,5
BRDA:307,10,0,37
BRDA:307,10,1,5
BRDA:317,11,0,37
BRDA:317,11,1,5
BRDA:327,12,0,37
BRDA:327,12,1,5
BRDA:337,13,0,37
BRDA:337,13,1,5
BRDA:347,14,0,37
BRDA:347,14,1,5
BRDA:357,15,0,37
BRDA:357,15,1,5
BRDA:366,16,0,37
BRDA:366,16,1,12
BRF:34
BRH:30
end_of_record
TN:
SF:src/components/ModalContainer/modals/Common/SelectNetwork.js
FN:21,(anonymous_0)
FN:42,(anonymous_1)
FN:65,(anonymous_2)
FN:75,(anonymous_3)
FN:85,(anonymous_4)
FN:102,(anonymous_5)
FN:111,(anonymous_6)
FN:117,(anonymous_7)
FN:125,(anonymous_8)
FN:128,(anonymous_9)
FN:133,(anonymous_10)
FN:150,(anonymous_11)
FNF:12
FNH:10
FNDA:7,(anonymous_0)
FNDA:63,(anonymous_1)
FNDA:63,(anonymous_2)
FNDA:7,(anonymous_3)
FNDA:7,(anonymous_4)
FNDA:7,(anonymous_5)
FNDA:0,(anonymous_6)
FNDA:1,(anonymous_7)
FNDA:0,(anonymous_8)
FNDA:63,(anonymous_9)
FNDA:2,(anonymous_10)
FNDA:1,(anonymous_11)
DA:12,70
DA:18,70
DA:21,7
DA:25,70
DA:33,70
DA:42,63
DA:47,70
DA:54,70
DA:59,70
DA:64,70
DA:65,63
DA:73,70
DA:75,7
DA:83,70
DA:85,7
DA:92,70
DA:102,70
DA:103,7
DA:104,7
DA:105,7
DA:106,7
DA:107,7
DA:108,7
DA:110,7
DA:111,0
DA:114,7
DA:117,1
DA:125,0
DA:129,63
DA:134,2
DA:151,1
DA:152,1
LF:32
LH:30
BRDA:42,0,0,7
BRDA:42,0,1,56
BRDA:110,1,0,0
BRDA:110,1,1,7
BRDA:130,2,0,7
BRDA:130,2,1,56
BRF:6
BRH:5
end_of_record
TN:
SF:src/components/ModalContainer/modals/Common/Styles.js
FN:45,(anonymous_0)
FNF:1
FNH:1
FNDA:398,(anonymous_0)
DA:4,70
DA:11,70
DA:18,70
DA:24,70
DA:30,70
DA:37,70
DA:42,70
DA:45,398
DA:51,70
LF:9
LH:9
BRF:0
BRH:0
end_of_record
TN:
SF:src/components/ModalContainer/modals/ConfirmScreen/ConfirmScreen.js
FN:35,(anonymous_0)
FNF:1
FNH:1
FNDA:1,(anonymous_0)
DA:8,70
DA:14,70
DA:18,70
DA:24,70
DA:30,70
DA:35,70
DA:36,1
LF:7
LH:7
BRDA:44,0,0,1
BRDA:44,0,1,1
BRF:2
BRH:2
end_of_record
TN:
SF:src/components/ModalContainer/modals/CustomizeAvatar/CustomizeAvatar.js
FN:20,(anonymous_0)
FN:37,(anonymous_1)
FN:40,(anonymous_2)
FN:40,(anonymous_3)
FN:48,(anonymous_4)
FN:63,(anonymous_5)
FN:67,(anonymous_6)
FN:78,(anonymous_7)
FN:96,(anonymous_8)
FN:107,(anonymous_9)
FNF:10
FNH:0
FNDA:0,(anonymous_0)
FNDA:0,(anonymous_1)
FNDA:0,(anonymous_2)
FNDA:0,(anonymous_3)
FNDA:0,(anonymous_4)
FNDA:0,(anonymous_5)
FNDA:0,(anonymous_6)
FNDA:0,(anonymous_7)
FNDA:0,(anonymous_8)
FNDA:0,(anonymous_9)
DA:19,70
DA:20,0
DA:26,70
DA:31,70
DA:34,70
DA:37,0
DA:40,70
DA:41,0
DA:42,0
DA:43,0
DA:44,0
DA:45,0
DA:46,0
DA:48,0
DA:49,0
DA:50,0
DA:53,0
DA:54,0
DA:63,0
DA:64,0
DA:68,0
DA:69,0
DA:73,0
DA:78,0
DA:79,0
DA:81,0
DA:82,0
DA:85,0
DA:86,0
DA:90,0
DA:96,0
DA:107,0
LF:32
LH:5
BRDA:40,0,0,0
BRDA:49,1,0,0
BRDA:49,1,1,0
BRDA:81,2,0,0
BRDA:81,2,1,0
BRDA:85,3,0,0
BRDA:85,3,1,0
BRDA:94,4,0,0
BRDA:94,4,1,0
BRF:9
BRH:0
end_of_record
TN:
SF:src/components/ModalContainer/modals/DeleteAccount/DeleteAccount.js
FN:39,(anonymous_0)
FN:47,(anonymous_1)
FN:58,(anonymous_2)
FN:62,(anonymous_3)
FN:65,(anonymous_4)
FN:88,(anonymous_5)
FN:97,(anonymous_6)
FN:98,(anonymous_7)
FNF:8
FNH:5
FNDA:12,(anonymous_0)
FNDA:4,(anonymous_1)
FNDA:0,(anonymous_2)
FNDA:12,(anonymous_3)
FNDA:0,(anonymous_4)
FNDA:1,(anonymous_5)
FNDA:0,(anonymous_6)
FNDA:1,(anonymous_7)
DA:19,70
DA:25,70
DA:29,70
DA:36,70
DA:39,12
DA:43,70
DA:47,70
DA:48,4
DA:49,3
DA:50,3
DA:51,3
DA:53,3
DA:63,12
DA:65,0
DA:89,1
DA:90,1
DA:97,0
DA:99,1
LF:18
LH:16
BRDA:77,0,0,12
BRDA:77,0,1,0
BRDA:83,1,0,12
BRDA:83,1,1,8
BRF:4
BRH:3
end_of_record
TN:
SF:src/components/ModalContainer/modals/Deposit/Deposit.js
FN:18,(anonymous_0)
FNF:1
FNH:1
FNDA:1,(anonymous_0)
DA:16,70
DA:18,70
DA:19,1
LF:3
LH:3
BRF:0
BRH:0
end_of_record
TN:
SF:src/components/ModalContainer/modals/Deposit/Deposit.styles.js
FNF:0
FNH:0
DA:4,70
DA:11,70
DA:16,70
LF:3
LH:3
BRF:0
BRH:0
end_of_record
TN:
SF:src/components/ModalContainer/modals/Deposit/components/PaypalDeposit.js
FN:38,(anonymous_0)
FN:59,(anonymous_1)
FN:76,(anonymous_2)
FN:77,(anonymous_3)
FN:115,(anonymous_4)
FNF:5
FNH:3
FNDA:4,(anonymous_0)
FNDA:4,(anonymous_1)
FNDA:0,(anonymous_2)
FNDA:3,(anonymous_3)
FNDA:0,(anonymous_4)
DA:19,70
DA:26,70
DA:33,70
DA:38,70
DA:39,4
DA:40,4
DA:41,4
DA:42,4
DA:44,4
DA:53,4
DA:59,4
DA:62,4
DA:67,4
DA:76,0
DA:79,3
DA:80,3
DA:83,3
DA:84,2
DA:90,2
DA:91,2
DA:92,1
DA:97,1
DA:103,3
DA:104,1
DA:105,1
DA:115,0
LF:26
LH:24
BRDA:50,0,0,0
BRDA:50,0,1,4
BRDA:54,1,0,0
BRDA:54,1,1,4
BRDA:83,2,0,2
BRDA:83,2,1,1
BRDA:91,3,0,1
BRDA:91,3,1,1
BRDA:103,4,0,1
BRDA:103,4,1,2
BRDA:113,5,0,4
BRDA:113,5,1,0
BRF:12
BRH:9
end_of_record
TN:
SF:src/components/ModalContainer/modals/Deposit/components/SelectAmountAndMethod.js
FN:43,(anonymous_0)
FN:47,(anonymous_1)
FN:55,(anonymous_2)
FN:66,(anonymous_3)
FN:68,(anonymous_4)
FN:83,(anonymous_5)
FN:91,(anonymous_6)
FN:106,(anonymous_7)
FN:116,(anonymous_8)
FN:120,(anonymous_9)
FN:130,(anonymous_10)
FN:156,(anonymous_11)
FN:178,(anonymous_12)
FN:204,(anonymous_13)
FN:224,(anonymous_14)
FN:239,(anonymous_15)
FN:247,(anonymous_16)
FN:252,(anonymous_17)
FN:266,(anonymous_18)
FN:274,(anonymous_19)
FN:279,(anonymous_20)
FN:293,(anonymous_21)
FN:308,(anonymous_22)
FNF:23
FNH:22
FNDA:288,(anonymous_0)
FNDA:288,(anonymous_1)
FNDA:72,(anonymous_2)
FNDA:72,(anonymous_3)
FNDA:72,(anonymous_4)
FNDA:36,(anonymous_5)
FNDA:65,(anonymous_6)
FNDA:15,(anonymous_7)
FNDA:15,(anonymous_8)
FNDA:30,(anonymous_9)
FNDA:1,(anonymous_10)
FNDA:3,(anonymous_11)
FNDA:1,(anonymous_12)
FNDA:5,(anonymous_13)
FNDA:79,(anonymous_14)
FNDA:1,(anonymous_15)
FNDA:316,(anonymous_16)
FNDA:1,(anonymous_17)
FNDA:0,(anonymous_18)
FNDA:6,(anonymous_19)
FNDA:4,(anonymous_20)
FNDA:1,(anonymous_21)
FNDA:1,(anonymous_22)
DA:34,70
DA:43,288
DA:46,70
DA:47,288
DA:53,70
DA:55,72
DA:60,70
DA:65,70
DA:66,72
DA:68,72
DA:77,70
DA:82,70
DA:83,36
DA:89,70
DA:91,70
DA:92,65
DA:93,65
DA:94,65
DA:95,65
DA:97,65
DA:98,65
DA:100,65
DA:104,65
DA:106,65
DA:107,15
DA:108,1
DA:112,65
DA:113,65
DA:114,65
DA:116,65
DA:117,15
DA:120,65
DA:121,30
DA:122,3
DA:123,3
DA:126,27
DA:130,65
DA:131,1
DA:132,1
DA:133,1
DA:140,1
DA:142,1
DA:143,1
DA:147,0
DA:151,0
DA:153,1
DA:156,65
DA:157,3
DA:158,3
DA:164,3
DA:165,3
DA:166,3
DA:170,0
DA:174,0
DA:178,65
DA:179,1
DA:180,0
DA:182,1
DA:183,1
DA:190,1
DA:191,1
DA:192,1
DA:196,0
DA:200,0
DA:204,65
DA:205,5
DA:206,1
DA:207,4
DA:208,3
DA:210,1
DA:214,65
DA:225,79
DA:240,1
DA:248,316
DA:253,1
DA:266,0
DA:274,6
DA:279,4
DA:294,1
DA:309,1
LF:80
LH:72
BRDA:43,0,0,72
BRDA:43,0,1,216
BRDA:95,1,0,62
BRDA:95,1,1,3
BRDA:101,2,0,11
BRDA:101,2,1,54
BRDA:104,3,0,65
BRDA:104,3,1,62
BRDA:107,4,0,1
BRDA:107,4,1,14
BRDA:107,5,0,15
BRDA:107,5,1,1
BRDA:121,6,0,3
BRDA:121,6,1,27
BRDA:122,7,0,3
BRDA:122,7,1,0
BRDA:142,8,0,1
BRDA:142,8,1,0
BRDA:165,9,0,3
BRDA:165,9,1,0
BRDA:179,10,0,0
BRDA:179,10,1,1
BRDA:191,11,0,1
BRDA:191,11,1,0
BRDA:205,12,0,1
BRDA:205,12,1,4
BRDA:207,13,0,3
BRDA:207,13,1,1
BRDA:240,14,0,1
BRDA:240,14,1,0
BRDA:240,15,0,1
BRDA:240,15,1,1
BRDA:243,16,0,79
BRDA:243,16,1,79
BRDA:243,16,2,37
BRDA:263,17,0,79
BRDA:263,17,1,77
BRDA:270,18,0,79
BRDA:270,18,1,67
BRDA:287,19,0,32
BRDA:287,19,1,47
BRDA:291,20,0,79
BRDA:291,20,1,32
BRDA:306,21,0,79
BRDA:306,21,1,10
BRDA:317,22,0,9
BRDA:317,22,1,1
BRDA:317,23,0,10
BRDA:317,23,1,9
BRDA:333,24,0,79
BRDA:333,24,1,79
BRF:51
BRH:45
end_of_record
TN:
SF:src/components/ModalContainer/modals/Deposit/components/Transfer.js
FN:22,(anonymous_0)
FN:26,(anonymous_1)
FN:33,(anonymous_2)
FN:56,(anonymous_3)
FN:83,(anonymous_4)
FNF:5
FNH:4
FNDA:4,(anonymous_0)
FNDA:17,(anonymous_1)
FNDA:4,(anonymous_2)
FNDA:0,(anonymous_3)
FNDA:1,(anonymous_4)
DA:19,70
DA:22,4
DA:25,70
DA:26,17
DA:33,70
DA:34,4
DA:35,0
DA:38,4
DA:40,4
DA:42,4
DA:43,4
DA:44,4
DA:45,4
DA:47,4
DA:49,4
DA:56,0
DA:83,1
LF:17
LH:15
BRDA:34,0,0,0
BRDA:34,0,1,4
BRDA:71,1,0,4
BRDA:71,1,1,1
BRF:4
BRH:3
end_of_record
TN:
SF:src/components/ModalContainer/modals/Deposit/components/WireTransfer.js
FN:24,(anonymous_0)
FN:34,(anonymous_1)
FN:38,(anonymous_2)
FN:52,(anonymous_3)
FN:59,(anonymous_4)
FN:68,(anonymous_5)
FN:88,(anonymous_6)
FN:118,(anonymous_7)
FN:175,(anonymous_8)
FN:183,(anonymous_9)
FNF:10
FNH:9
FNDA:30,(anonymous_0)
FNDA:6,(anonymous_1)
FNDA:42,(anonymous_2)
FNDA:6,(anonymous_3)
FNDA:18,(anonymous_4)
FNDA:6,(anonymous_5)
FNDA:1,(anonymous_6)
FNDA:0,(anonymous_7)
FNDA:1,(anonymous_8)
FNDA:1,(anonymous_9)
DA:23,70
DA:24,30
DA:31,70
DA:34,6
DA:37,70
DA:38,42
DA:44,70
DA:51,70
DA:52,6
DA:58,70
DA:59,18
DA:64,70
DA:68,70
DA:69,6
DA:70,0
DA:73,6
DA:75,6
DA:76,6
DA:77,6
DA:78,6
DA:81,6
DA:82,6
DA:83,6
DA:85,6
DA:86,6
DA:88,6
DA:89,1
DA:90,1
DA:95,1
DA:98,6
DA:118,0
DA:175,1
DA:183,1
LF:33
LH:31
BRDA:69,0,0,0
BRDA:69,0,1,6
BRDA:103,1,0,0
BRDA:103,1,1,6
BRDA:107,2,0,6
BRDA:107,2,1,6
BRDA:157,3,0,6
BRDA:157,3,1,6
BRDA:169,4,0,6
BRDA:169,4,1,6
BRDA:175,5,0,0
BRDA:175,5,1,6
BRDA:176,6,0,6
BRDA:176,6,1,6
BRF:14
BRH:11
end_of_record
TN:
SF:src/components/ModalContainer/modals/Deposit/components/utils.js
FN:4,(anonymous_0)
FN:10,(anonymous_1)
FNF:2
FNH:1
FNDA:75,(anonymous_0)
FNDA:0,(anonymous_1)
DA:4,70
DA:5,75
DA:6,75
DA:10,75
DA:11,0
LF:5
LH:4
BRF:0
BRH:0
end_of_record
TN:
SF:src/components/ModalContainer/modals/MatchHistory/MatchHistory.js
FN:20,(anonymous_0)
FN:34,(anonymous_1)
FN:39,(anonymous_2)
FN:42,(anonymous_3)
FN:54,(anonymous_4)
FN:61,(anonymous_5)
FNF:6
FNH:4
FNDA:1,(anonymous_0)
FNDA:1,(anonymous_1)
FNDA:1,(anonymous_2)
FNDA:1,(anonymous_3)
FNDA:0,(anonymous_4)
FNDA:0,(anonymous_5)
DA:15,70
DA:19,70
DA:20,1
DA:26,70
DA:31,70
DA:34,1
DA:37,70
DA:39,1
DA:42,70
DA:43,1
DA:44,1
DA:45,1
DA:47,1
DA:54,0
DA:62,0
LF:15
LH:13
BRDA:39,0,0,1
BRDA:39,0,1,1
BRF:2
BRH:2
end_of_record
TN:
SF:src/components/ModalContainer/modals/MatchStarting/MatchStarting.js
FN:22,(anonymous_0)
FN:48,(anonymous_1)
FN:52,(anonymous_2)
FN:61,(anonymous_3)
FN:68,(anonymous_4)
FN:82,(anonymous_5)
FN:89,(anonymous_6)
FN:97,(anonymous_7)
FN:107,(anonymous_8)
FNF:9
FNH:0
FNDA:0,(anonymous_0)
FNDA:0,(anonymous_1)
FNDA:0,(anonymous_2)
FNDA:0,(anonymous_3)
FNDA:0,(anonymous_4)
FNDA:0,(anonymous_5)
FNDA:0,(anonymous_6)
FNDA:0,(anonymous_7)
FNDA:0,(anonymous_8)
DA:21,70
DA:22,0
DA:29,70
DA:33,70
DA:39,70
DA:45,70
DA:48,0
DA:51,70
DA:52,0
DA:56,70
DA:60,70
DA:61,0
DA:68,70
DA:78,0
DA:79,0
DA:80,0
DA:82,0
DA:83,0
DA:85,0
DA:86,0
DA:89,0
DA:90,0
DA:91,0
DA:95,0
DA:97,0
DA:98,0
DA:104,0
DA:107,0
DA:108,0
DA:117,0
DA:120,0
LF:31
LH:9
BRDA:52,0,0,0
BRDA:52,0,1,0
BRDA:85,1,0,0
BRDA:85,1,1,0
BRDA:90,2,0,0
BRDA:90,2,1,0
BRDA:124,3,0,0
BRDA:124,3,1,0
BRDA:128,4,0,0
BRDA:128,4,1,0
BRDA:133,5,0,0
BRDA:133,5,1,0
BRDA:167,6,0,0
BRDA:167,6,1,0
BRDA:180,7,0,0
BRDA:180,7,1,0
BRDA:181,8,0,0
BRDA:181,8,1,0
BRF:18
BRH:0
end_of_record
TN:
SF:src/components/ModalContainer/modals/Notifications/Notifications.js
FN:56,(anonymous_0)
FN:72,(anonymous_1)
FN:78,(anonymous_2)
FN:83,(anonymous_3)
FN:95,(anonymous_4)
FN:103,(anonymous_5)
FN:111,(anonymous_6)
FN:132,(anonymous_7)
FN:141,(anonymous_8)
FN:142,(anonymous_9)
FN:154,(anonymous_10)
FN:158,(anonymous_11)
FN:165,(anonymous_12)
FN:169,(anonymous_13)
FNF:14
FNH:0
FNDA:0,(anonymous_0)
FNDA:0,(anonymous_1)
FNDA:0,(anonymous_2)
FNDA:0,(anonymous_3)
FNDA:0,(anonymous_4)
FNDA:0,(anonymous_5)
FNDA:0,(anonymous_6)
FNDA:0,(anonymous_7)
FNDA:0,(anonymous_8)
FNDA:0,(anonymous_9)
FNDA:0,(anonymous_10)
FNDA:0,(anonymous_11)
FNDA:0,(anonymous_12)
FNDA:0,(anonymous_13)
DA:34,70
DA:39,70
DA:43,70
DA:52,70
DA:56,70
DA:57,0
DA:58,0
DA:59,0
DA:62,70
DA:71,70
DA:72,0
DA:78,70
DA:79,0
DA:80,0
DA:81,0
DA:82,0
DA:83,0
DA:86,0
DA:87,0
DA:88,0
DA:89,0
DA:90,0
DA:91,0
DA:92,0
DA:94,0
DA:95,0
DA:96,0
DA:99,0
DA:100,0
DA:103,0
DA:111,0
DA:133,0
DA:134,0
DA:141,0
DA:143,0
DA:144,0
DA:155,0
DA:156,0
DA:158,0
DA:166,0
DA:167,0
DA:169,0
LF:42
LH:8
BRDA:91,0,0,0
BRDA:91,0,1,0
BRDA:91,0,2,0
BRDA:116,1,0,0
BRDA:116,1,1,0
BRDA:116,2,0,0
BRDA:116,2,1,0
BRDA:122,3,0,0
BRDA:122,3,1,0
BRF:9
BRH:0
end_of_record
TN:
SF:src/components/ModalContainer/modals/Notifications/NotificationsEmptyState.js
FN:13,(anonymous_0)
FNF:1
FNH:0
FNDA:0,(anonymous_0)
DA:9,70
DA:13,70
DA:14,0
DA:16,0
LF:4
LH:2
BRF:0
BRH:0
end_of_record
TN:
SF:src/components/ModalContainer/modals/QuickChallenge/QuickChallenge.js
FN:42,(anonymous_0)
FN:67,(anonymous_1)
FN:71,(anonymous_2)
FN:74,(anonymous_3)
FN:75,(anonymous_4)
FN:104,(anonymous_5)
FN:110,(anonymous_6)
FN:120,(anonymous_7)
FN:151,(anonymous_8)
FN:152,(anonymous_9)
FN:155,(anonymous_10)
FN:156,(anonymous_11)
FN:161,(anonymous_12)
FN:169,(anonymous_13)
FN:230,(anonymous_14)
FN:258,(anonymous_15)
FN:259,(anonymous_16)
FNF:17
FNH:0
FNDA:0,(anonymous_0)
FNDA:0,(anonymous_1)
FNDA:0,(anonymous_2)
FNDA:0,(anonymous_3)
FNDA:0,(anonymous_4)
FNDA:0,(anonymous_5)
FNDA:0,(anonymous_6)
FNDA:0,(anonymous_7)
FNDA:0,(anonymous_8)
FNDA:0,(anonymous_9)
FNDA:0,(anonymous_10)
FNDA:0,(anonymous_11)
FNDA:0,(anonymous_12)
FNDA:0,(anonymous_13)
FNDA:0,(anonymous_14)
FNDA:0,(anonymous_15)
FNDA:0,(anonymous_16)
DA:29,70
DA:34,70
DA:41,70
DA:42,0
DA:51,70
DA:59,70
DA:67,70
DA:68,0
DA:69,0
DA:70,0
DA:71,0
DA:72,0
DA:73,0
DA:74,0
DA:75,0
DA:77,0
DA:104,0
DA:105,0
DA:106,0
DA:110,0
DA:115,0
DA:116,0
DA:117,0
DA:120,0
DA:152,0
DA:153,0
DA:154,0
DA:155,0
DA:156,0
DA:157,0
DA:162,0
DA:170,0
DA:231,0
DA:233,0
DA:234,0
DA:236,0
DA:240,0
DA:242,0
DA:243,0
DA:258,0
DA:259,0
DA:262,0
DA:264,0
LF:43
LH:6
BRDA:69,0,0,0
BRDA:69,0,1,0
BRDA:105,1,0,0
BRDA:105,1,1,0
BRDA:112,2,0,0
BRDA:112,2,1,0
BRDA:148,3,0,0
BRDA:148,3,1,0
BRDA:153,4,0,0
BRDA:153,4,1,0
BRDA:175,5,0,0
BRDA:175,5,1,0
BRDA:188,6,0,0
BRDA:188,6,1,0
BRDA:201,7,0,0
BRDA:201,7,1,0
BRDA:229,8,0,0
BRDA:229,8,1,0
BRDA:231,9,0,0
BRDA:231,9,1,0
BRF:20
BRH:0
end_of_record
TN:
SF:src/components/ModalContainer/modals/ReportMatchIssue/ReportMatchIssue.js
FN:55,(anonymous_0)
FN:73,(anonymous_1)
FN:82,(anonymous_2)
FN:107,(anonymous_3)
FN:121,(anonymous_4)
FN:124,(anonymous_5)
FN:160,(anonymous_6)
FN:166,(anonymous_7)
FN:176,(anonymous_8)
FN:189,(anonymous_9)
FN:200,(anonymous_10)
FN:211,(anonymous_11)
FN:223,(anonymous_12)
FN:237,(anonymous_13)
FN:245,(anonymous_14)
FN:255,(anonymous_15)
FN:268,(anonymous_16)
FN:269,(anonymous_17)
FN:285,(anonymous_18)
FN:286,(anonymous_19)
FNF:20
FNH:19
FNDA:101,(anonymous_0)
FNDA:101,(anonymous_1)
FNDA:101,(anonymous_2)
FNDA:79,(anonymous_3)
FNDA:17,(anonymous_4)
FNDA:23,(anonymous_5)
FNDA:2,(anonymous_6)
FNDA:2,(anonymous_7)
FNDA:113,(anonymous_8)
FNDA:6,(anonymous_9)
FNDA:3,(anonymous_10)
FNDA:1,(anonymous_11)
FNDA:1,(anonymous_12)
FNDA:0,(anonymous_13)
FNDA:2,(anonymous_14)
FNDA:7,(anonymous_15)
FNDA:2,(anonymous_16)
FNDA:2,(anonymous_17)
FNDA:3,(anonymous_18)
FNDA:3,(anonymous_19)
DA:26,70
DA:42,70
DA:48,70
DA:54,70
DA:55,101
DA:62,70
DA:69,70
DA:73,101
DA:78,70
DA:82,101
DA:89,70
DA:93,70
DA:99,70
DA:105,70
DA:107,79
DA:115,70
DA:121,70
DA:122,17
DA:123,17
DA:124,23
DA:125,17
DA:126,17
DA:128,17
DA:160,17
DA:161,2
DA:167,2
DA:168,2
DA:173,17
DA:177,113
DA:178,113
DA:179,113
DA:190,6
DA:200,3
DA:212,1
DA:213,1
DA:214,1
DA:224,1
DA:237,0
DA:245,2
DA:256,7
DA:257,3
DA:258,0
DA:259,0
DA:260,0
DA:263,3
DA:269,2
DA:270,2
DA:271,2
DA:276,2
DA:280,4
DA:281,4
DA:286,3
DA:287,3
DA:288,3
DA:293,3
LF:55
LH:51
BRDA:133,0,0,17
BRDA:133,0,1,0
BRDA:178,1,0,113
BRDA:178,1,1,63
BRDA:207,2,0,30
BRDA:207,2,1,83
BRDA:241,3,0,50
BRDA:241,3,1,63
BRDA:256,4,0,3
BRDA:256,4,1,4
BRDA:257,5,0,0
BRDA:257,5,1,3
BRDA:259,6,0,0
BRDA:259,6,1,0
BRDA:280,7,0,4
BRDA:280,7,1,0
BRF:16
BRH:11
end_of_record
TN:
SF:src/components/ModalContainer/modals/ReportMatchScore/ReportMatchScore.js
FN:36,(anonymous_0)
FN:55,(anonymous_1)
FN:78,(anonymous_2)
FN:85,(anonymous_3)
FN:90,(anonymous_4)
FN:91,(anonymous_5)
FN:92,(anonymous_6)
FN:96,(anonymous_7)
FN:102,(anonymous_8)
FN:111,(anonymous_9)
FN:127,(anonymous_10)
FN:141,(anonymous_11)
FN:156,(anonymous_12)
FN:170,(anonymous_13)
FN:185,(anonymous_14)
FN:198,(anonymous_15)
FN:199,(anonymous_16)
FN:215,(anonymous_17)
FN:216,(anonymous_18)
FNF:19
FNH:19
FNDA:62,(anonymous_0)
FNDA:77,(anonymous_1)
FNDA:77,(anonymous_2)
FNDA:15,(anonymous_3)
FNDA:21,(anonymous_4)
FNDA:21,(anonymous_5)
FNDA:21,(anonymous_6)
FNDA:2,(anonymous_7)
FNDA:2,(anonymous_8)
FNDA:78,(anonymous_9)
FNDA:1,(anonymous_10)
FNDA:1,(anonymous_11)
FNDA:1,(anonymous_12)
FNDA:1,(anonymous_13)
FNDA:7,(anonymous_14)
FNDA:2,(anonymous_15)
FNDA:2,(anonymous_16)
FNDA:3,(anonymous_17)
FNDA:3,(anonymous_18)
DA:25,70
DA:29,70
DA:34,70
DA:36,62
DA:43,70
DA:48,70
DA:54,70
DA:55,77
DA:64,70
DA:68,70
DA:74,70
DA:78,77
DA:85,70
DA:86,15
DA:87,15
DA:88,15
DA:89,15
DA:90,21
DA:91,21
DA:92,21
DA:93,15
DA:96,15
DA:97,2
DA:103,2
DA:108,15
DA:112,78
DA:113,78
DA:114,78
DA:128,1
DA:129,1
DA:130,1
DA:141,1
DA:157,1
DA:171,1
DA:186,7
DA:187,3
DA:188,0
DA:189,0
DA:190,0
DA:193,3
DA:199,2
DA:200,2
DA:201,2
DA:206,2
DA:210,4
DA:211,4
DA:216,3
DA:217,3
DA:218,3
DA:223,3
LF:50
LH:47
BRDA:94,0,0,14
BRDA:94,0,1,1
BRDA:113,1,0,78
BRDA:113,1,1,53
BRDA:123,2,0,15
BRDA:123,2,1,63
BRDA:137,3,0,59
BRDA:137,3,1,4
BRDA:151,4,0,53
BRDA:151,4,1,25
BRDA:165,5,0,53
BRDA:165,5,1,25
BRDA:186,6,0,3
BRDA:186,6,1,4
BRDA:187,7,0,0
BRDA:187,7,1,3
BRDA:189,8,0,0
BRDA:189,8,1,0
BRDA:210,9,0,4
BRDA:210,9,1,0
BRF:20
BRH:16
end_of_record
TN:
SF:src/components/ModalContainer/modals/RulesModal/RulesModal.js
FN:34,(anonymous_0)
FN:38,(anonymous_1)
FN:41,(anonymous_2)
FN:49,(anonymous_3)
FN:50,(anonymous_4)
FN:59,(anonymous_5)
FN:63,(anonymous_6)
FN:70,(anonymous_7)
FN:74,(anonymous_8)
FN:76,(anonymous_9)
FN:86,(anonymous_10)
FN:89,(anonymous_11)
FN:101,(anonymous_12)
FN:102,(anonymous_13)
FN:112,(anonymous_14)
[...]
DA:64,6
DA:65,6
DA:68,19
DA:70,19
DA:71,2
DA:78,2
DA:79,1
DA:81,2
DA:82,2
DA:89,0
DA:90,0
DA:91,0
DA:92,0
DA:93,0
DA:94,0
DA:98,2
DA:99,2
DA:108,19
DA:130,231
DA:131,9
DA:132,9
DA:135,231
DA:145,9
DA:146,9
DA:147,0
DA:150,0
DA:151,0
DA:163,9
DA:164,9
DA:165,0
DA:168,0
DA:169,0
DA:191,2
DA:199,9
DA:206,9
DA:207,9
DA:208,0
DA:235,0
LF:49
LH:35
BRDA:63,0,0,6
BRDA:63,0,1,13
BRDA:78,1,0,1
BRDA:78,1,1,1
BRDA:91,2,0,0
BRDA:91,2,1,0
BRDA:93,3,0,0
BRDA:93,3,1,0
BRDA:146,4,0,0
BRDA:146,4,1,9
BRDA:156,5,0,231
BRDA:156,5,1,12
BRDA:156,5,2,12
BRDA:164,6,0,0
BRDA:164,6,1,9
BRDA:174,7,0,231
BRDA:174,7,1,12
BRDA:174,7,2,12
BRDA:184,8,0,231
BRDA:184,8,1,12
BRDA:186,9,0,231
BRDA:186,9,1,79
BRDA:194,10,0,79
BRDA:194,10,1,6
BRDA:194,10,2,6
BRDA:204,11,0,63
BRDA:204,11,1,168
BRDA:213,12,0,231
BRDA:213,12,1,63
BRDA:219,13,0,231
BRDA:219,13,1,141
BRDA:223,14,0,170
BRDA:223,14,1,61
BRDA:223,15,0,231
BRDA:223,15,1,61
BRDA:228,16,0,231
BRDA:228,16,1,61
BRF:37
BRH:31
end_of_record
TN:
SF:src/features/Signup/components/FormView.styles.js
FN:10,(anonymous_0)
FN:32,(anonymous_1)
FN:33,(anonymous_2)
FN:37,(anonymous_3)
FN:77,(anonymous_4)
FN:83,(anonymous_5)
FNF:6
FNH:6
FNDA:34,(anonymous_0)
FNDA:220,(anonymous_1)
FNDA:220,(anonymous_2)
FNDA:220,(anonymous_3)
FNDA:220,(anonymous_4)
FNDA:132,(anonymous_5)
DA:8,3
DA:10,3
DA:11,34
DA:28,3
DA:32,220
DA:33,220
DA:36,3
DA:37,220
DA:42,3
DA:50,3
DA:54,3
DA:58,3
DA:67,3
DA:72,3
DA:77,220
DA:82,3
DA:83,132
LF:17
LH:17
BRDA:33,0,0,220
BRDA:33,0,1,0
BRF:2
BRH:1
end_of_record
TN:
SF:src/features/StreamsCarousel/StreamItem.js
FN:49,StreamItem
FN:54,(anonymous_1)
FNF:2
FNH:2
FNDA:8,StreamItem
FNDA:8,(anonymous_1)
DA:11,2
DA:20,2
DA:24,2
DA:31,2
DA:33,2
DA:38,2
DA:43,2
DA:50,8
DA:51,8
DA:52,8
DA:53,8
DA:54,8
DA:55,8
LF:13
LH:13
BRF:0
BRH:0
end_of_record
TN:
SF:src/features/StreamsCarousel/StreamsCarousel.js
FN:18,(anonymous_0)
FN:25,StreamsCarousel
FN:29,(anonymous_2)
FN:37,(anonymous_3)
FN:53,(anonymous_4)
FN:54,(anonymous_5)
FNF:6
FNH:6
FNDA:4,(anonymous_0)
FNDA:18,StreamsCarousel
FNDA:9,(anonymous_2)
FNDA:5,(anonymous_3)
FNDA:8,(anonymous_4)
FNDA:1,(anonymous_5)
DA:15,2
DA:18,4
DA:26,18
DA:27,18
DA:28,18
DA:29,18
DA:30,9
DA:31,9
DA:35,18
DA:37,18
DA:38,5
DA:41,18
DA:54,8
LF:13
LH:13
BRDA:30,0,0,9
BRDA:30,0,1,0
BRDA:42,1,0,18
BRDA:42,1,1,4
BRF:4
BRH:3
end_of_record
TN:
SF:src/features/TermsOfService/TermsOfService.js
FN:16,(anonymous_0)
FN:19,(anonymous_1)
FN:61,(anonymous_2)
FN:76,(anonymous_3)
FN:90,(anonymous_4)
FN:109,(anonymous_5)
FN:118,(anonymous_6)
FNF:7
FNH:0
FNDA:0,(anonymous_0)
FNDA:0,(anonymous_1)
FNDA:0,(anonymous_2)
FNDA:0,(anonymous_3)
FNDA:0,(anonymous_4)
FNDA:0,(anonymous_5)
FNDA:0,(anonymous_6)
DA:15,1
DA:16,0
DA:19,0
DA:22,1
DA:29,1
DA:37,1
DA:39,1
DA:45,1
DA:51,1
DA:61,1
DA:62,0
DA:63,0
DA:64,0
DA:65,0
DA:67,0
DA:69,0
DA:77,0
DA:90,0
DA:110,0
DA:111,0
DA:119,0
DA:120,0
LF:22
LH:8
BRDA:86,0,0,0
BRDA:86,0,1,0
BRDA:93,1,0,0
BRDA:93,1,1,0
BRF:4
BRH:0
end_of_record
TN:
SF:src/features/Tournaments/TournamentsTab.js
FN:85,(anonymous_0)
FN:122,(anonymous_1)
FN:126,(anonymous_2)
FN:130,(anonymous_3)
FN:135,(anonymous_4)
FN:136,(anonymous_5)
FN:138,(anonymous_6)
FN:140,(anonymous_7)
FN:159,(anonymous_8)
FN:160,(anonymous_9)
FN:163,(anonymous_10)
FN:191,(anonymous_11)
FN:213,(anonymous_12)
FN:219,(anonymous_13)
FN:241,(anonymous_14)
FN:270,(anonymous_15)
FNF:16
FNH:13
FNDA:17,(anonymous_0)
FNDA:10,(anonymous_1)
FNDA:10,(anonymous_2)
FNDA:42,(anonymous_3)
FNDA:0,(anonymous_4)
FNDA:0,(anonymous_5)
FNDA:89,(anonymous_6)
FNDA:25,(anonymous_7)
FNDA:115,(anonymous_8)
FNDA:51,(anonymous_9)
FNDA:2,(anonymous_10)
FNDA:1,(anonymous_11)
FNDA:2,(anonymous_12)
FNDA:1,(anonymous_13)
FNDA:1,(anonymous_14)
FNDA:0,(anonymous_15)
DA:30,2
DA:33,2
DA:40,2
DA:51,2
DA:57,2
DA:65,2
DA:72,2
DA:76,2
DA:83,2
DA:86,17
DA:94,2
DA:106,2
DA:112,2
DA:119,2
DA:122,10
DA:125,2
DA:126,10
DA:130,2
DA:131,42
DA:132,41
DA:133,41
DA:134,41
DA:135,0
DA:136,0
DA:138,89
DA:139,41
DA:140,41
DA:141,25
DA:142,12
DA:146,41
DA:147,41
DA:148,41
DA:149,41
DA:151,41
DA:156,41
DA:159,115
DA:160,41
DA:161,51
DA:164,2
DA:165,2
DA:166,2
DA:173,41
DA:178,41
DA:192,1
DA:193,1
DA:194,1
DA:214,2
DA:215,1
DA:220,1
DA:225,1
DA:226,1
DA:228,0
DA:232,0
DA:234,1
DA:242,1
DA:270,0
LF:56
LH:51
BRDA:86,0,0,3
BRDA:86,0,1,14
BRDA:122,1,0,0
BRDA:122,1,1,10
BRDA:126,2,0,0
BRDA:126,2,1,10
BRDA:141,3,0,12
BRDA:141,3,1,13
BRDA:148,4,0,6
BRDA:148,4,1,35
BRDA:149,5,0,6
BRDA:149,5,1,35
BRDA:159,6,0,17
BRDA:159,6,1,24
BRDA:159,7,0,41
BRDA:159,7,1,41
BRDA:170,8,0,51
BRDA:170,8,1,17
BRDA:209,9,0,7
BRDA:209,9,1,34
BRDA:214,10,0,1
BRDA:214,10,1,1
BRDA:250,11,0,3
BRDA:250,11,1,4
BRF:24
BRH:22
end_of_record
TN:
SF:src/features/Tournaments/TournamentBracket/TournamentBracket.js
FN:55,(anonymous_0)
FN:141,(anonymous_1)
FN:191,(anonymous_2)
FN:198,(anonymous_3)
FN:204,(anonymous_4)
FN:211,(anonymous_5)
FN:224,(anonymous_6)
FN:229,(anonymous_7)
FN:236,(anonymous_8)
FN:238,(anonymous_9)
FN:253,(anonymous_10)
FN:264,(anonymous_11)
FN:289,(anonymous_12)
FN:293,(anonymous_13)
FN:303,(anonymous_14)
FN:305,(anonymous_15)
FNF:16
FNH:14
FNDA:152,(anonymous_0)
FNDA:56,(anonymous_1)
FNDA:28,(anonymous_2)
FNDA:76,(anonymous_3)
FNDA:40,(anonymous_4)
FNDA:23,(anonymous_5)
FNDA:14,(anonymous_6)
FNDA:8,(anonymous_7)
FNDA:8,(anonymous_8)
FNDA:13,(anonymous_9)
FNDA:0,(anonymous_10)
FNDA:6,(anonymous_11)
FNDA:76,(anonymous_12)
FNDA:0,(anonymous_13)
FNDA:152,(anonymous_14)
FNDA:1120,(anonymous_15)
DA:18,3
DA:28,3
DA:33,3
DA:34,3
DA:42,3
DA:50,3
DA:53,3
DA:55,152
DA:65,3
DA:77,3
DA:81,3
DA:85,3
DA:92,3
DA:99,3
DA:104,3
DA:112,3
DA:118,3
DA:125,3
DA:131,3
DA:136,3
DA:141,56
DA:146,3
DA:157,3
DA:169,3
DA:179,3
DA:191,3
DA:192,28
DA:193,28
DA:194,28
DA:195,28
DA:196,28
DA:197,28
DA:198,28
DA:199,76
DA:200,0
DA:203,76
DA:204,40
DA:205,10
DA:208,66
DA:211,28
DA:212,23
DA:217,9
DA:218,14
DA:219,14
DA:222,0
DA:224,28
DA:225,14
DA:226,14
DA:227,3
DA:228,2
DA:229,8
DA:230,2
DA:233,14
DA:236,28
DA:237,8
DA:238,13
DA:240,28
DA:253,0
DA:264,6
DA:290,76
DA:293,0
DA:304,152
DA:305,1120
DA:307,152
DA:309,152
LF:65
LH:61
BRDA:55,0,0,142
BRDA:55,0,1,10
BRDA:141,1,0,21
BRDA:141,1,1,35
BRDA:199,2,0,0
BRDA:199,2,1,76
BRDA:203,3,0,10
BRDA:203,3,1,66
BRDA:212,4,0,9
BRDA:212,4,1,14
BRDA:218,5,0,14
BRDA:218,5,1,0
BRDA:226,6,0,3
BRDA:226,6,1,11
BRDA:227,7,0,2
BRDA:227,7,1,1
BRDA:227,8,0,3
BRDA:227,8,1,3
BRDA:243,9,0,28
BRDA:243,9,1,28
BRDA:248,10,0,28
BRDA:248,10,1,23
BRDA:259,11,0,16
BRDA:259,11,1,12
BRDA:270,12,0,5
BRDA:270,12,1,23
BRDA:275,13,0,28
BRDA:275,13,1,5
BRDA:281,14,0,2
BRDA:281,14,1,3
BRDA:283,15,0,5
BRDA:283,15,1,2
BRDA:284,16,0,2
BRDA:284,16,1,3
BRDA:299,17,0,76
BRDA:299,17,1,72
BRDA:307,18,0,20
BRDA:307,18,1,132
BRDA:307,19,0,152
BRDA:307,19,1,132
BRDA:310,20,0,132
BRDA:310,20,1,20
BRDA:311,21,0,132
BRDA:311,21,1,20
BRDA:312,22,0,152
BRDA:312,22,1,142
BRDA:312,22,2,10
BRDA:326,23,0,132
BRDA:326,23,1,20
BRDA:328,24,0,152
BRDA:328,24,1,132
BRDA:329,25,0,132
BRDA:329,25,1,20
BRF:53
BRH:51
end_of_record
TN:
SF:src/features/Tournaments/TournamentOverview/TournamentDetails.js
FN:23,(anonymous_0)
FN:52,(anonymous_1)
FN:54,(anonymous_2)
FN:55,(anonymous_3)
FN:80,(anonymous_4)
FNF:5
FNH:5
FNDA:126,(anonymous_0)
FNDA:21,(anonymous_1)
FNDA:29,(anonymous_2)
FNDA:29,(anonymous_3)
FNDA:84,(anonymous_4)
DA:14,4
DA:17,4
DA:23,126
DA:25,4
DA:30,4
DA:36,4
DA:39,4
DA:45,4
DA:52,4
DA:53,21
DA:54,29
DA:55,29
DA:57,21
DA:58,21
DA:81,84
LF:15
LH:15
BRDA:23,0,0,21
BRDA:23,0,1,105
BRF:2
BRH:2
end_of_record
TN:
SF:src/features/Tournaments/TournamentOverview/TournamentOverview.js
FN:43,(anonymous_0)
FN:47,(anonymous_1)
FN:49,(anonymous_2)
FN:51,(anonymous_3)
FN:69,(anonymous_4)
FN:80,(anonymous_5)
FN:83,(anonymous_6)
FN:97,(anonymous_7)
FN:102,(anonymous_8)
FNF:9
FNH:9
FNDA:80,(anonymous_0)
FNDA:80,(anonymous_1)
FNDA:80,(anonymous_2)
FNDA:80,(anonymous_3)
FNDA:80,(anonymous_4)
FNDA:20,(anonymous_5)
FNDA:28,(anonymous_6)
FNDA:80,(anonymous_7)
FNDA:3,(anonymous_8)
DA:17,3
DA:25,3
DA:32,3
DA:33,3
DA:37,3
DA:43,80
DA:47,80
DA:49,80
DA:51,80
DA:54,3
DA:67,3
DA:69,80
DA:76,3
DA:80,3
DA:81,20
DA:82,20
DA:83,28
DA:84,20
DA:85,20
DA:91,20
DA:98,80
DA:103,3
DA:104,3
DA:106,3
LF:24
LH:24
BRDA:43,0,0,20
BRDA:43,0,1,60
BRDA:47,1,0,20
BRDA:47,1,1,60
BRDA:49,2,0,20
BRDA:49,2,1,60
BRDA:51,3,0,20
BRDA:51,3,1,60
BRDA:69,4,0,20
BRDA:69,4,1,60
BRDA:84,5,0,20
BRDA:84,5,1,20
BRDA:103,6,0,3
BRDA:103,6,1,0
BRDA:117,7,0,17
BRDA:117,7,1,3
BRDA:119,8,0,1
BRDA:119,8,1,2
BRDA:124,9,0,1
BRDA:124,9,1,1
BRF:20
BRH:19
end_of_record
TN:
SF:src/features/Tournaments/TournamentOverview/TournamentPrize.js
FN:39,(anonymous_0)
FN:43,(anonymous_1)
FN:46,(anonymous_2)
FN:54,(anonymous_3)
FN:58,(anonymous_4)
FN:65,(anonymous_5)
FN:68,(anonymous_6)
FN:82,(anonymous_7)
FN:84,shiftArrayToRight
FN:90,(anonymous_9)
FN:98,(anonymous_10)
FN:103,(anonymous_11)
FNF:12
FNH:12
FNDA:6,(anonymous_0)
FNDA:6,(anonymous_1)
FNDA:6,(anonymous_2)
FNDA:6,(anonymous_3)
FNDA:6,(anonymous_4)
FNDA:6,(anonymous_5)
FNDA:6,(anonymous_6)
FNDA:6,(anonymous_7)
FNDA:4,shiftArrayToRight
FNDA:4,(anonymous_9)
FNDA:20,(anonymous_10)
FNDA:6,(anonymous_11)
DA:11,4
DA:12,4
DA:13,4
DA:15,4
DA:20,4
DA:25,4
DA:31,4
DA:37,4
DA:39,6
DA:42,4
DA:43,6
DA:45,4
DA:46,6
DA:50,4
DA:54,6
DA:57,4
DA:58,6
DA:62,4
DA:65,6
DA:67,4
DA:68,6
DA:73,4
DA:79,4
DA:82,6
DA:85,4
DA:86,4
DA:87,4
DA:90,4
DA:91,4
DA:92,4
DA:99,20
DA:104,6
DA:105,6
DA:110,6
LF:34
LH:34
BRDA:39,0,0,4
BRDA:39,0,1,2
BRDA:43,1,0,4
BRDA:43,1,1,2
BRDA:46,2,0,4
BRDA:46,2,1,2
BRDA:54,3,0,4
BRDA:54,3,1,2
BRDA:58,4,0,4
BRDA:58,4,1,2
BRDA:65,5,0,4
BRDA:65,5,1,2
BRDA:68,6,0,4
BRDA:68,6,1,2
BRDA:82,7,0,4
BRDA:82,7,1,2
BRF:16
BRH:16
end_of_record
TN:
SF:src/features/Tournaments/TournamentOverview/TournamentSchedule.js
FN:23,(anonymous_0)
FN:35,(anonymous_1)
FNF:2
FNH:2
FNDA:4,(anonymous_0)
FNDA:12,(anonymous_1)
DA:9,4
DA:13,4
DA:23,4
DA:24,4
DA:25,4
DA:36,12
LF:6
LH:6
BRF:0
BRH:0
end_of_record
TN:
SF:src/features/Tournaments/TournamentParticipants/TournamentParticipants.js
FN:85,(anonymous_0)
FN:91,(anonymous_1)
FNF:2
FNH:2
FNDA:4,(anonymous_0)
FNDA:40,(anonymous_1)
DA:11,3
DA:21,3
DA:24,3
DA:34,3
DA:45,3
DA:52,3
DA:61,3
DA:66,3
DA:74,3
DA:80,3
DA:85,3
DA:86,4
DA:87,4
DA:92,40
DA:93,40
LF:15
LH:15
BRDA:96,0,0,40
BRDA:96,0,1,32
BRDA:96,0,2,0
BRDA:99,1,0,32
BRDA:99,1,1,8
BRDA:102,2,0,32
BRDA:102,2,1,8
BRDA:104,3,0,40
BRDA:104,3,1,32
BRDA:105,4,0,32
BRDA:105,4,1,8
BRF:11
BRH:10
end_of_record
TN:
SF:src/features/Tournaments/components/CrownImage.js
FN:46,(anonymous_0)
FNF:1
FNH:1
FNDA:197,(anonymous_0)
DA:9,4
DA:13,4
DA:21,4
DA:29,4
DA:34,4
DA:41,4
DA:46,4
DA:47,197
LF:8
LH:8
BRDA:50,0,0,157
BRDA:50,0,1,40
BRDA:52,1,0,157
BRDA:52,1,1,40
BRDA:54,2,0,157
BRDA:54,2,1,40
BRDA:58,3,0,157
BRDA:58,3,1,40
BRDA:64,4,0,166
BRDA:64,4,1,31
BRDA:66,5,0,197
BRDA:66,5,1,0
BRF:12
BRH:11
end_of_record
TN:
SF:src/features/Veriff/Veriff.js
FN:9,(anonymous_0)
FNF:1
FNH:0
FNDA:0,(anonymous_0)
DA:9,1
DA:10,0
LF:2
LH:1
BRF:0
BRH:0
end_of_record
TN:
SF:src/features/Veriff/VerrifComponent.js
FN:29,(anonymous_0)
FN:38,(anonymous_1)
FN:46,(anonymous_2)
FN:57,(anonymous_3)
FN:63,(anonymous_4)
FN:92,(anonymous_5)
FN:108,(anonymous_6)
FN:139,(anonymous_7)
FNF:8
FNH:0
FNDA:0,(anonymous_0)
FNDA:0,(anonymous_1)
FNDA:0,(anonymous_2)
FNDA:0,(anonymous_3)
FNDA:0,(anonymous_4)
FNDA:0,(anonymous_5)
FNDA:0,(anonymous_6)
FNDA:0,(anonymous_7)
DA:23,1
DA:28,1
DA:29,0
DA:36,1
DA:38,0
DA:41,1
DA:46,1
DA:47,0
DA:48,0
DA:49,0
DA:51,0
DA:52,0
DA:53,0
DA:54,0
DA:55,0
DA:57,0
DA:58,0
DA:59,0
DA:63,0
DA:64,0
DA:65,0
DA:66,0
DA:67,0
DA:71,0
DA:93,0
DA:109,0
DA:140,0
LF:27
LH:5
BRDA:58,0,0,0
BRDA:58,0,1,0
BRDA:58,1,0,0
BRDA:58,1,1,0
BRDA:64,2,0,0
BRDA:64,2,1,0
BRDA:79,3,0,0
BRDA:79,3,1,0
BRDA:81,4,0,0
BRDA:81,4,1,0
BRDA:83,5,0,0
BRDA:83,5,1,0
BRDA:123,6,0,0
BRDA:123,6,1,0
BRDA:123,6,2,0
BRDA:123,6,3,0
BRDA:127,7,0,0
BRDA:127,7,1,0
BRDA:127,7,2,0
BRDA:127,7,3,0
BRDA:131,8,0,0
BRDA:131,8,1,0
BRDA:131,8,2,0
BRF:23
BRH:0
end_of_record
TN:
SF:src/features/VerificationCodeStep/VerificationCodeStep.js
FN:49,(anonymous_0)
FN:72,(anonymous_1)
FN:78,(anonymous_2)
FN:96,(anonymous_3)
FN:98,(anonymous_4)
FN:104,(anonymous_5)
FN:118,(anonymous_6)
FN:140,(anonymous_7)
FN:144,(anonymous_8)
FN:145,(anonymous_9)
FN:146,(anonymous_10)
FN:190,(anonymous_11)
FN:199,(anonymous_12)
FN:207,(anonymous_13)
FN:210,(anonymous_14)
FN:221,(anonymous_15)
FN:224,(anonymous_16)
FN:259,(anonymous_17)
FN:267,(anonymous_18)
FN:277,(anonymous_19)
FN:293,(anonymous_20)
FN:303,(anonymous_21)
FN:313,(anonymous_22)
FNF:23
FNH:0
FNDA:0,(anonymous_0)
FNDA:0,(anonymous_1)
FNDA:0,(anonymous_2)
FNDA:0,(anonymous_3)
FNDA:0,(anonymous_4)
FNDA:0,(anonymous_5)
FNDA:0,(anonymous_6)
FNDA:0,(anonymous_7)
FNDA:0,(anonymous_8)
FNDA:0,(anonymous_9)
FNDA:0,(anonymous_10)
FNDA:0,(anonymous_11)
FNDA:0,(anonymous_12)
FNDA:0,(anonymous_13)
FNDA:0,(anonymous_14)
FNDA:0,(anonymous_15)
FNDA:0,(anonymous_16)
FNDA:0,(anonymous_17)
FNDA:0,(anonymous_18)
FNDA:0,(anonymous_19)
FNDA:0,(anonymous_20)
FNDA:0,(anonymous_21)
FNDA:0,(anonymous_22)
DA:28,1
DA:32,1
DA:37,1
DA:50,0
DA:55,1
DA:61,1
DA:67,1
DA:71,1
DA:72,0
DA:77,1
DA:78,1
DA:83,0
DA:84,0
DA:85,0
DA:86,0
DA:87,0
DA:88,0
DA:89,0
DA:90,0
DA:91,0
DA:96,0
DA:97,0
DA:98,0
DA:99,0
DA:104,0
DA:105,0
DA:106,0
DA:110,0
DA:119,0
DA:126,0
DA:145,0
DA:146,0
DA:147,0
DA:149,0
DA:151,0
DA:191,0
DA:200,0
DA:201,0
DA:202,0
DA:208,0
DA:211,0
DA:214,0
DA:216,0
DA:222,0
DA:225,0
DA:228,0
DA:260,0
DA:261,0
DA:262,0
DA:268,0
DA:274,0
DA:275,0
DA:278,0
DA:282,0
DA:294,0
DA:301,0
DA:304,0
DA:313,0
LF:58
LH:9
BRDA:50,0,0,0
BRDA:50,0,1,0
BRDA:72,1,0,0
BRDA:72,1,1,0
BRDA:80,2,0,0
BRDA:97,3,0,0
BRDA:97,3,1,0
BRDA:105,4,0,0
BRDA:105,4,1,0
BRDA:111,5,0,0
BRDA:111,5,1,0
BRDA:130,6,0,0
BRDA:130,6,1,0
BRDA:158,7,0,0
BRDA:158,7,1,0
BRDA:171,8,0,0
BRDA:171,8,1,0
BRDA:171,9,0,0
BRDA:171,9,1,0
BRDA:173,10,0,0
BRDA:173,10,1,0
BRDA:192,11,0,0
BRDA:192,11,1,0
BRDA:192,12,0,0
BRDA:192,12,1,0
BRDA:201,13,0,0
BRDA:201,13,1,0
BRDA:234,14,0,0
BRDA:234,14,1,0
BRDA:237,15,0,0
BRDA:237,15,1,0
BRDA:245,16,0,0
BRDA:245,16,1,0
BRDA:254,17,0,0
BRDA:254,17,1,0
BRDA:258,18,0,0
BRDA:258,18,1,0
BRDA:261,19,0,0
BRDA:261,19,1,0
BRF:39
BRH:0
end_of_record
TN:
SF:src/features/Wallet/Wallet.js
FN:15,(anonymous_0)
FNF:1
FNH:1
FNDA:1,(anonymous_0)
DA:9,2
DA:15,2
DA:16,1
LF:3
LH:3
BRF:0
BRH:0
end_of_record
TN:
SF:src/features/WinnerScreen/WinnerScreen.js
FN:58,(anonymous_0)
FN:64,(anonymous_1)
FN:67,(anonymous_2)
FN:74,(anonymous_3)
FN:84,(anonymous_4)
FN:87,(anonymous_5)
FN:117,(anonymous_6)
FN:128,(anonymous_7)
FN:151,(anonymous_8)
FNF:9
FNH:9
FNDA:36,(anonymous_0)
FNDA:36,(anonymous_1)
FNDA:36,(anonymous_2)
FNDA:36,(anonymous_3)
FNDA:15,(anonymous_4)
FNDA:12,(anonymous_5)
FNDA:2,(anonymous_6)
FNDA:1,(anonymous_7)
FNDA:1,(anonymous_8)
DA:27,2
DA:35,2
DA:42,2
DA:46,2
DA:58,2
DA:59,36
DA:60,36
DA:62,36
DA:63,36
DA:64,36
DA:67,36
DA:68,36
DA:71,36
DA:74,36
DA:75,36
DA:76,36
DA:77,36
DA:78,36
DA:79,36
DA:80,36
DA:83,36
DA:84,15
DA:87,36
DA:88,12
DA:89,0
DA:97,36
DA:99,36
DA:101,36
DA:102,15
DA:103,9
DA:109,36
DA:110,15
DA:111,15
DA:112,0
DA:117,36
DA:118,2
DA:119,1
DA:124,1
DA:128,36
DA:129,1
DA:134,1
DA:137,36
DA:151,1
LF:43
LH:41
BRDA:64,0,0,0
BRDA:64,0,1,36
BRDA:68,1,0,15
BRDA:68,1,1,21
BRDA:71,2,0,21
BRDA:71,2,1,15
BRDA:75,3,0,36
BRDA:75,3,1,0
BRDA:83,4,0,15
BRDA:83,4,1,21
BRDA:88,5,0,0
BRDA:88,5,1,12
BRDA:88,6,0,12
BRDA:88,6,1,7
BRDA:101,7,0,15
BRDA:101,7,1,21
BRDA:101,8,0,36
BRDA:101,8,1,15
BRDA:102,9,0,9
BRDA:102,9,1,6
BRDA:109,10,0,15
BRDA:109,10,1,21
BRDA:111,11,0,0
BRDA:111,11,1,15
BRDA:118,12,0,1
BRDA:118,12,1,1
BRDA:157,13,0,15
BRDA:157,13,1,21
BRDA:158,14,0,9
BRDA:158,14,1,6
BRDA:159,15,0,3
BRDA:159,15,1,6
BRDA:162,16,0,3
BRDA:162,16,1,3
BRDA:165,17,0,9
BRDA:165,17,1,12
BRDA:171,18,0,15
BRDA:171,18,1,21
BRDA:171,19,0,36
BRDA:171,19,1,15
BRDA:174,20,0,0
BRDA:174,20,1,21
BRDA:184,21,0,12
BRDA:184,21,1,24
BRDA:194,22,0,15
BRDA:194,22,1,21
BRF:46
BRH:41
end_of_record
TN:
SF:src/features/WinnerScreen/components/OpponentInfo.js
FN:49,(anonymous_0)
FN:51,(anonymous_1)
FNF:2
FNH:2
FNDA:19,(anonymous_0)
FNDA:30,(anonymous_1)
DA:8,3
DA:16,3
DA:19,3
DA:25,3
DA:32,3
DA:40,3
DA:44,3
DA:49,19
DA:51,3
DA:52,30
DA:54,30
LF:11
LH:11
BRDA:49,0,0,12
BRDA:49,0,1,7
BRDA:63,1,0,30
BRDA:63,1,1,19
BRDA:64,2,0,12
BRDA:64,2,1,7
BRF:6
BRH:6
end_of_record
TN:
SF:src/features/WinnerScreen/components/WinLoseAmount.js
FN:20,(anonymous_0)
FN:32,(anonymous_1)
FNF:2
FNH:2
FNDA:17,(anonymous_0)
FNDA:17,(anonymous_1)
DA:8,3
DA:15,3
DA:20,17
DA:22,3
DA:32,3
DA:33,17
DA:34,17
DA:35,17
LF:8
LH:8
BRDA:20,0,0,8
BRDA:20,0,1,9
BRDA:37,1,0,8
BRDA:37,1,1,9
BRDA:38,2,0,8
BRDA:38,2,1,9
BRF:6
BRH:6
end_of_record
TN:
SF:src/features/WinnerScreen/components/WinnerLoseAvatar.js
FN:61,(anonymous_0)
FN:92,(anonymous_1)
FN:94,(anonymous_2)
FNF:3
FNH:3
FNDA:28,(anonymous_0)
FNDA:28,(anonymous_1)
FNDA:28,(anonymous_2)
DA:13,3
DA:17,3
DA:22,3
DA:31,3
DA:37,3
DA:44,3
DA:52,3
DA:57,3
DA:61,28
DA:63,3
DA:70,3
DA:76,3
DA:85,3
DA:92,3
DA:93,28
DA:94,28
DA:96,28
LF:17
LH:17
BRDA:90,0,0,0
BRDA:90,0,1,3
BRDA:101,1,0,28
BRDA:101,1,1,28
BRDA:107,2,0,28
BRDA:107,2,1,1
BRF:6
BRH:5
end_of_record
TN:
SF:src/global-styles/theme.js
FNF:0
FNH:0
DA:3,70
DA:66,70
DA:88,70
DA:99,70
LF:4
LH:4
BRF:0
BRH:0
end_of_record
TN:
SF:src/utils/calculationHelpers.js
FN:3,(anonymous_0)
FNF:1
FNH:1
FNDA:38,(anonymous_0)
DA:3,3
DA:4,38
LF:2
LH:2
BRDA:4,0,0,1
BRDA:4,0,1,37
BRF:2
BRH:2
end_of_record
TN:
SF:src/utils/icons.js
FNF:0
FNH:0
DA:1,70
LF:1
LH:1
BRF:0
BRH:0
end_of_record
TN:
SF:src/utils/numbers.js
FN:1,(anonymous_0)
FNF:1
FNH:1
FNDA:55,(anonymous_0)
DA:1,7
DA:2,55
DA:3,55
DA:4,55
DA:5,49
DA:7,38
DA:9,4
DA:11,4
DA:13,3
LF:9
LH:9
BRDA:4,0,0,6
BRDA:4,0,1,49
BRDA:4,1,0,55
BRDA:4,1,1,15
BRDA:5,2,0,38
BRDA:5,2,1,4
BRDA:5,2,2,4
BRDA:5,2,3,3
BRF:8
BRH:8
end_of_record
TN:
SF:src/utils/strings.js
FN:2,(anonymous_0)
FNF:1
FNH:1
FNDA:3,(anonymous_0)
DA:2,1
DA:3,3
DA:4,3
LF:3
LH:3
BRF:0
BRH:0
end_of_record
TN:
SF:src/utils/syncEndpointCall.js
FN:6,(anonymous_0)
FN:10,(anonymous_1)
FN:16,(anonymous_2)
FN:17,(anonymous_3)
FNF:4
FNH:3
FNDA:334,(anonymous_0)
FNDA:40,(anonymous_1)
FNDA:5,(anonymous_2)
FNDA:0,(anonymous_3)
DA:6,70
DA:7,334
DA:8,334
DA:10,334
DA:22,40
DA:23,10
DA:25,40
DA:26,35
DA:28,11
DA:30,35
DA:31,6
DA:32,6
DA:33,6
DA:34,6
DA:35,6
DA:41,29
DA:42,16
DA:46,16
DA:47,3
DA:49,16
DA:51,29
LF:21
LH:21
BRDA:13,0,0,6
BRDA:14,1,0,11
BRDA:15,2,0,34
BRDA:16,3,0,5
BRDA:17,4,0,12
BRDA:18,5,0,37
BRDA:19,6,0,11
BRDA:20,7,0,10
BRDA:22,8,0,10
BRDA:22,8,1,30
BRDA:26,9,0,11
BRDA:26,9,1,24
BRDA:30,10,0,6
BRDA:30,10,1,29
BRDA:31,11,0,1
BRDA:31,11,1,5
BRDA:34,12,0,6
BRDA:34,12,1,0
BRDA:34,13,0,6
BRDA:34,13,1,6
BRDA:34,14,0,6
BRDA:34,14,1,1
BRDA:41,15,0,16
BRDA:41,15,1,13
BRDA:46,16,0,3
BRDA:46,16,1,13
BRF:26
BRH:25
end_of_record
TN:
SF:src/utils/useAddFriendUserDisabled.js
FN:5,(anonymous_0)
FN:8,(anonymous_1)
FN:12,(anonymous_2)
FNF:3
FNH:0
FNDA:0,(anonymous_0)
FNDA:0,(anonymous_1)
FNDA:0,(anonymous_2)
DA:5,2
DA:6,0
DA:7,0
DA:8,0
DA:9,0
DA:11,0
DA:12,0
DA:13,0
DA:14,0
DA:16,0
LF:10
LH:1
BRDA:8,0,0,0
BRDA:8,0,1,0
BRDA:13,1,0,0
BRDA:13,1,1,0
BRF:4
BRH:0
end_of_record
TN:
SF:src/utils/useChallengeUserDisabled.js
FN:15,(anonymous_0)
FN:23,(anonymous_1)
FN:26,(anonymous_2)
FNF:3
FNH:2
FNDA:23,(anonymous_0)
FNDA:31,(anonymous_1)
FNDA:0,(anonymous_2)
DA:15,6
DA:16,23
DA:17,23
DA:18,23
DA:19,23
DA:22,23
DA:23,31
DA:25,23
DA:26,23
DA:27,0
DA:28,0
DA:33,23
DA:38,23
LF:13
LH:11
BRDA:22,0,0,23
BRDA:22,0,1,23
BRDA:22,0,2,23
BRDA:22,0,3,23
BRDA:27,1,0,0
BRDA:27,1,1,0
BRDA:33,2,0,23
BRDA:33,2,1,12
BRDA:33,2,2,12
BRF:9
BRH:7
end_of_record
TN:
SF:src/utils/useUsableHeight.js
FN:7,(anonymous_0)
FNF:1
FNH:1
FNDA:18,(anonymous_0)
DA:7,70
DA:8,18
DA:9,18
LF:3
LH:3
BRDA:11,0,0,18
BRDA:11,0,1,0
BRF:2
BRH:1
end_of_record
TN:
SF:src/utils/tests/cognito.js
FN:3,(anonymous_0)
FNF:1
FNH:1
FNDA:1,(anonymous_0)
DA:3,1
DA:4,1
DA:16,1
LF:3
LH:3
BRF:0
BRH:0
end_of_record
TN:
SF:src/utils/tests/reduxRender.js
FN:25,reduxRender
FN:45,Wrapper
FNF:2
FNH:2
FNDA:471,reduxRender
FNDA:471,Wrapper
DA:23,69
DA:26,471
DA:33,471
DA:43,471
DA:44,471
DA:46,471
DA:62,471
LF:7
LH:7
BRDA:25,0,0,2
BRDA:25,1,0,471
BRF:2
BRH:2
end_of_record
